mode: set
webcrawler/cmd/cartographer/pkg/fetch/fetch.go:8.56,10.2 1 0
webcrawler/cmd/cartographer/handler/flow.go:12.36,16.36 4 0
webcrawler/cmd/cartographer/handler/flow.go:16.36,25.17 6 0
webcrawler/cmd/cartographer/handler/flow.go:25.17,27.4 1 0
webcrawler/cmd/cartographer/handler/flow.go:28.3,28.37 1 0
webcrawler/cmd/cartographer/handler/flow.go:31.2,32.16 2 0
webcrawler/cmd/cartographer/handler/flow.go:32.16,34.3 1 0
webcrawler/cmd/cartographer/handler/flow.go:36.2,37.16 2 0
webcrawler/cmd/cartographer/handler/flow.go:37.16,39.3 1 0
webcrawler/cmd/cartographer/handler/flow.go:41.2,41.12 1 0
webcrawler/cmd/cartographer/handler/type.go:13.61,19.2 1 0
webcrawler/cmd/cartographer/pkg/push/push-results.go:8.70,10.2 1 0
webcrawler/cmd/cartographer/main.go:19.13,21.40 2 0
webcrawler/cmd/cartographer/main.go:21.40,23.3 1 0
webcrawler/cmd/cartographer/main.go:24.2,25.16 2 0
webcrawler/cmd/cartographer/main.go:25.16,26.13 1 0
webcrawler/cmd/cartographer/main.go:28.2,32.16 4 0
webcrawler/cmd/cartographer/main.go:32.16,34.3 1 0
webcrawler/cmd/cartographer/main.go:37.2,38.16 2 0
webcrawler/cmd/cartographer/main.go:38.16,40.3 1 0
webcrawler/cmd/conductor/main.go:29.13,32.16 3 0
webcrawler/cmd/conductor/main.go:32.16,33.13 1 0
webcrawler/cmd/conductor/main.go:37.2,38.16 2 0
webcrawler/cmd/conductor/main.go:38.16,39.13 1 0
webcrawler/cmd/conductor/main.go:41.2,48.16 6 0
webcrawler/cmd/conductor/main.go:48.16,49.13 1 0
webcrawler/cmd/conductor/main.go:51.2,57.12 5 0
webcrawler/cmd/conductor/main.go:57.12,59.3 1 0
webcrawler/cmd/conductor/main.go:61.2,62.16 2 0
webcrawler/cmd/conductor/main.go:62.16,64.3 1 0
webcrawler/cmd/conductor/main.go:67.2,68.16 2 0
webcrawler/cmd/conductor/main.go:68.16,70.3 1 0
webcrawler/cmd/conductor/handler/flow.go:8.47,10.16 2 0
webcrawler/cmd/conductor/handler/flow.go:10.16,11.13 1 0
webcrawler/cmd/conductor/handler/flow.go:13.2,14.16 2 0
webcrawler/cmd/conductor/handler/flow.go:14.17,16.3 0 0
webcrawler/cmd/conductor/handler/handler.go:20.86,26.2 1 0
webcrawler/cmd/spider/main.go:24.13,42.16 5 0
webcrawler/cmd/spider/main.go:42.16,43.13 1 0
webcrawler/cmd/spider/main.go:45.2,90.16 6 0
webcrawler/cmd/spider/main.go:90.16,91.13 1 0
webcrawler/cmd/spider/main.go:94.2,95.16 2 0
webcrawler/cmd/spider/main.go:95.16,97.3 1 0
webcrawler/cmd/spider/main.go:100.2,101.16 2 0
webcrawler/cmd/spider/main.go:101.16,103.3 1 0
webcrawler/cmd/spider/main.go:110.2,112.16 3 0
webcrawler/cmd/spider/main.go:112.16,113.13 1 0
webcrawler/cmd/spider/main.go:115.2,118.23 4 0
webcrawler/cmd/spider/handler/flow.go:11.44,13.26 1 0
webcrawler/cmd/spider/handler/flow.go:13.26,18.17 3 0
webcrawler/cmd/spider/handler/flow.go:18.17,20.4 1 0
webcrawler/cmd/spider/handler/flow.go:22.3,23.30 2 0
webcrawler/cmd/spider/handler/flow.go:23.30,26.14 2 0
webcrawler/cmd/spider/handler/flow.go:26.14,30.19 3 0
webcrawler/cmd/spider/handler/flow.go:30.19,32.6 1 0
webcrawler/cmd/spider/handler/flow.go:33.5,33.15 1 0
webcrawler/cmd/spider/handler/flow.go:33.15,37.6 3 0
webcrawler/cmd/spider/handler/flow.go:39.5,40.19 2 0
webcrawler/cmd/spider/handler/flow.go:40.19,44.6 3 0
webcrawler/cmd/spider/handler/flow.go:46.5,47.19 2 0
webcrawler/cmd/spider/handler/flow.go:47.19,50.6 2 0
webcrawler/cmd/spider/handler/flow.go:51.5,54.19 3 0
webcrawler/cmd/spider/handler/flow.go:54.19,58.6 3 0
webcrawler/cmd/spider/handler/flow.go:60.5,60.60 1 0
webcrawler/cmd/spider/handler/flow.go:60.60,63.6 2 0
webcrawler/cmd/spider/handler/flow.go:65.5,66.19 2 0
webcrawler/cmd/spider/handler/flow.go:66.19,69.6 2 0
webcrawler/cmd/spider/handler/flow.go:73.4,73.13 1 0
webcrawler/cmd/spider/handler/rpc.go:17.58,19.23 1 0
webcrawler/cmd/spider/handler/rpc.go:22.42,26.2 1 0
webcrawler/cmd/spider/handler/rpc.go:28.122,30.16 2 0
webcrawler/cmd/spider/handler/rpc.go:30.16,32.3 1 0
webcrawler/cmd/spider/handler/rpc.go:33.2,34.29 2 0
webcrawler/cmd/spider/handler/rpc.go:34.29,40.3 1 0
webcrawler/cmd/spider/handler/rpc.go:42.2,44.8 1 0
webcrawler/cmd/spider/handler/rpc.go:47.119,48.6 1 0
webcrawler/cmd/spider/handler/rpc.go:48.6,56.17 3 0
webcrawler/cmd/spider/handler/rpc.go:56.17,58.4 1 0
webcrawler/cmd/spider/handler/rpc.go:59.3,59.45 1 0
webcrawler/cmd/spider/handler/rpc.go:59.45,61.4 1 0
webcrawler/cmd/spider/handler/rpc.go:62.3,62.34 1 0
webcrawler/cmd/spider/handler/rpc.go:65.2,65.12 1 0
webcrawler/cmd/spider/handler/type.go:13.52,18.2 1 0
webcrawler/pkg/awsx/config.go:11.57,19.2 2 0
webcrawler/cmd/cartographer/pkg/graph/merge.go:3.43,4.39 1 1
webcrawler/cmd/cartographer/pkg/graph/merge.go:4.39,6.3 1 1
webcrawler/cmd/cartographer/pkg/graph/merge.go:7.2,9.31 2 1
webcrawler/cmd/cartographer/pkg/graph/merge.go:9.31,10.36 1 1
webcrawler/cmd/cartographer/pkg/graph/merge.go:10.36,12.11 2 1
webcrawler/cmd/cartographer/pkg/graph/merge.go:12.11,14.13 2 1
webcrawler/cmd/cartographer/pkg/graph/merge.go:16.4,16.47 1 1
webcrawler/cmd/cartographer/pkg/graph/merge.go:20.2,20.22 1 1
webcrawler/cmd/cartographer/pkg/graph/traverse.go:13.64,17.25 3 1
webcrawler/cmd/cartographer/pkg/graph/traverse.go:17.25,19.10 2 1
webcrawler/cmd/cartographer/pkg/graph/traverse.go:19.10,20.12 1 0
webcrawler/cmd/cartographer/pkg/graph/traverse.go:22.3,23.30 2 1
webcrawler/cmd/cartographer/pkg/graph/traverse.go:23.30,25.11 2 1
webcrawler/cmd/cartographer/pkg/graph/traverse.go:25.11,26.13 1 1
webcrawler/cmd/cartographer/pkg/graph/traverse.go:28.4,28.42 1 1
webcrawler/cmd/cartographer/pkg/graph/traverse.go:33.2,33.19 1 1
webcrawler/cmd/cartographer/pkg/graph/type.go:14.36,16.26 2 1
webcrawler/cmd/cartographer/pkg/graph/type.go:16.26,18.3 1 1
webcrawler/cmd/cartographer/pkg/graph/type.go:19.2,19.10 1 1
webcrawler/cmd/spider/pkg/formating/text.go:15.66,18.40 3 1
webcrawler/cmd/spider/pkg/formating/text.go:18.40,21.3 2 1
webcrawler/cmd/spider/pkg/formating/text.go:23.2,29.19 6 1
webcrawler/cmd/spider/pkg/formating/text.go:32.64,34.2 1 0
webcrawler/cmd/spider/pkg/formating/text.go:36.65,38.29 2 0
webcrawler/cmd/spider/pkg/formating/text.go:38.29,41.3 2 0
webcrawler/cmd/spider/pkg/formating/text.go:42.2,42.17 1 0
webcrawler/cmd/spider/pkg/formating/text.go:45.48,46.38 1 1
webcrawler/cmd/spider/pkg/formating/text.go:46.38,48.3 1 1
webcrawler/cmd/spider/pkg/formating/text.go:49.2,50.16 2 1
webcrawler/cmd/spider/pkg/formating/text.go:50.16,52.3 1 0
webcrawler/cmd/spider/pkg/formating/text.go:53.2,54.19 2 1
webcrawler/cmd/spider/pkg/formating/text.go:57.48,61.23 3 1
webcrawler/cmd/spider/pkg/formating/text.go:61.23,62.29 1 1
webcrawler/cmd/spider/pkg/formating/text.go:62.29,65.4 2 1
webcrawler/cmd/spider/pkg/formating/text.go:67.2,67.15 1 1
webcrawler/cmd/spider/pkg/formating/text.go:70.48,72.29 2 1
webcrawler/cmd/spider/pkg/formating/text.go:72.29,73.36 1 1
webcrawler/cmd/spider/pkg/formating/text.go:73.36,75.4 1 1
webcrawler/cmd/spider/pkg/formating/text.go:78.2,78.15 1 1
webcrawler/cmd/spider/pkg/formating/text.go:81.52,84.2 2 1
webcrawler/cmd/spider/pkg/formating/text.go:86.45,88.29 2 1
webcrawler/cmd/spider/pkg/formating/text.go:88.29,90.17 2 1
webcrawler/cmd/spider/pkg/formating/text.go:90.17,92.4 1 0
webcrawler/cmd/spider/pkg/formating/text.go:93.3,94.38 2 1
webcrawler/cmd/spider/pkg/formating/text.go:96.2,96.15 1 1
webcrawler/cmd/spider/pkg/formating/text.go:99.44,101.29 2 1
webcrawler/cmd/spider/pkg/formating/text.go:101.29,103.17 2 1
webcrawler/cmd/spider/pkg/formating/text.go:103.17,105.4 1 0
webcrawler/cmd/spider/pkg/formating/text.go:106.3,106.27 1 1
webcrawler/cmd/spider/pkg/formating/text.go:106.27,107.12 1 0
webcrawler/cmd/spider/pkg/formating/text.go:109.3,109.38 1 1
webcrawler/cmd/spider/pkg/formating/text.go:111.2,111.15 1 1
webcrawler/cmd/spider/pkg/formating/text.go:114.51,123.29 3 1
webcrawler/cmd/spider/pkg/formating/text.go:123.29,125.49 2 1
webcrawler/cmd/spider/pkg/formating/text.go:125.49,126.12 1 0
webcrawler/cmd/spider/pkg/formating/text.go:128.3,129.25 2 1
webcrawler/cmd/spider/pkg/formating/text.go:129.25,130.9 1 0
webcrawler/cmd/spider/pkg/formating/text.go:133.2,133.15 1 1
webcrawler/cmd/spider/pkg/site/adder.go:12.34,16.2 1 0
webcrawler/cmd/spider/pkg/site/adder.go:18.59,21.2 1 0
webcrawler/cmd/spider/pkg/site/format.go:19.53,25.16 3 0
webcrawler/cmd/spider/pkg/site/format.go:25.16,27.3 1 0
webcrawler/cmd/spider/pkg/site/format.go:29.2,30.28 2 0
webcrawler/cmd/spider/pkg/site/format.go:30.28,32.3 1 0
webcrawler/cmd/spider/pkg/site/format.go:35.2,37.16 2 0
webcrawler/cmd/spider/pkg/site/format.go:37.16,39.3 1 0
webcrawler/cmd/spider/pkg/site/format.go:41.2,44.27 4 0
webcrawler/cmd/spider/pkg/site/format.go:44.27,46.3 1 0
webcrawler/cmd/spider/pkg/site/format.go:46.8,48.3 1 0
webcrawler/cmd/spider/pkg/site/format.go:50.2,58.22 2 0
webcrawler/cmd/spider/pkg/site/format.go:61.51,64.29 3 1
webcrawler/cmd/spider/pkg/site/format.go:64.29,67.34 3 1
webcrawler/cmd/spider/pkg/site/format.go:67.34,69.4 1 1
webcrawler/cmd/spider/pkg/site/format.go:71.2,71.31 1 1
webcrawler/cmd/spider/pkg/site/format.go:71.31,73.3 1 1
webcrawler/cmd/spider/pkg/site/format.go:74.2,74.24 1 1
webcrawler/cmd/spider/pkg/site/format.go:77.57,84.2 2 0
webcrawler/cmd/spider/pkg/site/format.go:87.40,89.41 2 1
webcrawler/cmd/spider/pkg/site/format.go:89.41,91.3 1 1
webcrawler/cmd/spider/pkg/site/format.go:92.2,92.42 1 1
webcrawler/cmd/spider/pkg/site/format.go:92.42,94.3 1 1
webcrawler/cmd/spider/pkg/site/format.go:95.2,95.42 1 1
webcrawler/cmd/spider/pkg/site/format.go:95.42,97.3 1 0
webcrawler/cmd/spider/pkg/site/format.go:98.2,98.43 1 1
webcrawler/cmd/spider/pkg/site/format.go:98.43,100.3 1 1
webcrawler/cmd/spider/pkg/site/format.go:101.2,101.44 1 1
webcrawler/cmd/spider/pkg/site/format.go:101.44,103.3 1 0
webcrawler/cmd/spider/pkg/site/format.go:105.2,115.30 10 1
webcrawler/cmd/spider/pkg/site/format.go:115.30,117.3 1 1
webcrawler/cmd/spider/pkg/site/format.go:118.2,118.28 1 0
webcrawler/cmd/spider/pkg/site/format.go:121.30,125.2 2 0
webcrawler/cmd/spider/pkg/site/format.go:127.37,131.2 2 0
webcrawler/cmd/spider/pkg/site/format.go:133.36,136.2 2 1
webcrawler/cmd/spider/pkg/site/format.go:138.29,141.2 2 1
webcrawler/cmd/spider/pkg/site/format.go:143.65,145.35 2 0
webcrawler/cmd/spider/pkg/site/format.go:145.35,147.3 1 0
webcrawler/cmd/spider/pkg/site/format.go:148.2,148.14 1 0
webcrawler/cmd/spider/pkg/site/robots.go:12.48,14.2 1 0
webcrawler/cmd/spider/pkg/site/robots.go:16.50,18.16 2 1
webcrawler/cmd/spider/pkg/site/robots.go:18.16,20.3 1 1
webcrawler/cmd/spider/pkg/site/robots.go:22.2,27.16 3 1
webcrawler/cmd/spider/pkg/site/robots.go:27.16,29.3 1 1
webcrawler/cmd/spider/pkg/site/robots.go:30.2,30.44 1 1
webcrawler/cmd/spider/pkg/site/robots.go:30.44,32.3 1 1
webcrawler/cmd/spider/pkg/site/robots.go:34.2,37.16 3 1
webcrawler/cmd/spider/pkg/site/robots.go:37.16,39.3 1 0
webcrawler/cmd/spider/pkg/site/robots.go:40.2,42.40 2 1
webcrawler/cmd/spider/pkg/site/validate.go:5.49,7.25 2 1
webcrawler/cmd/spider/pkg/site/validate.go:7.25,9.3 1 1
webcrawler/cmd/spider/pkg/site/validate.go:10.2,10.13 1 1
webcrawler/pkg/generated/service/spider/spider.pb.go:33.35,38.2 4 0
webcrawler/pkg/generated/service/spider/spider.pb.go:40.43,42.2 1 0
webcrawler/pkg/generated/service/spider/spider.pb.go:44.41,44.42 0 0
webcrawler/pkg/generated/service/spider/spider.pb.go:46.63,48.14 2 0
webcrawler/pkg/generated/service/spider/spider.pb.go:48.14,50.34 2 0
webcrawler/pkg/generated/service/spider/spider.pb.go:50.34,52.4 1 0
webcrawler/pkg/generated/service/spider/spider.pb.go:53.3,53.12 1 0
webcrawler/pkg/generated/service/spider/spider.pb.go:55.2,55.24 1 0
webcrawler/pkg/generated/service/spider/spider.pb.go:59.54,61.2 1 0
webcrawler/pkg/generated/service/spider/spider.pb.go:63.44,64.14 1 0
webcrawler/pkg/generated/service/spider/spider.pb.go:64.14,66.3 1 0
webcrawler/pkg/generated/service/spider/spider.pb.go:67.2,67.10 1 0
webcrawler/pkg/generated/service/spider/spider.pb.go:70.48,71.14 1 0
webcrawler/pkg/generated/service/spider/spider.pb.go:71.14,73.3 1 0
webcrawler/pkg/generated/service/spider/spider.pb.go:74.2,74.12 1 0
webcrawler/pkg/generated/service/spider/spider.pb.go:85.36,90.2 4 0
webcrawler/pkg/generated/service/spider/spider.pb.go:92.44,94.2 1 0
webcrawler/pkg/generated/service/spider/spider.pb.go:96.42,96.43 0 0
webcrawler/pkg/generated/service/spider/spider.pb.go:98.64,100.14 2 0
webcrawler/pkg/generated/service/spider/spider.pb.go:100.14,102.34 2 0
webcrawler/pkg/generated/service/spider/spider.pb.go:102.34,104.4 1 0
webcrawler/pkg/generated/service/spider/spider.pb.go:105.3,105.12 1 0
webcrawler/pkg/generated/service/spider/spider.pb.go:107.2,107.24 1 0
webcrawler/pkg/generated/service/spider/spider.pb.go:111.55,113.2 1 0
webcrawler/pkg/generated/service/spider/spider.pb.go:115.51,116.14 1 0
webcrawler/pkg/generated/service/spider/spider.pb.go:116.14,118.3 1 0
webcrawler/pkg/generated/service/spider/spider.pb.go:119.2,119.12 1 0
webcrawler/pkg/generated/service/spider/spider.pb.go:122.49,123.14 1 0
webcrawler/pkg/generated/service/spider/spider.pb.go:123.14,125.3 1 0
webcrawler/pkg/generated/service/spider/spider.pb.go:126.2,126.12 1 0
webcrawler/pkg/generated/service/spider/spider.pb.go:137.25,142.2 4 0
webcrawler/pkg/generated/service/spider/spider.pb.go:144.33,146.2 1 0
webcrawler/pkg/generated/service/spider/spider.pb.go:148.31,148.32 0 0
webcrawler/pkg/generated/service/spider/spider.pb.go:150.53,152.14 2 0
webcrawler/pkg/generated/service/spider/spider.pb.go:152.14,154.34 2 0
webcrawler/pkg/generated/service/spider/spider.pb.go:154.34,156.4 1 0
webcrawler/pkg/generated/service/spider/spider.pb.go:157.3,157.12 1 0
webcrawler/pkg/generated/service/spider/spider.pb.go:159.2,159.24 1 0
webcrawler/pkg/generated/service/spider/spider.pb.go:163.44,165.2 1 0
webcrawler/pkg/generated/service/spider/spider.pb.go:167.37,168.14 1 0
webcrawler/pkg/generated/service/spider/spider.pb.go:168.14,170.3 1 0
webcrawler/pkg/generated/service/spider/spider.pb.go:171.2,171.11 1 0
webcrawler/pkg/generated/service/spider/spider.pb.go:174.33,175.14 1 0
webcrawler/pkg/generated/service/spider/spider.pb.go:175.14,177.3 1 0
webcrawler/pkg/generated/service/spider/spider.pb.go:178.2,178.10 1 0
webcrawler/pkg/generated/service/spider/spider.pb.go:187.33,192.2 4 0
webcrawler/pkg/generated/service/spider/spider.pb.go:194.41,196.2 1 0
webcrawler/pkg/generated/service/spider/spider.pb.go:198.39,198.40 0 0
webcrawler/pkg/generated/service/spider/spider.pb.go:200.61,202.14 2 0
webcrawler/pkg/generated/service/spider/spider.pb.go:202.14,204.34 2 0
webcrawler/pkg/generated/service/spider/spider.pb.go:204.34,206.4 1 0
webcrawler/pkg/generated/service/spider/spider.pb.go:207.3,207.12 1 0
webcrawler/pkg/generated/service/spider/spider.pb.go:209.2,209.24 1 0
webcrawler/pkg/generated/service/spider/spider.pb.go:213.52,215.2 1 0
webcrawler/pkg/generated/service/spider/spider.pb.go:224.34,229.2 4 0
webcrawler/pkg/generated/service/spider/spider.pb.go:231.42,233.2 1 0
webcrawler/pkg/generated/service/spider/spider.pb.go:235.40,235.41 0 0
webcrawler/pkg/generated/service/spider/spider.pb.go:237.62,239.14 2 0
webcrawler/pkg/generated/service/spider/spider.pb.go:239.14,241.34 2 0
webcrawler/pkg/generated/service/spider/spider.pb.go:241.34,243.4 1 0
webcrawler/pkg/generated/service/spider/spider.pb.go:244.3,244.12 1 0
webcrawler/pkg/generated/service/spider/spider.pb.go:246.2,246.24 1 0
webcrawler/pkg/generated/service/spider/spider.pb.go:250.53,252.2 1 0
webcrawler/pkg/generated/service/spider/spider.pb.go:254.46,255.14 1 0
webcrawler/pkg/generated/service/spider/spider.pb.go:255.14,257.3 1 0
webcrawler/pkg/generated/service/spider/spider.pb.go:258.2,258.12 1 0
webcrawler/pkg/generated/service/spider/spider.pb.go:271.26,276.2 4 0
webcrawler/pkg/generated/service/spider/spider.pb.go:278.34,280.2 1 0
webcrawler/pkg/generated/service/spider/spider.pb.go:282.32,282.33 0 0
webcrawler/pkg/generated/service/spider/spider.pb.go:284.54,286.14 2 0
webcrawler/pkg/generated/service/spider/spider.pb.go:286.14,288.34 2 0
webcrawler/pkg/generated/service/spider/spider.pb.go:288.34,290.4 1 0
webcrawler/pkg/generated/service/spider/spider.pb.go:291.3,291.12 1 0
webcrawler/pkg/generated/service/spider/spider.pb.go:293.2,293.24 1 0
webcrawler/pkg/generated/service/spider/spider.pb.go:297.45,299.2 1 0
webcrawler/pkg/generated/service/spider/spider.pb.go:301.36,302.14 1 0
webcrawler/pkg/generated/service/spider/spider.pb.go:302.14,304.3 1 0
webcrawler/pkg/generated/service/spider/spider.pb.go:305.2,305.14 1 0
webcrawler/pkg/generated/service/spider/spider.pb.go:308.33,309.14 1 0
webcrawler/pkg/generated/service/spider/spider.pb.go:309.14,311.3 1 0
webcrawler/pkg/generated/service/spider/spider.pb.go:312.2,312.10 1 0
webcrawler/pkg/generated/service/spider/spider.pb.go:315.39,316.14 1 0
webcrawler/pkg/generated/service/spider/spider.pb.go:316.14,318.3 1 0
webcrawler/pkg/generated/service/spider/spider.pb.go:319.2,319.10 1 0
webcrawler/pkg/generated/service/spider/spider.pb.go:322.41,323.14 1 0
webcrawler/pkg/generated/service/spider/spider.pb.go:323.14,325.3 1 0
webcrawler/pkg/generated/service/spider/spider.pb.go:326.2,326.10 1 0
webcrawler/pkg/generated/service/spider/spider.pb.go:339.24,344.2 4 0
webcrawler/pkg/generated/service/spider/spider.pb.go:346.32,348.2 1 0
webcrawler/pkg/generated/service/spider/spider.pb.go:350.30,350.31 0 0
webcrawler/pkg/generated/service/spider/spider.pb.go:352.52,354.14 2 0
webcrawler/pkg/generated/service/spider/spider.pb.go:354.14,356.34 2 0
webcrawler/pkg/generated/service/spider/spider.pb.go:356.34,358.4 1 0
webcrawler/pkg/generated/service/spider/spider.pb.go:359.3,359.12 1 0
webcrawler/pkg/generated/service/spider/spider.pb.go:361.2,361.24 1 0
webcrawler/pkg/generated/service/spider/spider.pb.go:365.43,367.2 1 0
webcrawler/pkg/generated/service/spider/spider.pb.go:369.32,370.14 1 0
webcrawler/pkg/generated/service/spider/spider.pb.go:370.14,372.3 1 0
webcrawler/pkg/generated/service/spider/spider.pb.go:373.2,373.11 1 0
webcrawler/pkg/generated/service/spider/spider.pb.go:376.33,377.14 1 0
webcrawler/pkg/generated/service/spider/spider.pb.go:377.14,379.3 1 0
webcrawler/pkg/generated/service/spider/spider.pb.go:380.2,380.11 1 0
webcrawler/pkg/generated/service/spider/spider.pb.go:383.36,384.14 1 0
webcrawler/pkg/generated/service/spider/spider.pb.go:384.14,386.3 1 0
webcrawler/pkg/generated/service/spider/spider.pb.go:387.2,387.12 1 0
webcrawler/pkg/generated/service/spider/spider.pb.go:390.38,391.14 1 0
webcrawler/pkg/generated/service/spider/spider.pb.go:391.14,393.3 1 0
webcrawler/pkg/generated/service/spider/spider.pb.go:394.2,394.10 1 0
webcrawler/pkg/generated/service/spider/spider.pb.go:454.60,455.57 1 0
webcrawler/pkg/generated/service/spider/spider.pb.go:455.57,457.3 1 0
webcrawler/pkg/generated/service/spider/spider.pb.go:458.2,458.53 1 0
webcrawler/pkg/generated/service/spider/spider.pb.go:487.13,487.56 1 0
webcrawler/pkg/generated/service/spider/spider.pb.go:488.46,489.45 1 0
webcrawler/pkg/generated/service/spider/spider.pb.go:489.45,491.3 1 0
webcrawler/pkg/generated/service/spider/spider.pb.go:492.2,508.48 5 0
webcrawler/pkg/generated/service/spider/spider_grpc.pb.go:38.64,40.2 1 0
webcrawler/pkg/generated/service/spider/spider_grpc.pb.go:42.151,45.16 3 0
webcrawler/pkg/generated/service/spider/spider_grpc.pb.go:45.16,47.3 1 0
webcrawler/pkg/generated/service/spider/spider_grpc.pb.go:48.2,49.15 2 0
webcrawler/pkg/generated/service/spider/spider_grpc.pb.go:55.124,59.16 4 0
webcrawler/pkg/generated/service/spider/spider_grpc.pb.go:59.16,61.3 1 0
webcrawler/pkg/generated/service/spider/spider_grpc.pb.go:62.2,62.17 1 0
webcrawler/pkg/generated/service/spider/spider_grpc.pb.go:81.113,83.2 1 0
webcrawler/pkg/generated/service/spider/spider_grpc.pb.go:84.102,86.2 1 0
webcrawler/pkg/generated/service/spider/spider_grpc.pb.go:87.72,87.73 0 0
webcrawler/pkg/generated/service/spider/spider_grpc.pb.go:88.72,88.73 0 0
webcrawler/pkg/generated/service/spider/spider_grpc.pb.go:97.70,102.59 1 0
webcrawler/pkg/generated/service/spider/spider_grpc.pb.go:102.59,104.3 1 0
webcrawler/pkg/generated/service/spider/spider_grpc.pb.go:105.2,105.45 1 0
webcrawler/pkg/generated/service/spider/spider_grpc.pb.go:108.83,110.2 1 0
webcrawler/pkg/generated/service/spider/spider_grpc.pb.go:115.161,117.32 2 0
webcrawler/pkg/generated/service/spider/spider_grpc.pb.go:117.32,119.3 1 0
webcrawler/pkg/generated/service/spider/spider_grpc.pb.go:120.2,120.24 1 0
webcrawler/pkg/generated/service/spider/spider_grpc.pb.go:120.24,122.3 1 0
webcrawler/pkg/generated/service/spider/spider_grpc.pb.go:123.2,127.77 2 0
webcrawler/pkg/generated/service/spider/spider_grpc.pb.go:127.77,129.3 1 0
webcrawler/pkg/generated/service/spider/spider_grpc.pb.go:130.2,130.44 1 0
webcrawler/pkg/page/type.go:30.42,35.2 1 0
webcrawler/pkg/page/type.go:37.65,39.27 2 0
webcrawler/pkg/page/type.go:39.27,41.3 1 0
webcrawler/pkg/page/type.go:42.2,43.12 2 0
webcrawler/pkg/page/type.go:46.67,48.27 2 0
webcrawler/pkg/page/type.go:48.27,50.3 1 0
webcrawler/pkg/page/type.go:51.2,52.12 2 0
webcrawler/pkg/page/type.go:55.74,57.27 2 0
webcrawler/pkg/page/type.go:57.27,59.3 1 0
webcrawler/pkg/page/type.go:60.2,65.16 5 0
webcrawler/pkg/page/type.go:65.16,66.36 1 0
webcrawler/pkg/page/type.go:66.36,68.4 1 0
webcrawler/pkg/page/type.go:69.3,69.18 1 0
webcrawler/pkg/page/type.go:71.2,72.19 2 0
webcrawler/pkg/page/type.go:75.63,77.27 2 0
webcrawler/pkg/page/type.go:77.27,79.3 1 0
webcrawler/pkg/page/type.go:80.2,81.12 2 0
webcrawler/pkg/page/type.go:83.61,89.16 5 0
webcrawler/pkg/page/type.go:89.16,91.3 1 0
webcrawler/pkg/page/type.go:93.2,93.19 1 0
webcrawler/pkg/page/type.go:95.67,97.16 2 0
webcrawler/pkg/page/type.go:97.16,99.3 1 0
webcrawler/pkg/page/type.go:100.2,103.18 3 0
webcrawler/pkg/page/type.go:103.18,107.17 4 0
webcrawler/pkg/page/type.go:107.17,109.4 1 0
webcrawler/pkg/page/type.go:110.3,111.30 2 0
webcrawler/pkg/page/type.go:114.2,114.34 1 0
webcrawler/pkg/page/type.go:114.34,116.3 1 0
webcrawler/pkg/page/type.go:118.2,118.19 1 0
webcrawler/pkg/page/type.go:121.52,125.2 3 0
webcrawler/pkg/page/type.go:127.52,131.2 3 0
webcrawler/pkg/page/type.go:133.50,137.2 3 0
webcrawler/pkg/health/health.go:8.54,13.2 4 0
webcrawler/pkg/db/marina.go:9.91,12.16 3 0
webcrawler/pkg/db/marina.go:12.16,14.3 1 0
webcrawler/pkg/db/marina.go:15.2,16.18 2 0
webcrawler/pkg/db/postgres.go:10.115,13.16 3 0
webcrawler/pkg/db/postgres.go:13.16,15.3 1 0
webcrawler/pkg/db/postgres.go:16.2,16.24 1 0
webcrawler/pkg/db/sqlite.go:8.35,10.16 2 0
webcrawler/pkg/db/sqlite.go:10.16,12.3 1 0
webcrawler/pkg/db/sqlite.go:13.2,13.18 1 0
webcrawler/pkg/bootstrap/health.go:12.26,18.12 3 0
webcrawler/pkg/bootstrap/health.go:18.12,20.3 1 0
webcrawler/pkg/bootstrap/health.go:21.2,21.12 1 0
webcrawler/pkg/bootstrap/prometheus.go:9.28,11.16 2 0
webcrawler/pkg/bootstrap/prometheus.go:11.16,13.3 1 0
webcrawler/pkg/bootstrap/prometheus.go:14.2,16.12 3 0
webcrawler/pkg/queue/type.go:21.42,26.2 1 0
webcrawler/pkg/queue/type.go:28.63,30.16 2 0
webcrawler/pkg/queue/type.go:30.16,32.3 1 0
webcrawler/pkg/queue/type.go:33.2,36.18 3 0
webcrawler/pkg/queue/type.go:36.18,38.41 2 0
webcrawler/pkg/queue/type.go:38.41,40.4 1 0
webcrawler/pkg/queue/type.go:41.3,41.27 1 0
webcrawler/pkg/queue/type.go:43.2,43.34 1 0
webcrawler/pkg/queue/type.go:43.34,45.3 1 0
webcrawler/pkg/queue/type.go:47.2,47.18 1 0
webcrawler/pkg/queue/type.go:50.60,53.16 3 0
webcrawler/pkg/queue/type.go:53.16,55.3 1 0
webcrawler/pkg/queue/type.go:56.2,56.12 1 0
webcrawler/pkg/queue/type.go:59.63,60.24 1 0
webcrawler/pkg/queue/type.go:60.24,63.17 3 0
webcrawler/pkg/queue/type.go:63.17,65.4 1 0
webcrawler/pkg/queue/type.go:67.2,67.12 1 0
webcrawler/pkg/queue/type.go:70.63,73.16 3 0
webcrawler/pkg/queue/type.go:73.16,75.3 1 0
webcrawler/pkg/queue/type.go:76.2,76.12 1 0
webcrawler/pkg/awsx/queue/add.go:12.66,14.16 2 0
webcrawler/pkg/awsx/queue/add.go:14.16,16.3 1 0
webcrawler/pkg/awsx/queue/add.go:17.2,21.12 2 0
webcrawler/pkg/awsx/queue/add.go:23.74,25.27 2 0
webcrawler/pkg/awsx/queue/add.go:25.27,27.3 1 0
webcrawler/pkg/awsx/queue/add.go:28.2,28.33 1 0
webcrawler/pkg/awsx/queue/add.go:31.74,33.48 2 0
webcrawler/pkg/awsx/queue/add.go:33.48,35.26 2 0
webcrawler/pkg/awsx/queue/add.go:35.26,37.4 1 0
webcrawler/pkg/awsx/queue/add.go:38.3,41.29 3 0
webcrawler/pkg/awsx/queue/add.go:41.29,43.18 2 0
webcrawler/pkg/awsx/queue/add.go:43.18,45.5 1 0
webcrawler/pkg/awsx/queue/add.go:47.4,52.36 2 0
webcrawler/pkg/awsx/queue/add.go:55.3,60.17 2 0
webcrawler/pkg/awsx/queue/add.go:60.17,62.4 1 0
webcrawler/pkg/awsx/queue/add.go:64.2,64.12 1 0
webcrawler/pkg/awsx/queue/fetch.go:10.64,15.16 2 0
webcrawler/pkg/awsx/queue/fetch.go:15.16,17.3 1 0
webcrawler/pkg/awsx/queue/fetch.go:18.2,19.16 2 0
webcrawler/pkg/awsx/queue/fetch.go:19.16,21.3 1 0
webcrawler/pkg/awsx/queue/fetch.go:23.2,23.20 1 0
webcrawler/pkg/awsx/queue/fetch.go:26.75,28.40 2 0
webcrawler/pkg/awsx/queue/fetch.go:28.40,32.17 3 0
webcrawler/pkg/awsx/queue/fetch.go:32.17,34.4 1 0
webcrawler/pkg/awsx/queue/fetch.go:35.3,38.5 1 0
webcrawler/pkg/awsx/queue/fetch.go:40.2,40.20 1 0
webcrawler/pkg/awsx/queue/remove.go:9.75,15.2 2 0
webcrawler/pkg/awsx/queue/type.go:26.47,27.41 1 0
webcrawler/pkg/awsx/queue/type.go:27.41,28.102 1 0
webcrawler/pkg/awsx/queue/type.go:28.102,34.4 1 0
webcrawler/pkg/awsx/queue/type.go:36.2,39.3 1 0
webcrawler/pkg/awsx/queue/type.go:42.37,46.2 1 1
webcrawler/pkg/config/fetch.go:25.22,27.16 2 0
webcrawler/pkg/config/fetch.go:27.16,29.3 1 0
webcrawler/pkg/config/fetch.go:30.2,32.16 3 0
webcrawler/pkg/config/fetch.go:32.16,34.3 1 0
webcrawler/pkg/config/fetch.go:36.2,43.39 2 0
webcrawler/pkg/config/fetch.go:43.39,45.17 2 0
webcrawler/pkg/config/fetch.go:45.17,47.12 2 0
webcrawler/pkg/config/fetch.go:49.3,49.43 1 0
webcrawler/pkg/config/fetch.go:51.2,51.13 1 0
webcrawler/pkg/config/fetch.go:54.45,57.16 2 0
webcrawler/pkg/config/fetch.go:57.16,60.3 2 0
webcrawler/pkg/config/fetch.go:62.2,63.18 2 0
webcrawler/pkg/slice/array_to_slice.go:9.41,11.2 1 0
webcrawler/pkg/slice/array_to_slice.go:13.41,14.15 1 0
webcrawler/pkg/slice/array_to_slice.go:14.15,16.3 1 0
webcrawler/pkg/slice/array_to_slice.go:17.2,17.38 1 0
webcrawler/pkg/slice/deduplication.go:3.47,7.29 3 1
webcrawler/pkg/slice/deduplication.go:7.29,9.9 2 1
webcrawler/pkg/slice/deduplication.go:9.9,10.12 1 1
webcrawler/pkg/slice/deduplication.go:12.3,13.42 2 1
webcrawler/pkg/slice/deduplication.go:16.2,16.20 1 1
webcrawler/pkg/sqlx/type.go:15.47,22.2 3 0
webcrawler/pkg/awsx/dynamoDBx/add.go:11.66,13.16 2 1
webcrawler/pkg/awsx/dynamoDBx/add.go:13.16,15.3 1 0
webcrawler/pkg/awsx/dynamoDBx/add.go:16.2,21.12 3 1
webcrawler/pkg/awsx/dynamoDBx/add.go:24.75,26.16 2 1
webcrawler/pkg/awsx/dynamoDBx/add.go:26.16,28.3 1 0
webcrawler/pkg/awsx/dynamoDBx/add.go:29.2,34.12 3 1
webcrawler/pkg/awsx/dynamoDBx/fetch.go:11.88,18.16 2 0
webcrawler/pkg/awsx/dynamoDBx/fetch.go:18.16,20.3 1 0
webcrawler/pkg/awsx/dynamoDBx/fetch.go:21.2,21.22 1 0
webcrawler/pkg/awsx/dynamoDBx/fetch.go:21.22,23.3 1 0
webcrawler/pkg/awsx/dynamoDBx/fetch.go:24.2,25.16 2 0
webcrawler/pkg/awsx/dynamoDBx/fetch.go:25.16,27.3 1 0
webcrawler/pkg/awsx/dynamoDBx/fetch.go:28.2,28.28 1 0
webcrawler/pkg/awsx/dynamoDBx/fetch.go:31.82,38.16 2 0
webcrawler/pkg/awsx/dynamoDBx/fetch.go:38.16,40.3 1 0
webcrawler/pkg/awsx/dynamoDBx/fetch.go:41.2,41.17 1 0
webcrawler/pkg/awsx/dynamoDBx/fetch.go:41.17,43.3 1 0
webcrawler/pkg/awsx/dynamoDBx/fetch.go:44.2,45.16 2 0
webcrawler/pkg/awsx/dynamoDBx/fetch.go:45.16,47.3 1 0
webcrawler/pkg/awsx/dynamoDBx/fetch.go:48.2,48.19 1 0
webcrawler/pkg/awsx/dynamoDBx/fetch.go:51.88,54.16 3 0
webcrawler/pkg/awsx/dynamoDBx/fetch.go:54.16,56.3 1 0
webcrawler/pkg/awsx/dynamoDBx/fetch.go:57.2,57.18 1 0
webcrawler/pkg/awsx/dynamoDBx/fetch.go:60.73,63.16 3 0
webcrawler/pkg/awsx/dynamoDBx/fetch.go:63.16,65.3 1 0
webcrawler/pkg/awsx/dynamoDBx/fetch.go:66.2,66.21 1 0
webcrawler/pkg/awsx/dynamoDBx/remove.go:10.72,18.2 2 0
webcrawler/pkg/awsx/dynamoDBx/remove.go:20.78,28.2 2 0
webcrawler/pkg/awsx/dynamoDBx/type.go:22.67,26.41 3 0
webcrawler/pkg/awsx/dynamoDBx/type.go:26.41,27.102 1 0
webcrawler/pkg/awsx/dynamoDBx/type.go:27.102,33.4 1 0
webcrawler/pkg/awsx/dynamoDBx/type.go:34.3,34.46 1 0
webcrawler/pkg/awsx/dynamoDBx/type.go:37.2,41.3 1 0
webcrawler/pkg/awsx/dynamoDBx/type.go:45.57,48.16 3 1
webcrawler/pkg/awsx/dynamoDBx/type.go:48.16,50.3 1 0
webcrawler/pkg/awsx/dynamoDBx/type.go:52.2,53.16 2 1
webcrawler/pkg/awsx/dynamoDBx/type.go:53.16,55.3 1 0
webcrawler/pkg/awsx/dynamoDBx/type.go:57.2,66.16 3 1
webcrawler/pkg/awsx/dynamoDBx/type.go:66.16,68.3 1 0
webcrawler/pkg/awsx/dynamoDBx/type.go:71.2,73.26 1 1
webcrawler/pkg/awsx/dynamoDBx/type.go:73.26,79.3 1 1
webcrawler/pkg/awsx/dynamoDBx/type.go:81.2,87.8 2 1
webcrawler/pkg/awsx/dynamoDBx/type.go:90.54,113.16 3 1
webcrawler/pkg/awsx/dynamoDBx/type.go:113.16,115.3 1 0
webcrawler/pkg/awsx/dynamoDBx/type.go:117.2,139.16 3 1
webcrawler/pkg/awsx/dynamoDBx/type.go:139.16,141.3 1 0
webcrawler/pkg/awsx/dynamoDBx/type.go:143.2,143.12 1 1
webcrawler/pkg/awsx/dynamoDBx/update.go:11.94,13.16 2 0
webcrawler/pkg/awsx/dynamoDBx/update.go:13.16,15.3 1 0
webcrawler/pkg/awsx/dynamoDBx/update.go:16.2,16.65 1 0
webcrawler/pkg/awsx/dynamoDBx/update.go:16.65,19.3 2 0
webcrawler/pkg/awsx/dynamoDBx/update.go:19.8,21.3 1 0
webcrawler/pkg/awsx/dynamoDBx/update.go:23.2,28.16 5 0
webcrawler/pkg/awsx/dynamoDBx/update.go:28.16,30.3 1 0
webcrawler/pkg/awsx/dynamoDBx/update.go:31.2,35.12 2 0
webcrawler/pkg/test-containers/marina.go:20.80,27.16 2 1
webcrawler/pkg/test-containers/marina.go:27.16,29.3 1 0
webcrawler/pkg/test-containers/marina.go:31.2,32.16 2 1
webcrawler/pkg/test-containers/marina.go:32.16,34.3 1 0
webcrawler/pkg/test-containers/marina.go:36.2,37.16 2 1
webcrawler/pkg/test-containers/marina.go:37.16,39.3 1 0
webcrawler/pkg/test-containers/marina.go:41.2,43.26 3 1
webcrawler/pkg/test-containers/marina.go:43.26,45.17 2 1
webcrawler/pkg/test-containers/marina.go:45.17,47.18 2 1
webcrawler/pkg/test-containers/marina.go:47.18,48.10 1 1
webcrawler/pkg/test-containers/marina.go:51.3,52.30 2 0
webcrawler/pkg/test-containers/marina.go:54.2,54.16 1 1
webcrawler/pkg/test-containers/marina.go:54.16,56.3 1 0
webcrawler/pkg/test-containers/marina.go:58.2,58.34 1 1
webcrawler/pkg/test-containers/postgres.go:21.82,28.16 2 1
webcrawler/pkg/test-containers/postgres.go:28.16,30.3 1 0
webcrawler/pkg/test-containers/postgres.go:32.2,33.16 2 1
webcrawler/pkg/test-containers/postgres.go:33.16,35.3 1 0
webcrawler/pkg/test-containers/postgres.go:37.2,38.16 2 1
webcrawler/pkg/test-containers/postgres.go:38.16,40.3 1 0
webcrawler/pkg/test-containers/postgres.go:42.2,46.26 3 1
webcrawler/pkg/test-containers/postgres.go:46.26,48.17 2 1
webcrawler/pkg/test-containers/postgres.go:48.17,50.18 2 1
webcrawler/pkg/test-containers/postgres.go:50.18,51.10 1 1
webcrawler/pkg/test-containers/postgres.go:54.3,55.30 2 1
webcrawler/pkg/test-containers/postgres.go:57.2,57.16 1 1
webcrawler/pkg/test-containers/postgres.go:57.16,59.3 1 0
webcrawler/pkg/test-containers/postgres.go:61.2,61.35 1 1
