mode: atomic
webcrawler/main.go:16.13,20.16 3 0
webcrawler/main.go:20.16,22.3 1 0
webcrawler/main.go:24.2,24.16 1 0
webcrawler/main.go:24.16,26.3 1 0
webcrawler/main.go:28.2,29.16 2 0
webcrawler/main.go:29.16,31.3 1 0
webcrawler/main.go:32.2,42.16 4 0
webcrawler/main.go:42.16,44.3 1 0
webcrawler/main.go:45.2,90.18 6 0
webcrawler/awsx/config.go:10.57,18.2 2 0
webcrawler/main.go:16.13,20.16 3 0
webcrawler/main.go:20.16,22.3 1 0
webcrawler/main.go:24.2,24.16 1 0
webcrawler/main.go:24.16,26.3 1 0
webcrawler/main.go:28.2,29.16 2 0
webcrawler/main.go:29.16,31.3 1 0
webcrawler/main.go:32.2,42.16 4 0
webcrawler/main.go:42.16,44.3 1 0
webcrawler/main.go:45.2,90.18 6 0
webcrawler/awsx/config.go:10.57,18.2 2 0
webcrawler/config/fetch.go:19.26,21.16 2 0
webcrawler/config/fetch.go:21.16,23.3 1 0
webcrawler/config/fetch.go:24.2,26.16 3 0
webcrawler/config/fetch.go:26.16,28.3 1 0
webcrawler/config/fetch.go:30.2,35.39 2 0
webcrawler/config/fetch.go:35.39,38.17 2 0
webcrawler/config/fetch.go:38.17,40.12 2 0
webcrawler/config/fetch.go:42.3,42.38 1 0
webcrawler/config/fetch.go:44.2,44.13 1 0
webcrawler/config/fetch.go:47.49,50.16 2 2
webcrawler/config/fetch.go:50.16,53.3 2 0
webcrawler/config/fetch.go:55.2,56.18 2 2
webcrawler/dynamoDBx/add.go:11.66,13.16 2 0
webcrawler/dynamoDBx/add.go:13.16,15.3 1 0
webcrawler/dynamoDBx/add.go:16.2,21.12 3 0
webcrawler/dynamoDBx/add.go:24.75,26.16 2 0
webcrawler/dynamoDBx/add.go:26.16,28.3 1 0
webcrawler/dynamoDBx/add.go:29.2,34.12 3 0
webcrawler/dynamoDBx/fetch.go:11.88,18.16 2 0
webcrawler/dynamoDBx/fetch.go:18.16,20.3 1 0
webcrawler/dynamoDBx/fetch.go:21.2,21.22 1 0
webcrawler/dynamoDBx/fetch.go:21.22,23.3 1 0
webcrawler/dynamoDBx/fetch.go:24.2,25.16 2 0
webcrawler/dynamoDBx/fetch.go:25.16,27.3 1 0
webcrawler/dynamoDBx/fetch.go:28.2,28.28 1 0
webcrawler/dynamoDBx/fetch.go:31.82,38.16 2 0
webcrawler/dynamoDBx/fetch.go:38.16,40.3 1 0
webcrawler/dynamoDBx/fetch.go:41.2,41.17 1 0
webcrawler/dynamoDBx/fetch.go:41.17,43.3 1 0
webcrawler/dynamoDBx/fetch.go:44.2,45.16 2 0
webcrawler/dynamoDBx/fetch.go:45.16,47.3 1 0
webcrawler/dynamoDBx/fetch.go:48.2,48.19 1 0
webcrawler/dynamoDBx/fetch.go:51.88,54.16 3 0
webcrawler/dynamoDBx/fetch.go:54.16,56.3 1 0
webcrawler/dynamoDBx/fetch.go:57.2,57.18 1 0
webcrawler/dynamoDBx/fetch.go:60.73,63.16 3 0
webcrawler/dynamoDBx/fetch.go:63.16,65.3 1 0
webcrawler/dynamoDBx/fetch.go:66.2,66.21 1 0
webcrawler/dynamoDBx/remove.go:10.72,18.2 2 0
webcrawler/dynamoDBx/remove.go:20.78,28.2 2 0
webcrawler/dynamoDBx/type.go:22.67,26.41 3 0
webcrawler/dynamoDBx/type.go:26.41,27.102 1 0
webcrawler/dynamoDBx/type.go:27.102,33.4 1 0
webcrawler/dynamoDBx/type.go:34.3,34.46 1 0
webcrawler/dynamoDBx/type.go:37.2,41.3 1 0
webcrawler/dynamoDBx/type.go:45.57,48.16 3 0
webcrawler/dynamoDBx/type.go:48.16,50.3 1 0
webcrawler/dynamoDBx/type.go:52.2,53.16 2 0
webcrawler/dynamoDBx/type.go:53.16,55.3 1 0
webcrawler/dynamoDBx/type.go:57.2,66.16 3 0
webcrawler/dynamoDBx/type.go:66.16,68.3 1 0
webcrawler/dynamoDBx/type.go:71.2,73.26 1 0
webcrawler/dynamoDBx/type.go:73.26,79.3 1 0
webcrawler/dynamoDBx/type.go:81.2,87.8 2 0
webcrawler/dynamoDBx/type.go:90.54,113.16 3 0
webcrawler/dynamoDBx/type.go:113.16,115.3 1 0
webcrawler/dynamoDBx/type.go:117.2,139.16 3 0
webcrawler/dynamoDBx/type.go:139.16,141.3 1 0
webcrawler/dynamoDBx/type.go:143.2,143.12 1 0
webcrawler/dynamoDBx/update.go:11.94,13.16 2 0
webcrawler/dynamoDBx/update.go:13.16,15.3 1 0
webcrawler/dynamoDBx/update.go:16.2,16.65 1 0
webcrawler/dynamoDBx/update.go:16.65,19.3 2 0
webcrawler/dynamoDBx/update.go:19.8,21.3 1 0
webcrawler/dynamoDBx/update.go:23.2,28.16 5 0
webcrawler/dynamoDBx/update.go:28.16,30.3 1 0
webcrawler/dynamoDBx/update.go:31.2,35.12 2 0
webcrawler/formating/text.go:15.66,18.40 3 0
webcrawler/formating/text.go:18.40,21.3 2 0
webcrawler/formating/text.go:23.2,29.19 6 0
webcrawler/formating/text.go:32.64,34.2 1 0
webcrawler/formating/text.go:36.65,38.29 2 0
webcrawler/formating/text.go:38.29,41.3 2 0
webcrawler/formating/text.go:42.2,42.17 1 0
webcrawler/formating/text.go:45.48,46.38 1 0
webcrawler/formating/text.go:46.38,48.3 1 0
webcrawler/formating/text.go:49.2,50.16 2 0
webcrawler/formating/text.go:50.16,52.3 1 0
webcrawler/formating/text.go:53.2,54.19 2 0
webcrawler/formating/text.go:57.48,61.23 3 0
webcrawler/formating/text.go:61.23,62.29 1 0
webcrawler/formating/text.go:62.29,65.4 2 0
webcrawler/formating/text.go:67.2,67.15 1 0
webcrawler/formating/text.go:70.48,72.29 2 0
webcrawler/formating/text.go:72.29,73.36 1 0
webcrawler/formating/text.go:73.36,75.4 1 0
webcrawler/formating/text.go:78.2,78.15 1 0
webcrawler/formating/text.go:81.52,84.2 2 0
webcrawler/formating/text.go:86.45,88.29 2 0
webcrawler/formating/text.go:88.29,90.17 2 0
webcrawler/formating/text.go:90.17,92.4 1 0
webcrawler/formating/text.go:93.3,94.38 2 0
webcrawler/formating/text.go:96.2,96.15 1 0
webcrawler/formating/text.go:99.44,101.29 2 0
webcrawler/formating/text.go:101.29,103.17 2 0
webcrawler/formating/text.go:103.17,105.4 1 0
webcrawler/formating/text.go:106.3,106.27 1 0
webcrawler/formating/text.go:106.27,107.12 1 0
webcrawler/formating/text.go:109.3,109.38 1 0
webcrawler/formating/text.go:111.2,111.15 1 0
webcrawler/formating/text.go:114.51,123.29 3 0
webcrawler/formating/text.go:123.29,125.49 2 0
webcrawler/formating/text.go:125.49,126.12 1 0
webcrawler/formating/text.go:128.3,129.25 2 0
webcrawler/formating/text.go:129.25,130.9 1 0
webcrawler/formating/text.go:133.2,133.15 1 0
webcrawler/graphx/add.go:9.73,11.81 2 0
webcrawler/graphx/add.go:11.81,23.3 2 0
webcrawler/graphx/add.go:24.2,24.12 1 0
webcrawler/graphx/add.go:27.68,30.34 3 0
webcrawler/graphx/add.go:30.34,31.81 1 0
webcrawler/graphx/add.go:31.81,46.4 2 0
webcrawler/graphx/add.go:48.3,48.17 1 0
webcrawler/graphx/add.go:48.17,50.4 1 0
webcrawler/graphx/add.go:52.2,52.12 1 0
webcrawler/graphx/add.go:55.86,57.81 2 0
webcrawler/graphx/add.go:57.81,70.3 2 0
webcrawler/graphx/add.go:71.2,71.12 1 0
webcrawler/graphx/conn.go:10.107,19.16 5 0
webcrawler/graphx/conn.go:19.16,21.3 1 0
webcrawler/graphx/conn.go:22.2,23.16 2 0
webcrawler/graphx/conn.go:23.16,24.13 1 0
webcrawler/graphx/conn.go:26.2,26.20 1 0
webcrawler/graphx/conn.go:29.48,34.2 1 0
webcrawler/graphx/conn.go:35.60,42.16 2 0
webcrawler/graphx/conn.go:42.16,44.3 1 0
webcrawler/graphx/conn.go:46.2,47.16 2 0
webcrawler/graphx/conn.go:47.16,49.3 1 0
webcrawler/graphx/conn.go:51.2,55.16 2 0
webcrawler/graphx/conn.go:55.16,57.3 1 0
webcrawler/graphx/conn.go:59.2,60.16 2 0
webcrawler/graphx/conn.go:60.16,62.3 1 0
webcrawler/graphx/conn.go:64.2,66.8 1 0
webcrawler/graphx/get.go:10.91,14.85 3 0
webcrawler/graphx/get.go:14.85,21.17 2 0
webcrawler/graphx/get.go:21.17,23.4 1 0
webcrawler/graphx/get.go:25.3,25.21 1 0
webcrawler/graphx/get.go:25.21,33.4 4 0
webcrawler/graphx/get.go:34.3,34.46 1 0
webcrawler/graphx/get.go:36.2,36.16 1 0
webcrawler/graphx/get.go:36.16,38.3 1 0
webcrawler/graphx/get.go:40.2,40.35 1 0
webcrawler/graphx/get.go:43.81,47.85 3 0
webcrawler/graphx/get.go:47.85,52.17 2 0
webcrawler/graphx/get.go:52.17,54.4 1 0
webcrawler/graphx/get.go:56.3,56.21 1 0
webcrawler/graphx/get.go:56.21,63.22 5 0
webcrawler/graphx/get.go:63.22,65.5 1 0
webcrawler/graphx/get.go:67.4,69.25 3 0
webcrawler/graphx/get.go:69.25,71.5 1 0
webcrawler/graphx/get.go:73.4,74.23 2 0
webcrawler/graphx/get.go:74.23,76.5 1 0
webcrawler/graphx/get.go:78.4,82.10 1 0
webcrawler/graphx/get.go:84.3,84.43 1 0
webcrawler/graphx/get.go:86.2,86.16 1 0
webcrawler/graphx/get.go:86.16,88.3 1 0
webcrawler/graphx/get.go:90.2,90.32 1 0
webcrawler/handler/flow.go:11.44,13.26 1 0
webcrawler/handler/flow.go:13.26,19.17 3 0
webcrawler/handler/flow.go:19.17,21.4 1 0
webcrawler/handler/flow.go:23.3,24.30 2 0
webcrawler/handler/flow.go:24.30,27.14 2 0
webcrawler/handler/flow.go:27.14,31.19 3 0
webcrawler/handler/flow.go:31.19,33.6 1 0
webcrawler/handler/flow.go:34.5,34.15 1 0
webcrawler/handler/flow.go:34.15,38.6 3 0
webcrawler/handler/flow.go:40.5,41.19 2 0
webcrawler/handler/flow.go:41.19,45.6 3 0
webcrawler/handler/flow.go:47.5,48.19 2 0
webcrawler/handler/flow.go:48.19,51.6 2 0
webcrawler/handler/flow.go:52.5,58.19 5 0
webcrawler/handler/flow.go:58.19,62.6 3 0
webcrawler/handler/flow.go:64.5,64.62 1 0
webcrawler/handler/flow.go:64.62,67.6 2 0
webcrawler/handler/flow.go:69.5,70.19 2 0
webcrawler/handler/flow.go:70.19,73.6 2 0
webcrawler/handler/flow.go:75.5,76.19 2 0
webcrawler/handler/flow.go:76.19,79.6 2 0
webcrawler/handler/flow.go:81.5,82.19 2 0
webcrawler/handler/flow.go:82.19,85.6 2 0
webcrawler/handler/flow.go:89.4,89.13 1 0
webcrawler/handler/type.go:30.105,38.2 1 0
webcrawler/queue/add.go:12.66,14.16 2 0
webcrawler/queue/add.go:14.16,16.3 1 0
webcrawler/queue/add.go:17.2,21.12 2 0
webcrawler/queue/add.go:23.74,25.27 2 0
webcrawler/queue/add.go:25.27,27.3 1 0
webcrawler/queue/add.go:28.2,28.33 1 0
webcrawler/queue/add.go:31.74,33.48 2 0
webcrawler/queue/add.go:33.48,35.26 2 0
webcrawler/queue/add.go:35.26,37.4 1 0
webcrawler/queue/add.go:38.3,41.29 3 0
webcrawler/queue/add.go:41.29,43.18 2 0
webcrawler/queue/add.go:43.18,45.5 1 0
webcrawler/queue/add.go:47.4,52.36 2 0
webcrawler/queue/add.go:55.3,60.17 2 0
webcrawler/queue/add.go:60.17,62.4 1 0
webcrawler/queue/add.go:64.2,64.12 1 0
webcrawler/queue/fetch.go:10.64,15.16 2 0
webcrawler/queue/fetch.go:15.16,17.3 1 0
webcrawler/queue/fetch.go:18.2,19.16 2 0
webcrawler/queue/fetch.go:19.16,21.3 1 0
webcrawler/queue/fetch.go:23.2,23.20 1 0
webcrawler/queue/fetch.go:26.75,28.40 2 0
webcrawler/queue/fetch.go:28.40,32.17 3 0
webcrawler/queue/fetch.go:32.17,34.4 1 0
webcrawler/queue/fetch.go:35.3,38.5 1 0
webcrawler/queue/fetch.go:40.2,40.20 1 0
webcrawler/queue/remove.go:9.75,15.2 2 0
webcrawler/queue/type.go:26.47,27.41 1 0
webcrawler/queue/type.go:27.41,28.102 1 0
webcrawler/queue/type.go:28.102,34.4 1 0
webcrawler/queue/type.go:36.2,39.3 1 0
webcrawler/queue/type.go:42.37,46.2 1 0
webcrawler/site/format.go:19.53,25.16 3 0
webcrawler/site/format.go:25.16,27.3 1 0
webcrawler/site/format.go:29.2,30.28 2 0
webcrawler/site/format.go:30.28,32.3 1 0
webcrawler/site/format.go:35.2,37.16 2 0
webcrawler/site/format.go:37.16,39.3 1 0
webcrawler/site/format.go:41.2,44.27 4 0
webcrawler/site/format.go:44.27,46.3 1 0
webcrawler/site/format.go:46.8,48.3 1 0
webcrawler/site/format.go:50.2,58.22 2 0
webcrawler/site/format.go:61.51,64.29 3 0
webcrawler/site/format.go:64.29,67.34 3 0
webcrawler/site/format.go:67.34,69.4 1 0
webcrawler/site/format.go:71.2,71.31 1 0
webcrawler/site/format.go:71.31,73.3 1 0
webcrawler/site/format.go:74.2,74.24 1 0
webcrawler/site/format.go:77.64,84.2 2 0
webcrawler/site/format.go:87.40,89.41 2 0
webcrawler/site/format.go:89.41,91.3 1 0
webcrawler/site/format.go:92.2,92.42 1 0
webcrawler/site/format.go:92.42,94.3 1 0
webcrawler/site/format.go:95.2,95.42 1 0
webcrawler/site/format.go:95.42,97.3 1 0
webcrawler/site/format.go:98.2,98.43 1 0
webcrawler/site/format.go:98.43,100.3 1 0
webcrawler/site/format.go:101.2,101.44 1 0
webcrawler/site/format.go:101.44,103.3 1 0
webcrawler/site/format.go:105.2,115.30 10 0
webcrawler/site/format.go:115.30,117.3 1 0
webcrawler/site/format.go:118.2,118.28 1 0
webcrawler/site/format.go:121.30,125.2 2 0
webcrawler/site/format.go:127.37,131.2 2 0
webcrawler/site/format.go:133.36,136.2 2 0
webcrawler/site/format.go:138.29,141.2 2 0
webcrawler/site/format.go:143.65,145.35 2 0
webcrawler/site/format.go:145.35,147.3 1 0
webcrawler/site/format.go:148.2,148.14 1 0
webcrawler/site/robots.go:13.48,15.2 1 0
webcrawler/site/robots.go:17.50,19.16 2 0
webcrawler/site/robots.go:19.16,21.3 1 0
webcrawler/site/robots.go:23.2,28.16 3 0
webcrawler/site/robots.go:28.16,30.3 1 0
webcrawler/site/robots.go:31.2,31.44 1 0
webcrawler/site/robots.go:31.44,33.3 1 0
webcrawler/site/robots.go:35.2,38.16 3 0
webcrawler/site/robots.go:38.16,40.3 1 0
webcrawler/site/robots.go:41.2,43.40 2 0
webcrawler/site/validate.go:5.49,7.25 2 0
webcrawler/site/validate.go:7.25,9.3 1 0
webcrawler/site/validate.go:10.2,10.13 1 0
webcrawler/sqlRelational/add.go:8.56,13.2 3 0
webcrawler/sqlRelational/add.go:15.47,20.2 3 0
webcrawler/sqlRelational/conn.go:15.37,25.16 6 0
webcrawler/sqlRelational/conn.go:25.16,26.13 1 0
webcrawler/sqlRelational/conn.go:28.2,28.15 1 0
webcrawler/sqlRelational/conn.go:31.32,36.2 1 0
webcrawler/sqlRelational/fetch.go:11.65,16.16 5 0
webcrawler/sqlRelational/fetch.go:16.16,17.36 1 0
webcrawler/sqlRelational/fetch.go:17.36,20.4 2 0
webcrawler/sqlRelational/fetch.go:21.3,21.30 1 0
webcrawler/sqlRelational/fetch.go:23.2,23.22 1 0
webcrawler/sqlRelational/fetch.go:26.59,31.16 5 0
webcrawler/sqlRelational/fetch.go:31.16,32.36 1 0
webcrawler/sqlRelational/fetch.go:32.36,35.4 2 0
webcrawler/sqlRelational/fetch.go:36.3,36.27 1 0
webcrawler/sqlRelational/fetch.go:38.2,38.19 1 0
webcrawler/sqlRelational/update.go:9.75,12.16 2 0
webcrawler/sqlRelational/update.go:12.16,14.3 1 0
webcrawler/sqlRelational/update.go:15.2,15.65 1 0
webcrawler/sqlRelational/update.go:15.65,18.17 3 0
webcrawler/sqlRelational/update.go:18.17,20.4 1 0
webcrawler/sqlRelational/update.go:21.3,21.13 1 0
webcrawler/sqlRelational/update.go:23.2,27.12 4 0
webcrawler/sqlRelational/update.go:30.50,33.2 1 0
webcrawler/main.go:16.13,20.16 3 0
webcrawler/main.go:20.16,22.3 1 0
webcrawler/main.go:24.2,24.16 1 0
webcrawler/main.go:24.16,26.3 1 0
webcrawler/main.go:28.2,29.16 2 0
webcrawler/main.go:29.16,31.3 1 0
webcrawler/main.go:32.2,42.16 4 0
webcrawler/main.go:42.16,44.3 1 0
webcrawler/main.go:45.2,90.18 6 0
webcrawler/awsx/config.go:10.57,18.2 2 0
webcrawler/config/fetch.go:19.26,21.16 2 0
webcrawler/config/fetch.go:21.16,23.3 1 0
webcrawler/config/fetch.go:24.2,26.16 3 0
webcrawler/config/fetch.go:26.16,28.3 1 0
webcrawler/config/fetch.go:30.2,35.39 2 0
webcrawler/config/fetch.go:35.39,38.17 2 0
webcrawler/config/fetch.go:38.17,40.12 2 0
webcrawler/config/fetch.go:42.3,42.38 1 0
webcrawler/config/fetch.go:44.2,44.13 1 0
webcrawler/config/fetch.go:47.49,50.16 2 0
webcrawler/config/fetch.go:50.16,53.3 2 0
webcrawler/config/fetch.go:55.2,56.18 2 0
webcrawler/dynamoDBx/add.go:11.66,13.16 2 0
webcrawler/dynamoDBx/add.go:13.16,15.3 1 0
webcrawler/dynamoDBx/add.go:16.2,21.12 3 0
webcrawler/dynamoDBx/add.go:24.75,26.16 2 0
webcrawler/dynamoDBx/add.go:26.16,28.3 1 0
webcrawler/dynamoDBx/add.go:29.2,34.12 3 0
webcrawler/dynamoDBx/fetch.go:11.88,18.16 2 0
webcrawler/dynamoDBx/fetch.go:18.16,20.3 1 0
webcrawler/dynamoDBx/fetch.go:21.2,21.22 1 0
webcrawler/dynamoDBx/fetch.go:21.22,23.3 1 0
webcrawler/dynamoDBx/fetch.go:24.2,25.16 2 0
webcrawler/dynamoDBx/fetch.go:25.16,27.3 1 0
webcrawler/dynamoDBx/fetch.go:28.2,28.28 1 0
webcrawler/dynamoDBx/fetch.go:31.82,38.16 2 0
webcrawler/dynamoDBx/fetch.go:38.16,40.3 1 0
webcrawler/dynamoDBx/fetch.go:41.2,41.17 1 0
webcrawler/dynamoDBx/fetch.go:41.17,43.3 1 0
webcrawler/dynamoDBx/fetch.go:44.2,45.16 2 0
webcrawler/dynamoDBx/fetch.go:45.16,47.3 1 0
webcrawler/dynamoDBx/fetch.go:48.2,48.19 1 0
webcrawler/dynamoDBx/fetch.go:51.88,54.16 3 0
webcrawler/dynamoDBx/fetch.go:54.16,56.3 1 0
webcrawler/dynamoDBx/fetch.go:57.2,57.18 1 0
webcrawler/dynamoDBx/fetch.go:60.73,63.16 3 0
webcrawler/dynamoDBx/fetch.go:63.16,65.3 1 0
webcrawler/dynamoDBx/fetch.go:66.2,66.21 1 0
webcrawler/dynamoDBx/remove.go:10.72,18.2 2 0
webcrawler/dynamoDBx/remove.go:20.78,28.2 2 0
webcrawler/dynamoDBx/type.go:22.67,26.41 3 0
webcrawler/dynamoDBx/type.go:26.41,27.102 1 0
webcrawler/dynamoDBx/type.go:27.102,33.4 1 0
webcrawler/dynamoDBx/type.go:34.3,34.46 1 0
webcrawler/dynamoDBx/type.go:37.2,41.3 1 0
webcrawler/dynamoDBx/type.go:45.57,48.16 3 0
webcrawler/dynamoDBx/type.go:48.16,50.3 1 0
webcrawler/dynamoDBx/type.go:52.2,53.16 2 0
webcrawler/dynamoDBx/type.go:53.16,55.3 1 0
webcrawler/dynamoDBx/type.go:57.2,66.16 3 0
webcrawler/dynamoDBx/type.go:66.16,68.3 1 0
webcrawler/dynamoDBx/type.go:71.2,73.26 1 0
webcrawler/dynamoDBx/type.go:73.26,79.3 1 0
webcrawler/dynamoDBx/type.go:81.2,87.8 2 0
webcrawler/dynamoDBx/type.go:90.54,113.16 3 0
webcrawler/dynamoDBx/type.go:113.16,115.3 1 0
webcrawler/dynamoDBx/type.go:117.2,139.16 3 0
webcrawler/dynamoDBx/type.go:139.16,141.3 1 0
webcrawler/dynamoDBx/type.go:143.2,143.12 1 0
webcrawler/dynamoDBx/update.go:11.94,13.16 2 0
webcrawler/dynamoDBx/update.go:13.16,15.3 1 0
webcrawler/dynamoDBx/update.go:16.2,16.65 1 0
webcrawler/dynamoDBx/update.go:16.65,19.3 2 0
webcrawler/dynamoDBx/update.go:19.8,21.3 1 0
webcrawler/dynamoDBx/update.go:23.2,28.16 5 0
webcrawler/dynamoDBx/update.go:28.16,30.3 1 0
webcrawler/dynamoDBx/update.go:31.2,35.12 2 0
webcrawler/formating/text.go:15.66,18.40 3 0
webcrawler/formating/text.go:18.40,21.3 2 0
webcrawler/formating/text.go:23.2,29.19 6 0
webcrawler/formating/text.go:32.64,34.2 1 0
webcrawler/formating/text.go:36.65,38.29 2 0
webcrawler/formating/text.go:38.29,41.3 2 0
webcrawler/formating/text.go:42.2,42.17 1 0
webcrawler/formating/text.go:45.48,46.38 1 0
webcrawler/formating/text.go:46.38,48.3 1 0
webcrawler/formating/text.go:49.2,50.16 2 0
webcrawler/formating/text.go:50.16,52.3 1 0
webcrawler/formating/text.go:53.2,54.19 2 0
webcrawler/formating/text.go:57.48,61.23 3 0
webcrawler/formating/text.go:61.23,62.29 1 0
webcrawler/formating/text.go:62.29,65.4 2 0
webcrawler/formating/text.go:67.2,67.15 1 0
webcrawler/formating/text.go:70.48,72.29 2 0
webcrawler/formating/text.go:72.29,73.36 1 0
webcrawler/formating/text.go:73.36,75.4 1 0
webcrawler/formating/text.go:78.2,78.15 1 0
webcrawler/formating/text.go:81.52,84.2 2 0
webcrawler/formating/text.go:86.45,88.29 2 0
webcrawler/formating/text.go:88.29,90.17 2 0
webcrawler/formating/text.go:90.17,92.4 1 0
webcrawler/formating/text.go:93.3,94.38 2 0
webcrawler/formating/text.go:96.2,96.15 1 0
webcrawler/formating/text.go:99.44,101.29 2 0
webcrawler/formating/text.go:101.29,103.17 2 0
webcrawler/formating/text.go:103.17,105.4 1 0
webcrawler/formating/text.go:106.3,106.27 1 0
webcrawler/formating/text.go:106.27,107.12 1 0
webcrawler/formating/text.go:109.3,109.38 1 0
webcrawler/formating/text.go:111.2,111.15 1 0
webcrawler/formating/text.go:114.51,123.29 3 0
webcrawler/formating/text.go:123.29,125.49 2 0
webcrawler/formating/text.go:125.49,126.12 1 0
webcrawler/formating/text.go:128.3,129.25 2 0
webcrawler/formating/text.go:129.25,130.9 1 0
webcrawler/formating/text.go:133.2,133.15 1 0
webcrawler/graphx/add.go:9.73,11.81 2 0
webcrawler/graphx/add.go:11.81,23.3 2 0
webcrawler/graphx/add.go:24.2,24.12 1 0
webcrawler/graphx/add.go:27.68,30.34 3 0
webcrawler/graphx/add.go:30.34,31.81 1 0
webcrawler/graphx/add.go:31.81,46.4 2 0
webcrawler/graphx/add.go:48.3,48.17 1 0
webcrawler/graphx/add.go:48.17,50.4 1 0
webcrawler/graphx/add.go:52.2,52.12 1 0
webcrawler/graphx/add.go:55.86,57.81 2 0
webcrawler/graphx/add.go:57.81,70.3 2 0
webcrawler/graphx/add.go:71.2,71.12 1 0
webcrawler/graphx/conn.go:10.107,19.16 5 0
webcrawler/graphx/conn.go:19.16,21.3 1 0
webcrawler/graphx/conn.go:22.2,23.16 2 0
webcrawler/graphx/conn.go:23.16,24.13 1 0
webcrawler/graphx/conn.go:26.2,26.20 1 0
webcrawler/graphx/conn.go:29.48,34.2 1 0
webcrawler/graphx/conn.go:35.60,42.16 2 0
webcrawler/graphx/conn.go:42.16,44.3 1 0
webcrawler/graphx/conn.go:46.2,47.16 2 0
webcrawler/graphx/conn.go:47.16,49.3 1 0
webcrawler/graphx/conn.go:51.2,55.16 2 0
webcrawler/graphx/conn.go:55.16,57.3 1 0
webcrawler/graphx/conn.go:59.2,60.16 2 0
webcrawler/graphx/conn.go:60.16,62.3 1 0
webcrawler/graphx/conn.go:64.2,66.8 1 0
webcrawler/graphx/get.go:10.91,14.85 3 0
webcrawler/graphx/get.go:14.85,21.17 2 0
webcrawler/graphx/get.go:21.17,23.4 1 0
webcrawler/graphx/get.go:25.3,25.21 1 0
webcrawler/graphx/get.go:25.21,33.4 4 0
webcrawler/graphx/get.go:34.3,34.46 1 0
webcrawler/graphx/get.go:36.2,36.16 1 0
webcrawler/graphx/get.go:36.16,38.3 1 0
webcrawler/graphx/get.go:40.2,40.35 1 0
webcrawler/graphx/get.go:43.81,47.85 3 0
webcrawler/graphx/get.go:47.85,52.17 2 0
webcrawler/graphx/get.go:52.17,54.4 1 0
webcrawler/graphx/get.go:56.3,56.21 1 0
webcrawler/graphx/get.go:56.21,63.22 5 0
webcrawler/graphx/get.go:63.22,65.5 1 0
webcrawler/graphx/get.go:67.4,69.25 3 0
webcrawler/graphx/get.go:69.25,71.5 1 0
webcrawler/graphx/get.go:73.4,74.23 2 0
webcrawler/graphx/get.go:74.23,76.5 1 0
webcrawler/graphx/get.go:78.4,82.10 1 0
webcrawler/graphx/get.go:84.3,84.43 1 0
webcrawler/graphx/get.go:86.2,86.16 1 0
webcrawler/graphx/get.go:86.16,88.3 1 0
webcrawler/graphx/get.go:90.2,90.32 1 0
webcrawler/handler/flow.go:11.44,13.26 1 0
webcrawler/handler/flow.go:13.26,19.17 3 0
webcrawler/handler/flow.go:19.17,21.4 1 0
webcrawler/handler/flow.go:23.3,24.30 2 0
webcrawler/handler/flow.go:24.30,27.14 2 0
webcrawler/handler/flow.go:27.14,31.19 3 0
webcrawler/handler/flow.go:31.19,33.6 1 0
webcrawler/handler/flow.go:34.5,34.15 1 0
webcrawler/handler/flow.go:34.15,38.6 3 0
webcrawler/handler/flow.go:40.5,41.19 2 0
webcrawler/handler/flow.go:41.19,45.6 3 0
webcrawler/handler/flow.go:47.5,48.19 2 0
webcrawler/handler/flow.go:48.19,51.6 2 0
webcrawler/handler/flow.go:52.5,58.19 5 0
webcrawler/handler/flow.go:58.19,62.6 3 0
webcrawler/handler/flow.go:64.5,64.62 1 0
webcrawler/handler/flow.go:64.62,67.6 2 0
webcrawler/handler/flow.go:69.5,70.19 2 0
webcrawler/handler/flow.go:70.19,73.6 2 0
webcrawler/handler/flow.go:75.5,76.19 2 0
webcrawler/handler/flow.go:76.19,79.6 2 0
webcrawler/handler/flow.go:81.5,82.19 2 0
webcrawler/handler/flow.go:82.19,85.6 2 0
webcrawler/handler/flow.go:89.4,89.13 1 0
webcrawler/handler/type.go:30.105,38.2 1 0
webcrawler/queue/add.go:12.66,14.16 2 0
webcrawler/queue/add.go:14.16,16.3 1 0
webcrawler/queue/add.go:17.2,21.12 2 0
webcrawler/queue/add.go:23.74,25.27 2 0
webcrawler/queue/add.go:25.27,27.3 1 0
webcrawler/queue/add.go:28.2,28.33 1 0
webcrawler/queue/add.go:31.74,33.48 2 0
webcrawler/queue/add.go:33.48,35.26 2 0
webcrawler/queue/add.go:35.26,37.4 1 0
webcrawler/queue/add.go:38.3,41.29 3 0
webcrawler/queue/add.go:41.29,43.18 2 0
webcrawler/queue/add.go:43.18,45.5 1 0
webcrawler/queue/add.go:47.4,52.36 2 0
webcrawler/queue/add.go:55.3,60.17 2 0
webcrawler/queue/add.go:60.17,62.4 1 0
webcrawler/queue/add.go:64.2,64.12 1 0
webcrawler/queue/fetch.go:10.64,15.16 2 0
webcrawler/queue/fetch.go:15.16,17.3 1 0
webcrawler/queue/fetch.go:18.2,19.16 2 0
webcrawler/queue/fetch.go:19.16,21.3 1 0
webcrawler/queue/fetch.go:23.2,23.20 1 0
webcrawler/queue/fetch.go:26.75,28.40 2 0
webcrawler/queue/fetch.go:28.40,32.17 3 0
webcrawler/queue/fetch.go:32.17,34.4 1 0
webcrawler/queue/fetch.go:35.3,38.5 1 0
webcrawler/queue/fetch.go:40.2,40.20 1 0
webcrawler/queue/remove.go:9.75,15.2 2 0
webcrawler/queue/type.go:26.47,27.41 1 0
webcrawler/queue/type.go:27.41,28.102 1 0
webcrawler/queue/type.go:28.102,34.4 1 0
webcrawler/queue/type.go:36.2,39.3 1 0
webcrawler/queue/type.go:42.37,46.2 1 0
webcrawler/site/format.go:19.53,25.16 3 0
webcrawler/site/format.go:25.16,27.3 1 0
webcrawler/site/format.go:29.2,30.28 2 0
webcrawler/site/format.go:30.28,32.3 1 0
webcrawler/site/format.go:35.2,37.16 2 0
webcrawler/site/format.go:37.16,39.3 1 0
webcrawler/site/format.go:41.2,44.27 4 0
webcrawler/site/format.go:44.27,46.3 1 0
webcrawler/site/format.go:46.8,48.3 1 0
webcrawler/site/format.go:50.2,58.22 2 0
webcrawler/site/format.go:61.51,64.29 3 0
webcrawler/site/format.go:64.29,67.34 3 0
webcrawler/site/format.go:67.34,69.4 1 0
webcrawler/site/format.go:71.2,71.31 1 0
webcrawler/site/format.go:71.31,73.3 1 0
webcrawler/site/format.go:74.2,74.24 1 0
webcrawler/site/format.go:77.64,84.2 2 0
webcrawler/site/format.go:87.40,89.41 2 0
webcrawler/site/format.go:89.41,91.3 1 0
webcrawler/site/format.go:92.2,92.42 1 0
webcrawler/site/format.go:92.42,94.3 1 0
webcrawler/site/format.go:95.2,95.42 1 0
webcrawler/site/format.go:95.42,97.3 1 0
webcrawler/site/format.go:98.2,98.43 1 0
webcrawler/site/format.go:98.43,100.3 1 0
webcrawler/site/format.go:101.2,101.44 1 0
webcrawler/site/format.go:101.44,103.3 1 0
webcrawler/site/format.go:105.2,115.30 10 0
webcrawler/site/format.go:115.30,117.3 1 0
webcrawler/site/format.go:118.2,118.28 1 0
webcrawler/site/format.go:121.30,125.2 2 0
webcrawler/site/format.go:127.37,131.2 2 0
webcrawler/site/format.go:133.36,136.2 2 0
webcrawler/site/format.go:138.29,141.2 2 0
webcrawler/site/format.go:143.65,145.35 2 0
webcrawler/site/format.go:145.35,147.3 1 0
webcrawler/site/format.go:148.2,148.14 1 0
webcrawler/site/robots.go:13.48,15.2 1 0
webcrawler/site/robots.go:17.50,19.16 2 0
webcrawler/site/robots.go:19.16,21.3 1 0
webcrawler/site/robots.go:23.2,28.16 3 0
webcrawler/site/robots.go:28.16,30.3 1 0
webcrawler/site/robots.go:31.2,31.44 1 0
webcrawler/site/robots.go:31.44,33.3 1 0
webcrawler/site/robots.go:35.2,38.16 3 0
webcrawler/site/robots.go:38.16,40.3 1 0
webcrawler/site/robots.go:41.2,43.40 2 0
webcrawler/site/validate.go:5.49,7.25 2 0
webcrawler/site/validate.go:7.25,9.3 1 0
webcrawler/site/validate.go:10.2,10.13 1 0
webcrawler/sqlRelational/add.go:8.56,13.2 3 0
webcrawler/sqlRelational/add.go:15.47,20.2 3 0
webcrawler/sqlRelational/conn.go:15.37,25.16 6 0
webcrawler/sqlRelational/conn.go:25.16,26.13 1 0
webcrawler/sqlRelational/conn.go:28.2,28.15 1 0
webcrawler/sqlRelational/conn.go:31.32,36.2 1 0
webcrawler/sqlRelational/fetch.go:11.65,16.16 5 0
webcrawler/sqlRelational/fetch.go:16.16,17.36 1 0
webcrawler/sqlRelational/fetch.go:17.36,20.4 2 0
webcrawler/sqlRelational/fetch.go:21.3,21.30 1 0
webcrawler/sqlRelational/fetch.go:23.2,23.22 1 0
webcrawler/sqlRelational/fetch.go:26.59,31.16 5 0
webcrawler/sqlRelational/fetch.go:31.16,32.36 1 0
webcrawler/sqlRelational/fetch.go:32.36,35.4 2 0
webcrawler/sqlRelational/fetch.go:36.3,36.27 1 0
webcrawler/sqlRelational/fetch.go:38.2,38.19 1 0
webcrawler/sqlRelational/update.go:9.75,12.16 2 0
webcrawler/sqlRelational/update.go:12.16,14.3 1 0
webcrawler/sqlRelational/update.go:15.2,15.65 1 0
webcrawler/sqlRelational/update.go:15.65,18.17 3 0
webcrawler/sqlRelational/update.go:18.17,20.4 1 0
webcrawler/sqlRelational/update.go:21.3,21.13 1 0
webcrawler/sqlRelational/update.go:23.2,27.12 4 0
webcrawler/sqlRelational/update.go:30.50,33.2 1 0
webcrawler/main.go:16.13,20.16 3 0
webcrawler/main.go:20.16,22.3 1 0
webcrawler/main.go:24.2,24.16 1 0
webcrawler/main.go:24.16,26.3 1 0
webcrawler/main.go:28.2,29.16 2 0
webcrawler/main.go:29.16,31.3 1 0
webcrawler/main.go:32.2,42.16 4 0
webcrawler/main.go:42.16,44.3 1 0
webcrawler/main.go:45.2,90.18 6 0
webcrawler/awsx/config.go:10.57,18.2 2 0
webcrawler/config/fetch.go:19.26,21.16 2 0
webcrawler/config/fetch.go:21.16,23.3 1 0
webcrawler/config/fetch.go:24.2,26.16 3 0
webcrawler/config/fetch.go:26.16,28.3 1 0
webcrawler/config/fetch.go:30.2,35.39 2 0
webcrawler/config/fetch.go:35.39,38.17 2 0
webcrawler/config/fetch.go:38.17,40.12 2 0
webcrawler/config/fetch.go:42.3,42.38 1 0
webcrawler/config/fetch.go:44.2,44.13 1 0
webcrawler/config/fetch.go:47.49,50.16 2 0
webcrawler/config/fetch.go:50.16,53.3 2 0
webcrawler/config/fetch.go:55.2,56.18 2 0
webcrawler/dynamoDBx/add.go:11.66,13.16 2 0
webcrawler/dynamoDBx/add.go:13.16,15.3 1 0
webcrawler/dynamoDBx/add.go:16.2,21.12 3 0
webcrawler/dynamoDBx/add.go:24.75,26.16 2 0
webcrawler/dynamoDBx/add.go:26.16,28.3 1 0
webcrawler/dynamoDBx/add.go:29.2,34.12 3 0
webcrawler/dynamoDBx/fetch.go:11.88,18.16 2 0
webcrawler/dynamoDBx/fetch.go:18.16,20.3 1 0
webcrawler/dynamoDBx/fetch.go:21.2,21.22 1 0
webcrawler/dynamoDBx/fetch.go:21.22,23.3 1 0
webcrawler/dynamoDBx/fetch.go:24.2,25.16 2 0
webcrawler/dynamoDBx/fetch.go:25.16,27.3 1 0
webcrawler/dynamoDBx/fetch.go:28.2,28.28 1 0
webcrawler/dynamoDBx/fetch.go:31.82,38.16 2 0
webcrawler/dynamoDBx/fetch.go:38.16,40.3 1 0
webcrawler/dynamoDBx/fetch.go:41.2,41.17 1 0
webcrawler/dynamoDBx/fetch.go:41.17,43.3 1 0
webcrawler/dynamoDBx/fetch.go:44.2,45.16 2 0
webcrawler/dynamoDBx/fetch.go:45.16,47.3 1 0
webcrawler/dynamoDBx/fetch.go:48.2,48.19 1 0
webcrawler/dynamoDBx/fetch.go:51.88,54.16 3 0
webcrawler/dynamoDBx/fetch.go:54.16,56.3 1 0
webcrawler/dynamoDBx/fetch.go:57.2,57.18 1 0
webcrawler/dynamoDBx/fetch.go:60.73,63.16 3 0
webcrawler/dynamoDBx/fetch.go:63.16,65.3 1 0
webcrawler/dynamoDBx/fetch.go:66.2,66.21 1 0
webcrawler/dynamoDBx/remove.go:10.72,18.2 2 0
webcrawler/dynamoDBx/remove.go:20.78,28.2 2 0
webcrawler/dynamoDBx/type.go:22.67,26.41 3 0
webcrawler/dynamoDBx/type.go:26.41,27.102 1 0
webcrawler/dynamoDBx/type.go:27.102,33.4 1 0
webcrawler/dynamoDBx/type.go:34.3,34.46 1 0
webcrawler/dynamoDBx/type.go:37.2,41.3 1 0
webcrawler/dynamoDBx/type.go:45.57,48.16 3 0
webcrawler/dynamoDBx/type.go:48.16,50.3 1 0
webcrawler/dynamoDBx/type.go:52.2,53.16 2 0
webcrawler/dynamoDBx/type.go:53.16,55.3 1 0
webcrawler/dynamoDBx/type.go:57.2,66.16 3 0
webcrawler/dynamoDBx/type.go:66.16,68.3 1 0
webcrawler/dynamoDBx/type.go:71.2,73.26 1 0
webcrawler/dynamoDBx/type.go:73.26,79.3 1 0
webcrawler/dynamoDBx/type.go:81.2,87.8 2 0
webcrawler/dynamoDBx/type.go:90.54,113.16 3 0
webcrawler/dynamoDBx/type.go:113.16,115.3 1 0
webcrawler/dynamoDBx/type.go:117.2,139.16 3 0
webcrawler/dynamoDBx/type.go:139.16,141.3 1 0
webcrawler/dynamoDBx/type.go:143.2,143.12 1 0
webcrawler/dynamoDBx/update.go:11.94,13.16 2 0
webcrawler/dynamoDBx/update.go:13.16,15.3 1 0
webcrawler/dynamoDBx/update.go:16.2,16.65 1 0
webcrawler/dynamoDBx/update.go:16.65,19.3 2 0
webcrawler/dynamoDBx/update.go:19.8,21.3 1 0
webcrawler/dynamoDBx/update.go:23.2,28.16 5 0
webcrawler/dynamoDBx/update.go:28.16,30.3 1 0
webcrawler/dynamoDBx/update.go:31.2,35.12 2 0
webcrawler/formating/text.go:15.66,18.40 3 0
webcrawler/formating/text.go:18.40,21.3 2 0
webcrawler/formating/text.go:23.2,29.19 6 0
webcrawler/formating/text.go:32.64,34.2 1 0
webcrawler/formating/text.go:36.65,38.29 2 0
webcrawler/formating/text.go:38.29,41.3 2 0
webcrawler/formating/text.go:42.2,42.17 1 0
webcrawler/formating/text.go:45.48,46.38 1 0
webcrawler/formating/text.go:46.38,48.3 1 0
webcrawler/formating/text.go:49.2,50.16 2 0
webcrawler/formating/text.go:50.16,52.3 1 0
webcrawler/formating/text.go:53.2,54.19 2 0
webcrawler/formating/text.go:57.48,61.23 3 0
webcrawler/formating/text.go:61.23,62.29 1 0
webcrawler/formating/text.go:62.29,65.4 2 0
webcrawler/formating/text.go:67.2,67.15 1 0
webcrawler/formating/text.go:70.48,72.29 2 0
webcrawler/formating/text.go:72.29,73.36 1 0
webcrawler/formating/text.go:73.36,75.4 1 0
webcrawler/formating/text.go:78.2,78.15 1 0
webcrawler/formating/text.go:81.52,84.2 2 0
webcrawler/formating/text.go:86.45,88.29 2 0
webcrawler/formating/text.go:88.29,90.17 2 0
webcrawler/formating/text.go:90.17,92.4 1 0
webcrawler/formating/text.go:93.3,94.38 2 0
webcrawler/formating/text.go:96.2,96.15 1 0
webcrawler/formating/text.go:99.44,101.29 2 0
webcrawler/formating/text.go:101.29,103.17 2 0
webcrawler/formating/text.go:103.17,105.4 1 0
webcrawler/formating/text.go:106.3,106.27 1 0
webcrawler/formating/text.go:106.27,107.12 1 0
webcrawler/formating/text.go:109.3,109.38 1 0
webcrawler/formating/text.go:111.2,111.15 1 0
webcrawler/formating/text.go:114.51,123.29 3 0
webcrawler/formating/text.go:123.29,125.49 2 0
webcrawler/formating/text.go:125.49,126.12 1 0
webcrawler/formating/text.go:128.3,129.25 2 0
webcrawler/formating/text.go:129.25,130.9 1 0
webcrawler/formating/text.go:133.2,133.15 1 0
webcrawler/graphx/add.go:9.73,11.81 2 0
webcrawler/graphx/add.go:11.81,23.3 2 0
webcrawler/graphx/add.go:24.2,24.12 1 0
webcrawler/graphx/add.go:27.68,30.34 3 0
webcrawler/graphx/add.go:30.34,31.81 1 0
webcrawler/graphx/add.go:31.81,46.4 2 0
webcrawler/graphx/add.go:48.3,48.17 1 0
webcrawler/graphx/add.go:48.17,50.4 1 0
webcrawler/graphx/add.go:52.2,52.12 1 0
webcrawler/graphx/add.go:55.86,57.81 2 0
webcrawler/graphx/add.go:57.81,70.3 2 0
webcrawler/graphx/add.go:71.2,71.12 1 0
webcrawler/graphx/conn.go:10.107,19.16 5 0
webcrawler/graphx/conn.go:19.16,21.3 1 0
webcrawler/graphx/conn.go:22.2,23.16 2 0
webcrawler/graphx/conn.go:23.16,24.13 1 0
webcrawler/graphx/conn.go:26.2,26.20 1 0
webcrawler/graphx/conn.go:29.48,34.2 1 0
webcrawler/graphx/conn.go:35.60,42.16 2 0
webcrawler/graphx/conn.go:42.16,44.3 1 0
webcrawler/graphx/conn.go:46.2,47.16 2 0
webcrawler/graphx/conn.go:47.16,49.3 1 0
webcrawler/graphx/conn.go:51.2,55.16 2 0
webcrawler/graphx/conn.go:55.16,57.3 1 0
webcrawler/graphx/conn.go:59.2,60.16 2 0
webcrawler/graphx/conn.go:60.16,62.3 1 0
webcrawler/graphx/conn.go:64.2,66.8 1 0
webcrawler/graphx/get.go:10.91,14.85 3 0
webcrawler/graphx/get.go:14.85,21.17 2 0
webcrawler/graphx/get.go:21.17,23.4 1 0
webcrawler/graphx/get.go:25.3,25.21 1 0
webcrawler/graphx/get.go:25.21,33.4 4 0
webcrawler/graphx/get.go:34.3,34.46 1 0
webcrawler/graphx/get.go:36.2,36.16 1 0
webcrawler/graphx/get.go:36.16,38.3 1 0
webcrawler/graphx/get.go:40.2,40.35 1 0
webcrawler/graphx/get.go:43.81,47.85 3 0
webcrawler/graphx/get.go:47.85,52.17 2 0
webcrawler/graphx/get.go:52.17,54.4 1 0
webcrawler/graphx/get.go:56.3,56.21 1 0
webcrawler/graphx/get.go:56.21,63.22 5 0
webcrawler/graphx/get.go:63.22,65.5 1 0
webcrawler/graphx/get.go:67.4,69.25 3 0
webcrawler/graphx/get.go:69.25,71.5 1 0
webcrawler/graphx/get.go:73.4,74.23 2 0
webcrawler/graphx/get.go:74.23,76.5 1 0
webcrawler/graphx/get.go:78.4,82.10 1 0
webcrawler/graphx/get.go:84.3,84.43 1 0
webcrawler/graphx/get.go:86.2,86.16 1 0
webcrawler/graphx/get.go:86.16,88.3 1 0
webcrawler/graphx/get.go:90.2,90.32 1 0
webcrawler/handler/flow.go:11.44,13.26 1 0
webcrawler/handler/flow.go:13.26,19.17 3 0
webcrawler/handler/flow.go:19.17,21.4 1 0
webcrawler/handler/flow.go:23.3,24.30 2 0
webcrawler/handler/flow.go:24.30,27.14 2 0
webcrawler/handler/flow.go:27.14,31.19 3 0
webcrawler/handler/flow.go:31.19,33.6 1 0
webcrawler/handler/flow.go:34.5,34.15 1 0
webcrawler/handler/flow.go:34.15,38.6 3 0
webcrawler/handler/flow.go:40.5,41.19 2 0
webcrawler/handler/flow.go:41.19,45.6 3 0
webcrawler/handler/flow.go:47.5,48.19 2 0
webcrawler/handler/flow.go:48.19,51.6 2 0
webcrawler/handler/flow.go:52.5,58.19 5 0
webcrawler/handler/flow.go:58.19,62.6 3 0
webcrawler/handler/flow.go:64.5,64.62 1 0
webcrawler/handler/flow.go:64.62,67.6 2 0
webcrawler/handler/flow.go:69.5,70.19 2 0
webcrawler/handler/flow.go:70.19,73.6 2 0
webcrawler/handler/flow.go:75.5,76.19 2 0
webcrawler/handler/flow.go:76.19,79.6 2 0
webcrawler/handler/flow.go:81.5,82.19 2 0
webcrawler/handler/flow.go:82.19,85.6 2 0
webcrawler/handler/flow.go:89.4,89.13 1 0
webcrawler/handler/type.go:30.105,38.2 1 0
webcrawler/queue/add.go:12.66,14.16 2 0
webcrawler/queue/add.go:14.16,16.3 1 0
webcrawler/queue/add.go:17.2,21.12 2 0
webcrawler/queue/add.go:23.74,25.27 2 0
webcrawler/queue/add.go:25.27,27.3 1 0
webcrawler/queue/add.go:28.2,28.33 1 0
webcrawler/queue/add.go:31.74,33.48 2 0
webcrawler/queue/add.go:33.48,35.26 2 0
webcrawler/queue/add.go:35.26,37.4 1 0
webcrawler/queue/add.go:38.3,41.29 3 0
webcrawler/queue/add.go:41.29,43.18 2 0
webcrawler/queue/add.go:43.18,45.5 1 0
webcrawler/queue/add.go:47.4,52.36 2 0
webcrawler/queue/add.go:55.3,60.17 2 0
webcrawler/queue/add.go:60.17,62.4 1 0
webcrawler/queue/add.go:64.2,64.12 1 0
webcrawler/queue/fetch.go:10.64,15.16 2 0
webcrawler/queue/fetch.go:15.16,17.3 1 0
webcrawler/queue/fetch.go:18.2,19.16 2 0
webcrawler/queue/fetch.go:19.16,21.3 1 0
webcrawler/queue/fetch.go:23.2,23.20 1 0
webcrawler/queue/fetch.go:26.75,28.40 2 0
webcrawler/queue/fetch.go:28.40,32.17 3 0
webcrawler/queue/fetch.go:32.17,34.4 1 0
webcrawler/queue/fetch.go:35.3,38.5 1 0
webcrawler/queue/fetch.go:40.2,40.20 1 0
webcrawler/queue/remove.go:9.75,15.2 2 0
webcrawler/queue/type.go:26.47,27.41 1 0
webcrawler/queue/type.go:27.41,28.102 1 0
webcrawler/queue/type.go:28.102,34.4 1 0
webcrawler/queue/type.go:36.2,39.3 1 0
webcrawler/queue/type.go:42.37,46.2 1 1
webcrawler/site/format.go:19.53,25.16 3 0
webcrawler/site/format.go:25.16,27.3 1 0
webcrawler/site/format.go:29.2,30.28 2 0
webcrawler/site/format.go:30.28,32.3 1 0
webcrawler/site/format.go:35.2,37.16 2 0
webcrawler/site/format.go:37.16,39.3 1 0
webcrawler/site/format.go:41.2,44.27 4 0
webcrawler/site/format.go:44.27,46.3 1 0
webcrawler/site/format.go:46.8,48.3 1 0
webcrawler/site/format.go:50.2,58.22 2 0
webcrawler/site/format.go:61.51,64.29 3 0
webcrawler/site/format.go:64.29,67.34 3 0
webcrawler/site/format.go:67.34,69.4 1 0
webcrawler/site/format.go:71.2,71.31 1 0
webcrawler/site/format.go:71.31,73.3 1 0
webcrawler/site/format.go:74.2,74.24 1 0
webcrawler/site/format.go:77.64,84.2 2 0
webcrawler/site/format.go:87.40,89.41 2 0
webcrawler/site/format.go:89.41,91.3 1 0
webcrawler/site/format.go:92.2,92.42 1 0
webcrawler/site/format.go:92.42,94.3 1 0
webcrawler/site/format.go:95.2,95.42 1 0
webcrawler/site/format.go:95.42,97.3 1 0
webcrawler/site/format.go:98.2,98.43 1 0
webcrawler/site/format.go:98.43,100.3 1 0
webcrawler/site/format.go:101.2,101.44 1 0
webcrawler/site/format.go:101.44,103.3 1 0
webcrawler/site/format.go:105.2,115.30 10 0
webcrawler/site/format.go:115.30,117.3 1 0
webcrawler/site/format.go:118.2,118.28 1 0
webcrawler/site/format.go:121.30,125.2 2 0
webcrawler/site/format.go:127.37,131.2 2 0
webcrawler/site/format.go:133.36,136.2 2 0
webcrawler/site/format.go:138.29,141.2 2 0
webcrawler/site/format.go:143.65,145.35 2 0
webcrawler/site/format.go:145.35,147.3 1 0
webcrawler/site/format.go:148.2,148.14 1 0
webcrawler/site/robots.go:13.48,15.2 1 0
webcrawler/site/robots.go:17.50,19.16 2 0
webcrawler/site/robots.go:19.16,21.3 1 0
webcrawler/site/robots.go:23.2,28.16 3 0
webcrawler/site/robots.go:28.16,30.3 1 0
webcrawler/site/robots.go:31.2,31.44 1 0
webcrawler/site/robots.go:31.44,33.3 1 0
webcrawler/site/robots.go:35.2,38.16 3 0
webcrawler/site/robots.go:38.16,40.3 1 0
webcrawler/site/robots.go:41.2,43.40 2 0
webcrawler/site/validate.go:5.49,7.25 2 0
webcrawler/site/validate.go:7.25,9.3 1 0
webcrawler/site/validate.go:10.2,10.13 1 0
webcrawler/sqlRelational/add.go:8.56,13.2 3 0
webcrawler/sqlRelational/add.go:15.47,20.2 3 0
webcrawler/sqlRelational/conn.go:15.37,25.16 6 0
webcrawler/sqlRelational/conn.go:25.16,26.13 1 0
webcrawler/sqlRelational/conn.go:28.2,28.15 1 0
webcrawler/sqlRelational/conn.go:31.32,36.2 1 0
webcrawler/sqlRelational/fetch.go:11.65,16.16 5 0
webcrawler/sqlRelational/fetch.go:16.16,17.36 1 0
webcrawler/sqlRelational/fetch.go:17.36,20.4 2 0
webcrawler/sqlRelational/fetch.go:21.3,21.30 1 0
webcrawler/sqlRelational/fetch.go:23.2,23.22 1 0
webcrawler/sqlRelational/fetch.go:26.59,31.16 5 0
webcrawler/sqlRelational/fetch.go:31.16,32.36 1 0
webcrawler/sqlRelational/fetch.go:32.36,35.4 2 0
webcrawler/sqlRelational/fetch.go:36.3,36.27 1 0
webcrawler/sqlRelational/fetch.go:38.2,38.19 1 0
webcrawler/sqlRelational/update.go:9.75,12.16 2 0
webcrawler/sqlRelational/update.go:12.16,14.3 1 0
webcrawler/sqlRelational/update.go:15.2,15.65 1 0
webcrawler/sqlRelational/update.go:15.65,18.17 3 0
webcrawler/sqlRelational/update.go:18.17,20.4 1 0
webcrawler/sqlRelational/update.go:21.3,21.13 1 0
webcrawler/sqlRelational/update.go:23.2,27.12 4 0
webcrawler/sqlRelational/update.go:30.50,33.2 1 0
webcrawler/main.go:16.13,20.16 3 0
webcrawler/main.go:20.16,22.3 1 0
webcrawler/main.go:24.2,24.16 1 0
webcrawler/main.go:24.16,26.3 1 0
webcrawler/main.go:28.2,29.16 2 0
webcrawler/main.go:29.16,31.3 1 0
webcrawler/main.go:32.2,42.16 4 0
webcrawler/main.go:42.16,44.3 1 0
webcrawler/main.go:45.2,90.18 6 0
webcrawler/awsx/config.go:10.57,18.2 2 0
webcrawler/config/fetch.go:19.26,21.16 2 0
webcrawler/config/fetch.go:21.16,23.3 1 0
webcrawler/config/fetch.go:24.2,26.16 3 0
webcrawler/config/fetch.go:26.16,28.3 1 0
webcrawler/config/fetch.go:30.2,35.39 2 0
webcrawler/config/fetch.go:35.39,38.17 2 0
webcrawler/config/fetch.go:38.17,40.12 2 0
webcrawler/config/fetch.go:42.3,42.38 1 0
webcrawler/config/fetch.go:44.2,44.13 1 0
webcrawler/config/fetch.go:47.49,50.16 2 0
webcrawler/config/fetch.go:50.16,53.3 2 0
webcrawler/config/fetch.go:55.2,56.18 2 0
webcrawler/dynamoDBx/add.go:11.66,13.16 2 0
webcrawler/dynamoDBx/add.go:13.16,15.3 1 0
webcrawler/dynamoDBx/add.go:16.2,21.12 3 0
webcrawler/dynamoDBx/add.go:24.75,26.16 2 0
webcrawler/dynamoDBx/add.go:26.16,28.3 1 0
webcrawler/dynamoDBx/add.go:29.2,34.12 3 0
webcrawler/dynamoDBx/fetch.go:11.88,18.16 2 0
webcrawler/dynamoDBx/fetch.go:18.16,20.3 1 0
webcrawler/dynamoDBx/fetch.go:21.2,21.22 1 0
webcrawler/dynamoDBx/fetch.go:21.22,23.3 1 0
webcrawler/dynamoDBx/fetch.go:24.2,25.16 2 0
webcrawler/dynamoDBx/fetch.go:25.16,27.3 1 0
webcrawler/dynamoDBx/fetch.go:28.2,28.28 1 0
webcrawler/dynamoDBx/fetch.go:31.82,38.16 2 0
webcrawler/dynamoDBx/fetch.go:38.16,40.3 1 0
webcrawler/dynamoDBx/fetch.go:41.2,41.17 1 0
webcrawler/dynamoDBx/fetch.go:41.17,43.3 1 0
webcrawler/dynamoDBx/fetch.go:44.2,45.16 2 0
webcrawler/dynamoDBx/fetch.go:45.16,47.3 1 0
webcrawler/dynamoDBx/fetch.go:48.2,48.19 1 0
webcrawler/dynamoDBx/fetch.go:51.88,54.16 3 0
webcrawler/dynamoDBx/fetch.go:54.16,56.3 1 0
webcrawler/dynamoDBx/fetch.go:57.2,57.18 1 0
webcrawler/dynamoDBx/fetch.go:60.73,63.16 3 0
webcrawler/dynamoDBx/fetch.go:63.16,65.3 1 0
webcrawler/dynamoDBx/fetch.go:66.2,66.21 1 0
webcrawler/dynamoDBx/remove.go:10.72,18.2 2 0
webcrawler/dynamoDBx/remove.go:20.78,28.2 2 0
webcrawler/dynamoDBx/type.go:22.67,26.41 3 0
webcrawler/dynamoDBx/type.go:26.41,27.102 1 0
webcrawler/dynamoDBx/type.go:27.102,33.4 1 0
webcrawler/dynamoDBx/type.go:34.3,34.46 1 0
webcrawler/dynamoDBx/type.go:37.2,41.3 1 0
webcrawler/dynamoDBx/type.go:45.57,48.16 3 0
webcrawler/dynamoDBx/type.go:48.16,50.3 1 0
webcrawler/dynamoDBx/type.go:52.2,53.16 2 0
webcrawler/dynamoDBx/type.go:53.16,55.3 1 0
webcrawler/dynamoDBx/type.go:57.2,66.16 3 0
webcrawler/dynamoDBx/type.go:66.16,68.3 1 0
webcrawler/dynamoDBx/type.go:71.2,73.26 1 0
webcrawler/dynamoDBx/type.go:73.26,79.3 1 0
webcrawler/dynamoDBx/type.go:81.2,87.8 2 0
webcrawler/dynamoDBx/type.go:90.54,113.16 3 0
webcrawler/dynamoDBx/type.go:113.16,115.3 1 0
webcrawler/dynamoDBx/type.go:117.2,139.16 3 0
webcrawler/dynamoDBx/type.go:139.16,141.3 1 0
webcrawler/dynamoDBx/type.go:143.2,143.12 1 0
webcrawler/dynamoDBx/update.go:11.94,13.16 2 0
webcrawler/dynamoDBx/update.go:13.16,15.3 1 0
webcrawler/dynamoDBx/update.go:16.2,16.65 1 0
webcrawler/dynamoDBx/update.go:16.65,19.3 2 0
webcrawler/dynamoDBx/update.go:19.8,21.3 1 0
webcrawler/dynamoDBx/update.go:23.2,28.16 5 0
webcrawler/dynamoDBx/update.go:28.16,30.3 1 0
webcrawler/dynamoDBx/update.go:31.2,35.12 2 0
webcrawler/formating/text.go:15.66,18.40 3 0
webcrawler/formating/text.go:18.40,21.3 2 0
webcrawler/formating/text.go:23.2,29.19 6 0
webcrawler/formating/text.go:32.64,34.2 1 0
webcrawler/formating/text.go:36.65,38.29 2 0
webcrawler/formating/text.go:38.29,41.3 2 0
webcrawler/formating/text.go:42.2,42.17 1 0
webcrawler/formating/text.go:45.48,46.38 1 0
webcrawler/formating/text.go:46.38,48.3 1 0
webcrawler/formating/text.go:49.2,50.16 2 0
webcrawler/formating/text.go:50.16,52.3 1 0
webcrawler/formating/text.go:53.2,54.19 2 0
webcrawler/formating/text.go:57.48,61.23 3 0
webcrawler/formating/text.go:61.23,62.29 1 0
webcrawler/formating/text.go:62.29,65.4 2 0
webcrawler/formating/text.go:67.2,67.15 1 0
webcrawler/formating/text.go:70.48,72.29 2 0
webcrawler/formating/text.go:72.29,73.36 1 0
webcrawler/formating/text.go:73.36,75.4 1 0
webcrawler/formating/text.go:78.2,78.15 1 0
webcrawler/formating/text.go:81.52,84.2 2 0
webcrawler/formating/text.go:86.45,88.29 2 0
webcrawler/formating/text.go:88.29,90.17 2 0
webcrawler/formating/text.go:90.17,92.4 1 0
webcrawler/formating/text.go:93.3,94.38 2 0
webcrawler/formating/text.go:96.2,96.15 1 0
webcrawler/formating/text.go:99.44,101.29 2 0
webcrawler/formating/text.go:101.29,103.17 2 0
webcrawler/formating/text.go:103.17,105.4 1 0
webcrawler/formating/text.go:106.3,106.27 1 0
webcrawler/formating/text.go:106.27,107.12 1 0
webcrawler/formating/text.go:109.3,109.38 1 0
webcrawler/formating/text.go:111.2,111.15 1 0
webcrawler/formating/text.go:114.51,123.29 3 0
webcrawler/formating/text.go:123.29,125.49 2 0
webcrawler/formating/text.go:125.49,126.12 1 0
webcrawler/formating/text.go:128.3,129.25 2 0
webcrawler/formating/text.go:129.25,130.9 1 0
webcrawler/formating/text.go:133.2,133.15 1 0
webcrawler/graphx/add.go:9.73,11.81 2 0
webcrawler/graphx/add.go:11.81,23.3 2 0
webcrawler/graphx/add.go:24.2,24.12 1 0
webcrawler/graphx/add.go:27.68,30.34 3 0
webcrawler/graphx/add.go:30.34,31.81 1 0
webcrawler/graphx/add.go:31.81,46.4 2 0
webcrawler/graphx/add.go:48.3,48.17 1 0
webcrawler/graphx/add.go:48.17,50.4 1 0
webcrawler/graphx/add.go:52.2,52.12 1 0
webcrawler/graphx/add.go:55.86,57.81 2 0
webcrawler/graphx/add.go:57.81,70.3 2 0
webcrawler/graphx/add.go:71.2,71.12 1 0
webcrawler/graphx/conn.go:10.107,19.16 5 0
webcrawler/graphx/conn.go:19.16,21.3 1 0
webcrawler/graphx/conn.go:22.2,23.16 2 0
webcrawler/graphx/conn.go:23.16,24.13 1 0
webcrawler/graphx/conn.go:26.2,26.20 1 0
webcrawler/graphx/conn.go:29.48,34.2 1 0
webcrawler/graphx/conn.go:35.60,42.16 2 0
webcrawler/graphx/conn.go:42.16,44.3 1 0
webcrawler/graphx/conn.go:46.2,47.16 2 0
webcrawler/graphx/conn.go:47.16,49.3 1 0
webcrawler/graphx/conn.go:51.2,55.16 2 0
webcrawler/graphx/conn.go:55.16,57.3 1 0
webcrawler/graphx/conn.go:59.2,60.16 2 0
webcrawler/graphx/conn.go:60.16,62.3 1 0
webcrawler/graphx/conn.go:64.2,66.8 1 0
webcrawler/graphx/get.go:10.91,14.85 3 0
webcrawler/graphx/get.go:14.85,21.17 2 0
webcrawler/graphx/get.go:21.17,23.4 1 0
webcrawler/graphx/get.go:25.3,25.21 1 0
webcrawler/graphx/get.go:25.21,33.4 4 0
webcrawler/graphx/get.go:34.3,34.46 1 0
webcrawler/graphx/get.go:36.2,36.16 1 0
webcrawler/graphx/get.go:36.16,38.3 1 0
webcrawler/graphx/get.go:40.2,40.35 1 0
webcrawler/graphx/get.go:43.81,47.85 3 0
webcrawler/graphx/get.go:47.85,52.17 2 0
webcrawler/graphx/get.go:52.17,54.4 1 0
webcrawler/graphx/get.go:56.3,56.21 1 0
webcrawler/graphx/get.go:56.21,63.22 5 0
webcrawler/graphx/get.go:63.22,65.5 1 0
webcrawler/graphx/get.go:67.4,69.25 3 0
webcrawler/graphx/get.go:69.25,71.5 1 0
webcrawler/graphx/get.go:73.4,74.23 2 0
webcrawler/graphx/get.go:74.23,76.5 1 0
webcrawler/graphx/get.go:78.4,82.10 1 0
webcrawler/graphx/get.go:84.3,84.43 1 0
webcrawler/graphx/get.go:86.2,86.16 1 0
webcrawler/graphx/get.go:86.16,88.3 1 0
webcrawler/graphx/get.go:90.2,90.32 1 0
webcrawler/handler/flow.go:11.44,13.26 1 0
webcrawler/handler/flow.go:13.26,19.17 3 0
webcrawler/handler/flow.go:19.17,21.4 1 0
webcrawler/handler/flow.go:23.3,24.30 2 0
webcrawler/handler/flow.go:24.30,27.14 2 0
webcrawler/handler/flow.go:27.14,31.19 3 0
webcrawler/handler/flow.go:31.19,33.6 1 0
webcrawler/handler/flow.go:34.5,34.15 1 0
webcrawler/handler/flow.go:34.15,38.6 3 0
webcrawler/handler/flow.go:40.5,41.19 2 0
webcrawler/handler/flow.go:41.19,45.6 3 0
webcrawler/handler/flow.go:47.5,48.19 2 0
webcrawler/handler/flow.go:48.19,51.6 2 0
webcrawler/handler/flow.go:52.5,58.19 5 0
webcrawler/handler/flow.go:58.19,62.6 3 0
webcrawler/handler/flow.go:64.5,64.62 1 0
webcrawler/handler/flow.go:64.62,67.6 2 0
webcrawler/handler/flow.go:69.5,70.19 2 0
webcrawler/handler/flow.go:70.19,73.6 2 0
webcrawler/handler/flow.go:75.5,76.19 2 0
webcrawler/handler/flow.go:76.19,79.6 2 0
webcrawler/handler/flow.go:81.5,82.19 2 0
webcrawler/handler/flow.go:82.19,85.6 2 0
webcrawler/handler/flow.go:89.4,89.13 1 0
webcrawler/handler/type.go:30.105,38.2 1 0
webcrawler/queue/add.go:12.66,14.16 2 0
webcrawler/queue/add.go:14.16,16.3 1 0
webcrawler/queue/add.go:17.2,21.12 2 0
webcrawler/queue/add.go:23.74,25.27 2 0
webcrawler/queue/add.go:25.27,27.3 1 0
webcrawler/queue/add.go:28.2,28.33 1 0
webcrawler/queue/add.go:31.74,33.48 2 0
webcrawler/queue/add.go:33.48,35.26 2 0
webcrawler/queue/add.go:35.26,37.4 1 0
webcrawler/queue/add.go:38.3,41.29 3 0
webcrawler/queue/add.go:41.29,43.18 2 0
webcrawler/queue/add.go:43.18,45.5 1 0
webcrawler/queue/add.go:47.4,52.36 2 0
webcrawler/queue/add.go:55.3,60.17 2 0
webcrawler/queue/add.go:60.17,62.4 1 0
webcrawler/queue/add.go:64.2,64.12 1 0
webcrawler/queue/fetch.go:10.64,15.16 2 0
webcrawler/queue/fetch.go:15.16,17.3 1 0
webcrawler/queue/fetch.go:18.2,19.16 2 0
webcrawler/queue/fetch.go:19.16,21.3 1 0
webcrawler/queue/fetch.go:23.2,23.20 1 0
webcrawler/queue/fetch.go:26.75,28.40 2 0
webcrawler/queue/fetch.go:28.40,32.17 3 0
webcrawler/queue/fetch.go:32.17,34.4 1 0
webcrawler/queue/fetch.go:35.3,38.5 1 0
webcrawler/queue/fetch.go:40.2,40.20 1 0
webcrawler/queue/remove.go:9.75,15.2 2 0
webcrawler/queue/type.go:26.47,27.41 1 0
webcrawler/queue/type.go:27.41,28.102 1 0
webcrawler/queue/type.go:28.102,34.4 1 0
webcrawler/queue/type.go:36.2,39.3 1 0
webcrawler/queue/type.go:42.37,46.2 1 0
webcrawler/site/format.go:19.53,25.16 3 0
webcrawler/site/format.go:25.16,27.3 1 0
webcrawler/site/format.go:29.2,30.28 2 0
webcrawler/site/format.go:30.28,32.3 1 0
webcrawler/site/format.go:35.2,37.16 2 0
webcrawler/site/format.go:37.16,39.3 1 0
webcrawler/site/format.go:41.2,44.27 4 0
webcrawler/site/format.go:44.27,46.3 1 0
webcrawler/site/format.go:46.8,48.3 1 0
webcrawler/site/format.go:50.2,58.22 2 0
webcrawler/site/format.go:61.51,64.29 3 0
webcrawler/site/format.go:64.29,67.34 3 0
webcrawler/site/format.go:67.34,69.4 1 0
webcrawler/site/format.go:71.2,71.31 1 0
webcrawler/site/format.go:71.31,73.3 1 0
webcrawler/site/format.go:74.2,74.24 1 0
webcrawler/site/format.go:77.64,84.2 2 0
webcrawler/site/format.go:87.40,89.41 2 0
webcrawler/site/format.go:89.41,91.3 1 0
webcrawler/site/format.go:92.2,92.42 1 0
webcrawler/site/format.go:92.42,94.3 1 0
webcrawler/site/format.go:95.2,95.42 1 0
webcrawler/site/format.go:95.42,97.3 1 0
webcrawler/site/format.go:98.2,98.43 1 0
webcrawler/site/format.go:98.43,100.3 1 0
webcrawler/site/format.go:101.2,101.44 1 0
webcrawler/site/format.go:101.44,103.3 1 0
webcrawler/site/format.go:105.2,115.30 10 0
webcrawler/site/format.go:115.30,117.3 1 0
webcrawler/site/format.go:118.2,118.28 1 0
webcrawler/site/format.go:121.30,125.2 2 0
webcrawler/site/format.go:127.37,131.2 2 0
webcrawler/site/format.go:133.36,136.2 2 0
webcrawler/site/format.go:138.29,141.2 2 0
webcrawler/site/format.go:143.65,145.35 2 0
webcrawler/site/format.go:145.35,147.3 1 0
webcrawler/site/format.go:148.2,148.14 1 0
webcrawler/site/robots.go:13.48,15.2 1 0
webcrawler/site/robots.go:17.50,19.16 2 0
webcrawler/site/robots.go:19.16,21.3 1 0
webcrawler/site/robots.go:23.2,28.16 3 0
webcrawler/site/robots.go:28.16,30.3 1 0
webcrawler/site/robots.go:31.2,31.44 1 0
webcrawler/site/robots.go:31.44,33.3 1 0
webcrawler/site/robots.go:35.2,38.16 3 0
webcrawler/site/robots.go:38.16,40.3 1 0
webcrawler/site/robots.go:41.2,43.40 2 0
webcrawler/site/validate.go:5.49,7.25 2 0
webcrawler/site/validate.go:7.25,9.3 1 0
webcrawler/site/validate.go:10.2,10.13 1 0
webcrawler/sqlRelational/add.go:8.56,13.2 3 0
webcrawler/sqlRelational/add.go:15.47,20.2 3 0
webcrawler/sqlRelational/conn.go:15.37,25.16 6 0
webcrawler/sqlRelational/conn.go:25.16,26.13 1 0
webcrawler/sqlRelational/conn.go:28.2,28.15 1 0
webcrawler/sqlRelational/conn.go:31.32,36.2 1 0
webcrawler/sqlRelational/fetch.go:11.65,16.16 5 0
webcrawler/sqlRelational/fetch.go:16.16,17.36 1 0
webcrawler/sqlRelational/fetch.go:17.36,20.4 2 0
webcrawler/sqlRelational/fetch.go:21.3,21.30 1 0
webcrawler/sqlRelational/fetch.go:23.2,23.22 1 0
webcrawler/sqlRelational/fetch.go:26.59,31.16 5 0
webcrawler/sqlRelational/fetch.go:31.16,32.36 1 0
webcrawler/sqlRelational/fetch.go:32.36,35.4 2 0
webcrawler/sqlRelational/fetch.go:36.3,36.27 1 0
webcrawler/sqlRelational/fetch.go:38.2,38.19 1 0
webcrawler/sqlRelational/update.go:9.75,12.16 2 0
webcrawler/sqlRelational/update.go:12.16,14.3 1 0
webcrawler/sqlRelational/update.go:15.2,15.65 1 0
webcrawler/sqlRelational/update.go:15.65,18.17 3 0
webcrawler/sqlRelational/update.go:18.17,20.4 1 0
webcrawler/sqlRelational/update.go:21.3,21.13 1 0
webcrawler/sqlRelational/update.go:23.2,27.12 4 0
webcrawler/sqlRelational/update.go:30.50,33.2 1 0
webcrawler/main.go:16.13,20.16 3 0
webcrawler/main.go:20.16,22.3 1 0
webcrawler/main.go:24.2,24.16 1 0
webcrawler/main.go:24.16,26.3 1 0
webcrawler/main.go:28.2,29.16 2 0
webcrawler/main.go:29.16,31.3 1 0
webcrawler/main.go:32.2,42.16 4 0
webcrawler/main.go:42.16,44.3 1 0
webcrawler/main.go:45.2,90.18 6 0
webcrawler/awsx/config.go:10.57,18.2 2 0
webcrawler/config/fetch.go:19.26,21.16 2 0
webcrawler/config/fetch.go:21.16,23.3 1 0
webcrawler/config/fetch.go:24.2,26.16 3 0
webcrawler/config/fetch.go:26.16,28.3 1 0
webcrawler/config/fetch.go:30.2,35.39 2 0
webcrawler/config/fetch.go:35.39,38.17 2 0
webcrawler/config/fetch.go:38.17,40.12 2 0
webcrawler/config/fetch.go:42.3,42.38 1 0
webcrawler/config/fetch.go:44.2,44.13 1 0
webcrawler/config/fetch.go:47.49,50.16 2 0
webcrawler/config/fetch.go:50.16,53.3 2 0
webcrawler/config/fetch.go:55.2,56.18 2 0
webcrawler/dynamoDBx/add.go:11.66,13.16 2 0
webcrawler/dynamoDBx/add.go:13.16,15.3 1 0
webcrawler/dynamoDBx/add.go:16.2,21.12 3 0
webcrawler/dynamoDBx/add.go:24.75,26.16 2 0
webcrawler/dynamoDBx/add.go:26.16,28.3 1 0
webcrawler/dynamoDBx/add.go:29.2,34.12 3 0
webcrawler/dynamoDBx/fetch.go:11.88,18.16 2 0
webcrawler/dynamoDBx/fetch.go:18.16,20.3 1 0
webcrawler/dynamoDBx/fetch.go:21.2,21.22 1 0
webcrawler/dynamoDBx/fetch.go:21.22,23.3 1 0
webcrawler/dynamoDBx/fetch.go:24.2,25.16 2 0
webcrawler/dynamoDBx/fetch.go:25.16,27.3 1 0
webcrawler/dynamoDBx/fetch.go:28.2,28.28 1 0
webcrawler/dynamoDBx/fetch.go:31.82,38.16 2 0
webcrawler/dynamoDBx/fetch.go:38.16,40.3 1 0
webcrawler/dynamoDBx/fetch.go:41.2,41.17 1 0
webcrawler/dynamoDBx/fetch.go:41.17,43.3 1 0
webcrawler/dynamoDBx/fetch.go:44.2,45.16 2 0
webcrawler/dynamoDBx/fetch.go:45.16,47.3 1 0
webcrawler/dynamoDBx/fetch.go:48.2,48.19 1 0
webcrawler/dynamoDBx/fetch.go:51.88,54.16 3 0
webcrawler/dynamoDBx/fetch.go:54.16,56.3 1 0
webcrawler/dynamoDBx/fetch.go:57.2,57.18 1 0
webcrawler/dynamoDBx/fetch.go:60.73,63.16 3 0
webcrawler/dynamoDBx/fetch.go:63.16,65.3 1 0
webcrawler/dynamoDBx/fetch.go:66.2,66.21 1 0
webcrawler/dynamoDBx/remove.go:10.72,18.2 2 0
webcrawler/dynamoDBx/remove.go:20.78,28.2 2 0
webcrawler/dynamoDBx/type.go:22.67,26.41 3 0
webcrawler/dynamoDBx/type.go:26.41,27.102 1 0
webcrawler/dynamoDBx/type.go:27.102,33.4 1 0
webcrawler/dynamoDBx/type.go:34.3,34.46 1 0
webcrawler/dynamoDBx/type.go:37.2,41.3 1 0
webcrawler/dynamoDBx/type.go:45.57,48.16 3 0
webcrawler/dynamoDBx/type.go:48.16,50.3 1 0
webcrawler/dynamoDBx/type.go:52.2,53.16 2 0
webcrawler/dynamoDBx/type.go:53.16,55.3 1 0
webcrawler/dynamoDBx/type.go:57.2,66.16 3 0
webcrawler/dynamoDBx/type.go:66.16,68.3 1 0
webcrawler/dynamoDBx/type.go:71.2,73.26 1 0
webcrawler/dynamoDBx/type.go:73.26,79.3 1 0
webcrawler/dynamoDBx/type.go:81.2,87.8 2 0
webcrawler/dynamoDBx/type.go:90.54,113.16 3 0
webcrawler/dynamoDBx/type.go:113.16,115.3 1 0
webcrawler/dynamoDBx/type.go:117.2,139.16 3 0
webcrawler/dynamoDBx/type.go:139.16,141.3 1 0
webcrawler/dynamoDBx/type.go:143.2,143.12 1 0
webcrawler/dynamoDBx/update.go:11.94,13.16 2 0
webcrawler/dynamoDBx/update.go:13.16,15.3 1 0
webcrawler/dynamoDBx/update.go:16.2,16.65 1 0
webcrawler/dynamoDBx/update.go:16.65,19.3 2 0
webcrawler/dynamoDBx/update.go:19.8,21.3 1 0
webcrawler/dynamoDBx/update.go:23.2,28.16 5 0
webcrawler/dynamoDBx/update.go:28.16,30.3 1 0
webcrawler/dynamoDBx/update.go:31.2,35.12 2 0
webcrawler/formating/text.go:15.66,18.40 3 0
webcrawler/formating/text.go:18.40,21.3 2 0
webcrawler/formating/text.go:23.2,29.19 6 0
webcrawler/formating/text.go:32.64,34.2 1 0
webcrawler/formating/text.go:36.65,38.29 2 0
webcrawler/formating/text.go:38.29,41.3 2 0
webcrawler/formating/text.go:42.2,42.17 1 0
webcrawler/formating/text.go:45.48,46.38 1 0
webcrawler/formating/text.go:46.38,48.3 1 0
webcrawler/formating/text.go:49.2,50.16 2 0
webcrawler/formating/text.go:50.16,52.3 1 0
webcrawler/formating/text.go:53.2,54.19 2 0
webcrawler/formating/text.go:57.48,61.23 3 0
webcrawler/formating/text.go:61.23,62.29 1 0
webcrawler/formating/text.go:62.29,65.4 2 0
webcrawler/formating/text.go:67.2,67.15 1 0
webcrawler/formating/text.go:70.48,72.29 2 0
webcrawler/formating/text.go:72.29,73.36 1 0
webcrawler/formating/text.go:73.36,75.4 1 0
webcrawler/formating/text.go:78.2,78.15 1 0
webcrawler/formating/text.go:81.52,84.2 2 0
webcrawler/formating/text.go:86.45,88.29 2 0
webcrawler/formating/text.go:88.29,90.17 2 0
webcrawler/formating/text.go:90.17,92.4 1 0
webcrawler/formating/text.go:93.3,94.38 2 0
webcrawler/formating/text.go:96.2,96.15 1 0
webcrawler/formating/text.go:99.44,101.29 2 0
webcrawler/formating/text.go:101.29,103.17 2 0
webcrawler/formating/text.go:103.17,105.4 1 0
webcrawler/formating/text.go:106.3,106.27 1 0
webcrawler/formating/text.go:106.27,107.12 1 0
webcrawler/formating/text.go:109.3,109.38 1 0
webcrawler/formating/text.go:111.2,111.15 1 0
webcrawler/formating/text.go:114.51,123.29 3 0
webcrawler/formating/text.go:123.29,125.49 2 0
webcrawler/formating/text.go:125.49,126.12 1 0
webcrawler/formating/text.go:128.3,129.25 2 0
webcrawler/formating/text.go:129.25,130.9 1 0
webcrawler/formating/text.go:133.2,133.15 1 0
webcrawler/graphx/add.go:9.73,11.81 2 0
webcrawler/graphx/add.go:11.81,23.3 2 0
webcrawler/graphx/add.go:24.2,24.12 1 0
webcrawler/graphx/add.go:27.68,30.34 3 0
webcrawler/graphx/add.go:30.34,31.81 1 0
webcrawler/graphx/add.go:31.81,46.4 2 0
webcrawler/graphx/add.go:48.3,48.17 1 0
webcrawler/graphx/add.go:48.17,50.4 1 0
webcrawler/graphx/add.go:52.2,52.12 1 0
webcrawler/graphx/add.go:55.86,57.81 2 0
webcrawler/graphx/add.go:57.81,70.3 2 0
webcrawler/graphx/add.go:71.2,71.12 1 0
webcrawler/graphx/conn.go:10.107,19.16 5 0
webcrawler/graphx/conn.go:19.16,21.3 1 0
webcrawler/graphx/conn.go:22.2,23.16 2 0
webcrawler/graphx/conn.go:23.16,24.13 1 0
webcrawler/graphx/conn.go:26.2,26.20 1 0
webcrawler/graphx/conn.go:29.48,34.2 1 0
webcrawler/graphx/conn.go:35.60,42.16 2 0
webcrawler/graphx/conn.go:42.16,44.3 1 0
webcrawler/graphx/conn.go:46.2,47.16 2 0
webcrawler/graphx/conn.go:47.16,49.3 1 0
webcrawler/graphx/conn.go:51.2,55.16 2 0
webcrawler/graphx/conn.go:55.16,57.3 1 0
webcrawler/graphx/conn.go:59.2,60.16 2 0
webcrawler/graphx/conn.go:60.16,62.3 1 0
webcrawler/graphx/conn.go:64.2,66.8 1 0
webcrawler/graphx/get.go:10.91,14.85 3 0
webcrawler/graphx/get.go:14.85,21.17 2 0
webcrawler/graphx/get.go:21.17,23.4 1 0
webcrawler/graphx/get.go:25.3,25.21 1 0
webcrawler/graphx/get.go:25.21,33.4 4 0
webcrawler/graphx/get.go:34.3,34.46 1 0
webcrawler/graphx/get.go:36.2,36.16 1 0
webcrawler/graphx/get.go:36.16,38.3 1 0
webcrawler/graphx/get.go:40.2,40.35 1 0
webcrawler/graphx/get.go:43.81,47.85 3 0
webcrawler/graphx/get.go:47.85,52.17 2 0
webcrawler/graphx/get.go:52.17,54.4 1 0
webcrawler/graphx/get.go:56.3,56.21 1 0
webcrawler/graphx/get.go:56.21,63.22 5 0
webcrawler/graphx/get.go:63.22,65.5 1 0
webcrawler/graphx/get.go:67.4,69.25 3 0
webcrawler/graphx/get.go:69.25,71.5 1 0
webcrawler/graphx/get.go:73.4,74.23 2 0
webcrawler/graphx/get.go:74.23,76.5 1 0
webcrawler/graphx/get.go:78.4,82.10 1 0
webcrawler/graphx/get.go:84.3,84.43 1 0
webcrawler/graphx/get.go:86.2,86.16 1 0
webcrawler/graphx/get.go:86.16,88.3 1 0
webcrawler/graphx/get.go:90.2,90.32 1 0
webcrawler/handler/flow.go:11.44,13.26 1 0
webcrawler/handler/flow.go:13.26,19.17 3 0
webcrawler/handler/flow.go:19.17,21.4 1 0
webcrawler/handler/flow.go:23.3,24.30 2 0
webcrawler/handler/flow.go:24.30,27.14 2 0
webcrawler/handler/flow.go:27.14,31.19 3 0
webcrawler/handler/flow.go:31.19,33.6 1 0
webcrawler/handler/flow.go:34.5,34.15 1 0
webcrawler/handler/flow.go:34.15,38.6 3 0
webcrawler/handler/flow.go:40.5,41.19 2 0
webcrawler/handler/flow.go:41.19,45.6 3 0
webcrawler/handler/flow.go:47.5,48.19 2 0
webcrawler/handler/flow.go:48.19,51.6 2 0
webcrawler/handler/flow.go:52.5,58.19 5 0
webcrawler/handler/flow.go:58.19,62.6 3 0
webcrawler/handler/flow.go:64.5,64.62 1 0
webcrawler/handler/flow.go:64.62,67.6 2 0
webcrawler/handler/flow.go:69.5,70.19 2 0
webcrawler/handler/flow.go:70.19,73.6 2 0
webcrawler/handler/flow.go:75.5,76.19 2 0
webcrawler/handler/flow.go:76.19,79.6 2 0
webcrawler/handler/flow.go:81.5,82.19 2 0
webcrawler/handler/flow.go:82.19,85.6 2 0
webcrawler/handler/flow.go:89.4,89.13 1 0
webcrawler/handler/type.go:30.105,38.2 1 0
webcrawler/queue/add.go:12.66,14.16 2 0
webcrawler/queue/add.go:14.16,16.3 1 0
webcrawler/queue/add.go:17.2,21.12 2 0
webcrawler/queue/add.go:23.74,25.27 2 0
webcrawler/queue/add.go:25.27,27.3 1 0
webcrawler/queue/add.go:28.2,28.33 1 0
webcrawler/queue/add.go:31.74,33.48 2 0
webcrawler/queue/add.go:33.48,35.26 2 0
webcrawler/queue/add.go:35.26,37.4 1 0
webcrawler/queue/add.go:38.3,41.29 3 0
webcrawler/queue/add.go:41.29,43.18 2 0
webcrawler/queue/add.go:43.18,45.5 1 0
webcrawler/queue/add.go:47.4,52.36 2 0
webcrawler/queue/add.go:55.3,60.17 2 0
webcrawler/queue/add.go:60.17,62.4 1 0
webcrawler/queue/add.go:64.2,64.12 1 0
webcrawler/queue/fetch.go:10.64,15.16 2 0
webcrawler/queue/fetch.go:15.16,17.3 1 0
webcrawler/queue/fetch.go:18.2,19.16 2 0
webcrawler/queue/fetch.go:19.16,21.3 1 0
webcrawler/queue/fetch.go:23.2,23.20 1 0
webcrawler/queue/fetch.go:26.75,28.40 2 0
webcrawler/queue/fetch.go:28.40,32.17 3 0
webcrawler/queue/fetch.go:32.17,34.4 1 0
webcrawler/queue/fetch.go:35.3,38.5 1 0
webcrawler/queue/fetch.go:40.2,40.20 1 0
webcrawler/queue/remove.go:9.75,15.2 2 0
webcrawler/queue/type.go:26.47,27.41 1 0
webcrawler/queue/type.go:27.41,28.102 1 0
webcrawler/queue/type.go:28.102,34.4 1 0
webcrawler/queue/type.go:36.2,39.3 1 0
webcrawler/queue/type.go:42.37,46.2 1 0
webcrawler/site/format.go:19.53,25.16 3 0
webcrawler/site/format.go:25.16,27.3 1 0
webcrawler/site/format.go:29.2,30.28 2 0
webcrawler/site/format.go:30.28,32.3 1 0
webcrawler/site/format.go:35.2,37.16 2 0
webcrawler/site/format.go:37.16,39.3 1 0
webcrawler/site/format.go:41.2,44.27 4 0
webcrawler/site/format.go:44.27,46.3 1 0
webcrawler/site/format.go:46.8,48.3 1 0
webcrawler/site/format.go:50.2,58.22 2 0
webcrawler/site/format.go:61.51,64.29 3 5
webcrawler/site/format.go:64.29,67.34 3 5
webcrawler/site/format.go:67.34,69.4 1 3
webcrawler/site/format.go:71.2,71.31 1 5
webcrawler/site/format.go:71.31,73.3 1 3
webcrawler/site/format.go:74.2,74.24 1 2
webcrawler/site/format.go:77.64,84.2 2 0
webcrawler/site/format.go:87.40,89.41 2 1
webcrawler/site/format.go:89.41,91.3 1 4
webcrawler/site/format.go:92.2,92.42 1 1
webcrawler/site/format.go:92.42,94.3 1 2
webcrawler/site/format.go:95.2,95.42 1 1
webcrawler/site/format.go:95.42,97.3 1 0
webcrawler/site/format.go:98.2,98.43 1 1
webcrawler/site/format.go:98.43,100.3 1 4
webcrawler/site/format.go:101.2,101.44 1 1
webcrawler/site/format.go:101.44,103.3 1 0
webcrawler/site/format.go:105.2,115.30 10 1
webcrawler/site/format.go:115.30,117.3 1 1
webcrawler/site/format.go:118.2,118.28 1 0
webcrawler/site/format.go:121.30,125.2 2 0
webcrawler/site/format.go:127.37,131.2 2 0
webcrawler/site/format.go:133.36,136.2 2 5
webcrawler/site/format.go:138.29,141.2 2 3
webcrawler/site/format.go:143.65,145.35 2 0
webcrawler/site/format.go:145.35,147.3 1 0
webcrawler/site/format.go:148.2,148.14 1 0
webcrawler/site/robots.go:13.48,15.2 1 0
webcrawler/site/robots.go:17.50,19.16 2 7
webcrawler/site/robots.go:19.16,21.3 1 1
webcrawler/site/robots.go:23.2,28.16 3 6
webcrawler/site/robots.go:28.16,30.3 1 1
webcrawler/site/robots.go:31.2,31.44 1 5
webcrawler/site/robots.go:31.44,33.3 1 2
webcrawler/site/robots.go:35.2,38.16 3 3
webcrawler/site/robots.go:38.16,40.3 1 0
webcrawler/site/robots.go:41.2,43.40 2 3
webcrawler/site/validate.go:5.49,7.25 2 2
webcrawler/site/validate.go:7.25,9.3 1 1
webcrawler/site/validate.go:10.2,10.13 1 1
webcrawler/sqlRelational/add.go:8.56,13.2 3 0
webcrawler/sqlRelational/add.go:15.47,20.2 3 0
webcrawler/sqlRelational/conn.go:15.37,25.16 6 0
webcrawler/sqlRelational/conn.go:25.16,26.13 1 0
webcrawler/sqlRelational/conn.go:28.2,28.15 1 0
webcrawler/sqlRelational/conn.go:31.32,36.2 1 0
webcrawler/sqlRelational/fetch.go:11.65,16.16 5 0
webcrawler/sqlRelational/fetch.go:16.16,17.36 1 0
webcrawler/sqlRelational/fetch.go:17.36,20.4 2 0
webcrawler/sqlRelational/fetch.go:21.3,21.30 1 0
webcrawler/sqlRelational/fetch.go:23.2,23.22 1 0
webcrawler/sqlRelational/fetch.go:26.59,31.16 5 0
webcrawler/sqlRelational/fetch.go:31.16,32.36 1 0
webcrawler/sqlRelational/fetch.go:32.36,35.4 2 0
webcrawler/sqlRelational/fetch.go:36.3,36.27 1 0
webcrawler/sqlRelational/fetch.go:38.2,38.19 1 0
webcrawler/sqlRelational/update.go:9.75,12.16 2 0
webcrawler/sqlRelational/update.go:12.16,14.3 1 0
webcrawler/sqlRelational/update.go:15.2,15.65 1 0
webcrawler/sqlRelational/update.go:15.65,18.17 3 0
webcrawler/sqlRelational/update.go:18.17,20.4 1 0
webcrawler/sqlRelational/update.go:21.3,21.13 1 0
webcrawler/sqlRelational/update.go:23.2,27.12 4 0
webcrawler/sqlRelational/update.go:30.50,33.2 1 0
webcrawler/main.go:16.13,20.16 3 0
webcrawler/main.go:20.16,22.3 1 0
webcrawler/main.go:24.2,24.16 1 0
webcrawler/main.go:24.16,26.3 1 0
webcrawler/main.go:28.2,29.16 2 0
webcrawler/main.go:29.16,31.3 1 0
webcrawler/main.go:32.2,42.16 4 0
webcrawler/main.go:42.16,44.3 1 0
webcrawler/main.go:45.2,90.18 6 0
webcrawler/awsx/config.go:10.57,18.2 2 0
webcrawler/config/fetch.go:19.26,21.16 2 0
webcrawler/config/fetch.go:21.16,23.3 1 0
webcrawler/config/fetch.go:24.2,26.16 3 0
webcrawler/config/fetch.go:26.16,28.3 1 0
webcrawler/config/fetch.go:30.2,35.39 2 0
webcrawler/config/fetch.go:35.39,38.17 2 0
webcrawler/config/fetch.go:38.17,40.12 2 0
webcrawler/config/fetch.go:42.3,42.38 1 0
webcrawler/config/fetch.go:44.2,44.13 1 0
webcrawler/config/fetch.go:47.49,50.16 2 0
webcrawler/config/fetch.go:50.16,53.3 2 0
webcrawler/config/fetch.go:55.2,56.18 2 0
webcrawler/dynamoDBx/add.go:11.66,13.16 2 0
webcrawler/dynamoDBx/add.go:13.16,15.3 1 0
webcrawler/dynamoDBx/add.go:16.2,21.12 3 0
webcrawler/dynamoDBx/add.go:24.75,26.16 2 0
webcrawler/dynamoDBx/add.go:26.16,28.3 1 0
webcrawler/dynamoDBx/add.go:29.2,34.12 3 0
webcrawler/dynamoDBx/fetch.go:11.88,18.16 2 0
webcrawler/dynamoDBx/fetch.go:18.16,20.3 1 0
webcrawler/dynamoDBx/fetch.go:21.2,21.22 1 0
webcrawler/dynamoDBx/fetch.go:21.22,23.3 1 0
webcrawler/dynamoDBx/fetch.go:24.2,25.16 2 0
webcrawler/dynamoDBx/fetch.go:25.16,27.3 1 0
webcrawler/dynamoDBx/fetch.go:28.2,28.28 1 0
webcrawler/dynamoDBx/fetch.go:31.82,38.16 2 0
webcrawler/dynamoDBx/fetch.go:38.16,40.3 1 0
webcrawler/dynamoDBx/fetch.go:41.2,41.17 1 0
webcrawler/dynamoDBx/fetch.go:41.17,43.3 1 0
webcrawler/dynamoDBx/fetch.go:44.2,45.16 2 0
webcrawler/dynamoDBx/fetch.go:45.16,47.3 1 0
webcrawler/dynamoDBx/fetch.go:48.2,48.19 1 0
webcrawler/dynamoDBx/fetch.go:51.88,54.16 3 0
webcrawler/dynamoDBx/fetch.go:54.16,56.3 1 0
webcrawler/dynamoDBx/fetch.go:57.2,57.18 1 0
webcrawler/dynamoDBx/fetch.go:60.73,63.16 3 0
webcrawler/dynamoDBx/fetch.go:63.16,65.3 1 0
webcrawler/dynamoDBx/fetch.go:66.2,66.21 1 0
webcrawler/dynamoDBx/remove.go:10.72,18.2 2 0
webcrawler/dynamoDBx/remove.go:20.78,28.2 2 0
webcrawler/dynamoDBx/type.go:22.67,26.41 3 0
webcrawler/dynamoDBx/type.go:26.41,27.102 1 0
webcrawler/dynamoDBx/type.go:27.102,33.4 1 0
webcrawler/dynamoDBx/type.go:34.3,34.46 1 0
webcrawler/dynamoDBx/type.go:37.2,41.3 1 0
webcrawler/dynamoDBx/type.go:45.57,48.16 3 0
webcrawler/dynamoDBx/type.go:48.16,50.3 1 0
webcrawler/dynamoDBx/type.go:52.2,53.16 2 0
webcrawler/dynamoDBx/type.go:53.16,55.3 1 0
webcrawler/dynamoDBx/type.go:57.2,66.16 3 0
webcrawler/dynamoDBx/type.go:66.16,68.3 1 0
webcrawler/dynamoDBx/type.go:71.2,73.26 1 0
webcrawler/dynamoDBx/type.go:73.26,79.3 1 0
webcrawler/dynamoDBx/type.go:81.2,87.8 2 0
webcrawler/dynamoDBx/type.go:90.54,113.16 3 0
webcrawler/dynamoDBx/type.go:113.16,115.3 1 0
webcrawler/dynamoDBx/type.go:117.2,139.16 3 0
webcrawler/dynamoDBx/type.go:139.16,141.3 1 0
webcrawler/dynamoDBx/type.go:143.2,143.12 1 0
webcrawler/dynamoDBx/update.go:11.94,13.16 2 0
webcrawler/dynamoDBx/update.go:13.16,15.3 1 0
webcrawler/dynamoDBx/update.go:16.2,16.65 1 0
webcrawler/dynamoDBx/update.go:16.65,19.3 2 0
webcrawler/dynamoDBx/update.go:19.8,21.3 1 0
webcrawler/dynamoDBx/update.go:23.2,28.16 5 0
webcrawler/dynamoDBx/update.go:28.16,30.3 1 0
webcrawler/dynamoDBx/update.go:31.2,35.12 2 0
webcrawler/formating/text.go:15.66,18.40 3 1
webcrawler/formating/text.go:18.40,21.3 2 40
webcrawler/formating/text.go:23.2,29.19 6 1
webcrawler/formating/text.go:32.64,34.2 1 0
webcrawler/formating/text.go:36.65,38.29 2 0
webcrawler/formating/text.go:38.29,41.3 2 0
webcrawler/formating/text.go:42.2,42.17 1 0
webcrawler/formating/text.go:45.48,46.38 1 46
webcrawler/formating/text.go:46.38,48.3 1 36
webcrawler/formating/text.go:49.2,50.16 2 10
webcrawler/formating/text.go:50.16,52.3 1 0
webcrawler/formating/text.go:53.2,54.19 2 10
webcrawler/formating/text.go:57.48,61.23 3 2
webcrawler/formating/text.go:61.23,62.29 1 44
webcrawler/formating/text.go:62.29,65.4 2 41
webcrawler/formating/text.go:67.2,67.15 1 2
webcrawler/formating/text.go:70.48,72.29 2 1
webcrawler/formating/text.go:72.29,73.36 1 39
webcrawler/formating/text.go:73.36,75.4 1 39
webcrawler/formating/text.go:78.2,78.15 1 1
webcrawler/formating/text.go:81.52,84.2 2 46
webcrawler/formating/text.go:86.45,88.29 2 2
webcrawler/formating/text.go:88.29,90.17 2 42
webcrawler/formating/text.go:90.17,92.4 1 0
webcrawler/formating/text.go:93.3,94.38 2 42
webcrawler/formating/text.go:96.2,96.15 1 2
webcrawler/formating/text.go:99.44,101.29 2 1
webcrawler/formating/text.go:101.29,103.17 2 39
webcrawler/formating/text.go:103.17,105.4 1 0
webcrawler/formating/text.go:106.3,106.27 1 39
webcrawler/formating/text.go:106.27,107.12 1 0
webcrawler/formating/text.go:109.3,109.38 1 39
webcrawler/formating/text.go:111.2,111.15 1 1
webcrawler/formating/text.go:114.51,123.29 3 1
webcrawler/formating/text.go:123.29,125.49 2 40
webcrawler/formating/text.go:125.49,126.12 1 0
webcrawler/formating/text.go:128.3,129.25 2 40
webcrawler/formating/text.go:129.25,130.9 1 0
webcrawler/formating/text.go:133.2,133.15 1 1
webcrawler/graphx/add.go:9.73,11.81 2 0
webcrawler/graphx/add.go:11.81,23.3 2 0
webcrawler/graphx/add.go:24.2,24.12 1 0
webcrawler/graphx/add.go:27.68,30.34 3 0
webcrawler/graphx/add.go:30.34,31.81 1 0
webcrawler/graphx/add.go:31.81,46.4 2 0
webcrawler/graphx/add.go:48.3,48.17 1 0
webcrawler/graphx/add.go:48.17,50.4 1 0
webcrawler/graphx/add.go:52.2,52.12 1 0
webcrawler/graphx/add.go:55.86,57.81 2 0
webcrawler/graphx/add.go:57.81,70.3 2 0
webcrawler/graphx/add.go:71.2,71.12 1 0
webcrawler/graphx/conn.go:10.107,19.16 5 0
webcrawler/graphx/conn.go:19.16,21.3 1 0
webcrawler/graphx/conn.go:22.2,23.16 2 0
webcrawler/graphx/conn.go:23.16,24.13 1 0
webcrawler/graphx/conn.go:26.2,26.20 1 0
webcrawler/graphx/conn.go:29.48,34.2 1 0
webcrawler/graphx/conn.go:35.60,42.16 2 0
webcrawler/graphx/conn.go:42.16,44.3 1 0
webcrawler/graphx/conn.go:46.2,47.16 2 0
webcrawler/graphx/conn.go:47.16,49.3 1 0
webcrawler/graphx/conn.go:51.2,55.16 2 0
webcrawler/graphx/conn.go:55.16,57.3 1 0
webcrawler/graphx/conn.go:59.2,60.16 2 0
webcrawler/graphx/conn.go:60.16,62.3 1 0
webcrawler/graphx/conn.go:64.2,66.8 1 0
webcrawler/graphx/get.go:10.91,14.85 3 0
webcrawler/graphx/get.go:14.85,21.17 2 0
webcrawler/graphx/get.go:21.17,23.4 1 0
webcrawler/graphx/get.go:25.3,25.21 1 0
webcrawler/graphx/get.go:25.21,33.4 4 0
webcrawler/graphx/get.go:34.3,34.46 1 0
webcrawler/graphx/get.go:36.2,36.16 1 0
webcrawler/graphx/get.go:36.16,38.3 1 0
webcrawler/graphx/get.go:40.2,40.35 1 0
webcrawler/graphx/get.go:43.81,47.85 3 0
webcrawler/graphx/get.go:47.85,52.17 2 0
webcrawler/graphx/get.go:52.17,54.4 1 0
webcrawler/graphx/get.go:56.3,56.21 1 0
webcrawler/graphx/get.go:56.21,63.22 5 0
webcrawler/graphx/get.go:63.22,65.5 1 0
webcrawler/graphx/get.go:67.4,69.25 3 0
webcrawler/graphx/get.go:69.25,71.5 1 0
webcrawler/graphx/get.go:73.4,74.23 2 0
webcrawler/graphx/get.go:74.23,76.5 1 0
webcrawler/graphx/get.go:78.4,82.10 1 0
webcrawler/graphx/get.go:84.3,84.43 1 0
webcrawler/graphx/get.go:86.2,86.16 1 0
webcrawler/graphx/get.go:86.16,88.3 1 0
webcrawler/graphx/get.go:90.2,90.32 1 0
webcrawler/handler/flow.go:11.44,13.26 1 0
webcrawler/handler/flow.go:13.26,19.17 3 0
webcrawler/handler/flow.go:19.17,21.4 1 0
webcrawler/handler/flow.go:23.3,24.30 2 0
webcrawler/handler/flow.go:24.30,27.14 2 0
webcrawler/handler/flow.go:27.14,31.19 3 0
webcrawler/handler/flow.go:31.19,33.6 1 0
webcrawler/handler/flow.go:34.5,34.15 1 0
webcrawler/handler/flow.go:34.15,38.6 3 0
webcrawler/handler/flow.go:40.5,41.19 2 0
webcrawler/handler/flow.go:41.19,45.6 3 0
webcrawler/handler/flow.go:47.5,48.19 2 0
webcrawler/handler/flow.go:48.19,51.6 2 0
webcrawler/handler/flow.go:52.5,58.19 5 0
webcrawler/handler/flow.go:58.19,62.6 3 0
webcrawler/handler/flow.go:64.5,64.62 1 0
webcrawler/handler/flow.go:64.62,67.6 2 0
webcrawler/handler/flow.go:69.5,70.19 2 0
webcrawler/handler/flow.go:70.19,73.6 2 0
webcrawler/handler/flow.go:75.5,76.19 2 0
webcrawler/handler/flow.go:76.19,79.6 2 0
webcrawler/handler/flow.go:81.5,82.19 2 0
webcrawler/handler/flow.go:82.19,85.6 2 0
webcrawler/handler/flow.go:89.4,89.13 1 0
webcrawler/handler/type.go:30.105,38.2 1 0
webcrawler/queue/add.go:12.66,14.16 2 0
webcrawler/queue/add.go:14.16,16.3 1 0
webcrawler/queue/add.go:17.2,21.12 2 0
webcrawler/queue/add.go:23.74,25.27 2 0
webcrawler/queue/add.go:25.27,27.3 1 0
webcrawler/queue/add.go:28.2,28.33 1 0
webcrawler/queue/add.go:31.74,33.48 2 0
webcrawler/queue/add.go:33.48,35.26 2 0
webcrawler/queue/add.go:35.26,37.4 1 0
webcrawler/queue/add.go:38.3,41.29 3 0
webcrawler/queue/add.go:41.29,43.18 2 0
webcrawler/queue/add.go:43.18,45.5 1 0
webcrawler/queue/add.go:47.4,52.36 2 0
webcrawler/queue/add.go:55.3,60.17 2 0
webcrawler/queue/add.go:60.17,62.4 1 0
webcrawler/queue/add.go:64.2,64.12 1 0
webcrawler/queue/fetch.go:10.64,15.16 2 0
webcrawler/queue/fetch.go:15.16,17.3 1 0
webcrawler/queue/fetch.go:18.2,19.16 2 0
webcrawler/queue/fetch.go:19.16,21.3 1 0
webcrawler/queue/fetch.go:23.2,23.20 1 0
webcrawler/queue/fetch.go:26.75,28.40 2 0
webcrawler/queue/fetch.go:28.40,32.17 3 0
webcrawler/queue/fetch.go:32.17,34.4 1 0
webcrawler/queue/fetch.go:35.3,38.5 1 0
webcrawler/queue/fetch.go:40.2,40.20 1 0
webcrawler/queue/remove.go:9.75,15.2 2 0
webcrawler/queue/type.go:26.47,27.41 1 0
webcrawler/queue/type.go:27.41,28.102 1 0
webcrawler/queue/type.go:28.102,34.4 1 0
webcrawler/queue/type.go:36.2,39.3 1 0
webcrawler/queue/type.go:42.37,46.2 1 0
webcrawler/site/format.go:19.53,25.16 3 1
webcrawler/site/format.go:25.16,27.3 1 0
webcrawler/site/format.go:29.2,30.28 2 1
webcrawler/site/format.go:30.28,32.3 1 0
webcrawler/site/format.go:35.2,37.16 2 1
webcrawler/site/format.go:37.16,39.3 1 0
webcrawler/site/format.go:41.2,44.27 4 1
webcrawler/site/format.go:44.27,46.3 1 1
webcrawler/site/format.go:46.8,48.3 1 0
webcrawler/site/format.go:50.2,58.22 2 1
webcrawler/site/format.go:61.51,64.29 3 1
webcrawler/site/format.go:64.29,67.34 3 4
webcrawler/site/format.go:67.34,69.4 1 3
webcrawler/site/format.go:71.2,71.31 1 1
webcrawler/site/format.go:71.31,73.3 1 0
webcrawler/site/format.go:74.2,74.24 1 1
webcrawler/site/format.go:77.64,84.2 2 0
webcrawler/site/format.go:87.40,89.41 2 1
webcrawler/site/format.go:89.41,91.3 1 39
webcrawler/site/format.go:92.2,92.42 1 1
webcrawler/site/format.go:92.42,94.3 1 6
webcrawler/site/format.go:95.2,95.42 1 1
webcrawler/site/format.go:95.42,97.3 1 0
webcrawler/site/format.go:98.2,98.43 1 1
webcrawler/site/format.go:98.43,100.3 1 125
webcrawler/site/format.go:101.2,101.44 1 1
webcrawler/site/format.go:101.44,103.3 1 67
webcrawler/site/format.go:105.2,115.30 10 1
webcrawler/site/format.go:115.30,117.3 1 0
webcrawler/site/format.go:118.2,118.28 1 1
webcrawler/site/format.go:121.30,125.2 2 0
webcrawler/site/format.go:127.37,131.2 2 0
webcrawler/site/format.go:133.36,136.2 2 0
webcrawler/site/format.go:138.29,141.2 2 0
webcrawler/site/format.go:143.65,145.35 2 0
webcrawler/site/format.go:145.35,147.3 1 0
webcrawler/site/format.go:148.2,148.14 1 0
webcrawler/site/robots.go:13.48,15.2 1 0
webcrawler/site/robots.go:17.50,19.16 2 0
webcrawler/site/robots.go:19.16,21.3 1 0
webcrawler/site/robots.go:23.2,28.16 3 0
webcrawler/site/robots.go:28.16,30.3 1 0
webcrawler/site/robots.go:31.2,31.44 1 0
webcrawler/site/robots.go:31.44,33.3 1 0
webcrawler/site/robots.go:35.2,38.16 3 0
webcrawler/site/robots.go:38.16,40.3 1 0
webcrawler/site/robots.go:41.2,43.40 2 0
webcrawler/site/validate.go:5.49,7.25 2 0
webcrawler/site/validate.go:7.25,9.3 1 0
webcrawler/site/validate.go:10.2,10.13 1 0
webcrawler/sqlRelational/add.go:8.56,13.2 3 0
webcrawler/sqlRelational/add.go:15.47,20.2 3 0
webcrawler/sqlRelational/conn.go:15.37,25.16 6 0
webcrawler/sqlRelational/conn.go:25.16,26.13 1 0
webcrawler/sqlRelational/conn.go:28.2,28.15 1 0
webcrawler/sqlRelational/conn.go:31.32,36.2 1 0
webcrawler/sqlRelational/fetch.go:11.65,16.16 5 0
webcrawler/sqlRelational/fetch.go:16.16,17.36 1 0
webcrawler/sqlRelational/fetch.go:17.36,20.4 2 0
webcrawler/sqlRelational/fetch.go:21.3,21.30 1 0
webcrawler/sqlRelational/fetch.go:23.2,23.22 1 0
webcrawler/sqlRelational/fetch.go:26.59,31.16 5 0
webcrawler/sqlRelational/fetch.go:31.16,32.36 1 0
webcrawler/sqlRelational/fetch.go:32.36,35.4 2 0
webcrawler/sqlRelational/fetch.go:36.3,36.27 1 0
webcrawler/sqlRelational/fetch.go:38.2,38.19 1 0
webcrawler/sqlRelational/update.go:9.75,12.16 2 0
webcrawler/sqlRelational/update.go:12.16,14.3 1 0
webcrawler/sqlRelational/update.go:15.2,15.65 1 0
webcrawler/sqlRelational/update.go:15.65,18.17 3 0
webcrawler/sqlRelational/update.go:18.17,20.4 1 0
webcrawler/sqlRelational/update.go:21.3,21.13 1 0
webcrawler/sqlRelational/update.go:23.2,27.12 4 0
webcrawler/sqlRelational/update.go:30.50,33.2 1 0
webcrawler/main.go:16.13,20.16 3 0
webcrawler/main.go:20.16,22.3 1 0
webcrawler/main.go:24.2,24.16 1 0
webcrawler/main.go:24.16,26.3 1 0
webcrawler/main.go:28.2,29.16 2 0
webcrawler/main.go:29.16,31.3 1 0
webcrawler/main.go:32.2,42.16 4 0
webcrawler/main.go:42.16,44.3 1 0
webcrawler/main.go:45.2,90.18 6 0
webcrawler/awsx/config.go:10.57,18.2 2 0
webcrawler/config/fetch.go:19.26,21.16 2 0
webcrawler/config/fetch.go:21.16,23.3 1 0
webcrawler/config/fetch.go:24.2,26.16 3 0
webcrawler/config/fetch.go:26.16,28.3 1 0
webcrawler/config/fetch.go:30.2,35.39 2 0
webcrawler/config/fetch.go:35.39,38.17 2 0
webcrawler/config/fetch.go:38.17,40.12 2 0
webcrawler/config/fetch.go:42.3,42.38 1 0
webcrawler/config/fetch.go:44.2,44.13 1 0
webcrawler/config/fetch.go:47.49,50.16 2 0
webcrawler/config/fetch.go:50.16,53.3 2 0
webcrawler/config/fetch.go:55.2,56.18 2 0
webcrawler/dynamoDBx/add.go:11.66,13.16 2 1
webcrawler/dynamoDBx/add.go:13.16,15.3 1 0
webcrawler/dynamoDBx/add.go:16.2,21.12 3 1
webcrawler/dynamoDBx/add.go:24.75,26.16 2 1
webcrawler/dynamoDBx/add.go:26.16,28.3 1 0
webcrawler/dynamoDBx/add.go:29.2,34.12 3 1
webcrawler/dynamoDBx/fetch.go:11.88,18.16 2 0
webcrawler/dynamoDBx/fetch.go:18.16,20.3 1 0
webcrawler/dynamoDBx/fetch.go:21.2,21.22 1 0
webcrawler/dynamoDBx/fetch.go:21.22,23.3 1 0
webcrawler/dynamoDBx/fetch.go:24.2,25.16 2 0
webcrawler/dynamoDBx/fetch.go:25.16,27.3 1 0
webcrawler/dynamoDBx/fetch.go:28.2,28.28 1 0
webcrawler/dynamoDBx/fetch.go:31.82,38.16 2 0
webcrawler/dynamoDBx/fetch.go:38.16,40.3 1 0
webcrawler/dynamoDBx/fetch.go:41.2,41.17 1 0
webcrawler/dynamoDBx/fetch.go:41.17,43.3 1 0
webcrawler/dynamoDBx/fetch.go:44.2,45.16 2 0
webcrawler/dynamoDBx/fetch.go:45.16,47.3 1 0
webcrawler/dynamoDBx/fetch.go:48.2,48.19 1 0
webcrawler/dynamoDBx/fetch.go:51.88,54.16 3 0
webcrawler/dynamoDBx/fetch.go:54.16,56.3 1 0
webcrawler/dynamoDBx/fetch.go:57.2,57.18 1 0
webcrawler/dynamoDBx/fetch.go:60.73,63.16 3 0
webcrawler/dynamoDBx/fetch.go:63.16,65.3 1 0
webcrawler/dynamoDBx/fetch.go:66.2,66.21 1 0
webcrawler/dynamoDBx/remove.go:10.72,18.2 2 0
webcrawler/dynamoDBx/remove.go:20.78,28.2 2 0
webcrawler/dynamoDBx/type.go:22.67,26.41 3 0
webcrawler/dynamoDBx/type.go:26.41,27.102 1 0
webcrawler/dynamoDBx/type.go:27.102,33.4 1 0
webcrawler/dynamoDBx/type.go:34.3,34.46 1 0
webcrawler/dynamoDBx/type.go:37.2,41.3 1 0
webcrawler/dynamoDBx/type.go:45.57,48.16 3 1
webcrawler/dynamoDBx/type.go:48.16,50.3 1 0
webcrawler/dynamoDBx/type.go:52.2,53.16 2 1
webcrawler/dynamoDBx/type.go:53.16,55.3 1 0
webcrawler/dynamoDBx/type.go:57.2,66.16 3 1
webcrawler/dynamoDBx/type.go:66.16,68.3 1 0
webcrawler/dynamoDBx/type.go:71.2,73.26 1 1
webcrawler/dynamoDBx/type.go:73.26,79.3 1 4
webcrawler/dynamoDBx/type.go:81.2,87.8 2 1
webcrawler/dynamoDBx/type.go:90.54,113.16 3 1
webcrawler/dynamoDBx/type.go:113.16,115.3 1 0
webcrawler/dynamoDBx/type.go:117.2,139.16 3 1
webcrawler/dynamoDBx/type.go:139.16,141.3 1 0
webcrawler/dynamoDBx/type.go:143.2,143.12 1 1
webcrawler/dynamoDBx/update.go:11.94,13.16 2 0
webcrawler/dynamoDBx/update.go:13.16,15.3 1 0
[...]
webcrawler/graphx/add.go:71.2,71.12 1 0
webcrawler/graphx/conn.go:10.107,19.16 5 0
webcrawler/graphx/conn.go:19.16,21.3 1 0
webcrawler/graphx/conn.go:22.2,23.16 2 0
webcrawler/graphx/conn.go:23.16,24.13 1 0
webcrawler/graphx/conn.go:26.2,26.20 1 0
webcrawler/graphx/conn.go:29.48,34.2 1 0
webcrawler/graphx/conn.go:35.60,42.16 2 0
webcrawler/graphx/conn.go:42.16,44.3 1 0
webcrawler/graphx/conn.go:46.2,47.16 2 0
webcrawler/graphx/conn.go:47.16,49.3 1 0
webcrawler/graphx/conn.go:51.2,55.16 2 0
webcrawler/graphx/conn.go:55.16,57.3 1 0
webcrawler/graphx/conn.go:59.2,60.16 2 0
webcrawler/graphx/conn.go:60.16,62.3 1 0
webcrawler/graphx/conn.go:64.2,66.8 1 0
webcrawler/graphx/get.go:10.91,14.85 3 0
webcrawler/graphx/get.go:14.85,21.17 2 0
webcrawler/graphx/get.go:21.17,23.4 1 0
webcrawler/graphx/get.go:25.3,25.21 1 0
webcrawler/graphx/get.go:25.21,33.4 4 0
webcrawler/graphx/get.go:34.3,34.46 1 0
webcrawler/graphx/get.go:36.2,36.16 1 0
webcrawler/graphx/get.go:36.16,38.3 1 0
webcrawler/graphx/get.go:40.2,40.35 1 0
webcrawler/graphx/get.go:43.81,47.85 3 0
webcrawler/graphx/get.go:47.85,52.17 2 0
webcrawler/graphx/get.go:52.17,54.4 1 0
webcrawler/graphx/get.go:56.3,56.21 1 0
webcrawler/graphx/get.go:56.21,63.22 5 0
webcrawler/graphx/get.go:63.22,65.5 1 0
webcrawler/graphx/get.go:67.4,69.25 3 0
webcrawler/graphx/get.go:69.25,71.5 1 0
webcrawler/graphx/get.go:73.4,74.23 2 0
webcrawler/graphx/get.go:74.23,76.5 1 0
webcrawler/graphx/get.go:78.4,82.10 1 0
webcrawler/graphx/get.go:84.3,84.43 1 0
webcrawler/graphx/get.go:86.2,86.16 1 0
webcrawler/graphx/get.go:86.16,88.3 1 0
webcrawler/graphx/get.go:90.2,90.32 1 0
webcrawler/handler/flow.go:11.44,13.26 1 0
webcrawler/handler/flow.go:13.26,19.17 3 0
webcrawler/handler/flow.go:19.17,21.4 1 0
webcrawler/handler/flow.go:23.3,24.30 2 0
webcrawler/handler/flow.go:24.30,27.14 2 0
webcrawler/handler/flow.go:27.14,31.19 3 0
webcrawler/handler/flow.go:31.19,33.6 1 0
webcrawler/handler/flow.go:34.5,34.15 1 0
webcrawler/handler/flow.go:34.15,38.6 3 0
webcrawler/handler/flow.go:40.5,41.19 2 0
webcrawler/handler/flow.go:41.19,45.6 3 0
webcrawler/handler/flow.go:47.5,48.19 2 0
webcrawler/handler/flow.go:48.19,51.6 2 0
webcrawler/handler/flow.go:52.5,58.19 5 0
webcrawler/handler/flow.go:58.19,62.6 3 0
webcrawler/handler/flow.go:64.5,64.62 1 0
webcrawler/handler/flow.go:64.62,67.6 2 0
webcrawler/handler/flow.go:69.5,70.19 2 0
webcrawler/handler/flow.go:70.19,73.6 2 0
webcrawler/handler/flow.go:75.5,76.19 2 0
webcrawler/handler/flow.go:76.19,79.6 2 0
webcrawler/handler/flow.go:81.5,82.19 2 0
webcrawler/handler/flow.go:82.19,85.6 2 0
webcrawler/handler/flow.go:89.4,89.13 1 0
webcrawler/handler/type.go:30.105,38.2 1 0
webcrawler/queue/add.go:12.66,14.16 2 0
webcrawler/queue/add.go:14.16,16.3 1 0
webcrawler/queue/add.go:17.2,21.12 2 0
webcrawler/queue/add.go:23.74,25.27 2 0
webcrawler/queue/add.go:25.27,27.3 1 0
webcrawler/queue/add.go:28.2,28.33 1 0
webcrawler/queue/add.go:31.74,33.48 2 0
webcrawler/queue/add.go:33.48,35.26 2 0
webcrawler/queue/add.go:35.26,37.4 1 0
webcrawler/queue/add.go:38.3,41.29 3 0
webcrawler/queue/add.go:41.29,43.18 2 0
webcrawler/queue/add.go:43.18,45.5 1 0
webcrawler/queue/add.go:47.4,52.36 2 0
webcrawler/queue/add.go:55.3,60.17 2 0
webcrawler/queue/add.go:60.17,62.4 1 0
webcrawler/queue/add.go:64.2,64.12 1 0
webcrawler/queue/fetch.go:10.64,15.16 2 0
webcrawler/queue/fetch.go:15.16,17.3 1 0
webcrawler/queue/fetch.go:18.2,19.16 2 0
webcrawler/queue/fetch.go:19.16,21.3 1 0
webcrawler/queue/fetch.go:23.2,23.20 1 0
webcrawler/queue/fetch.go:26.75,28.40 2 0
webcrawler/queue/fetch.go:28.40,32.17 3 0
webcrawler/queue/fetch.go:32.17,34.4 1 0
webcrawler/queue/fetch.go:35.3,38.5 1 0
webcrawler/queue/fetch.go:40.2,40.20 1 0
webcrawler/queue/remove.go:9.75,15.2 2 0
webcrawler/queue/type.go:26.47,27.41 1 0
webcrawler/queue/type.go:27.41,28.102 1 0
webcrawler/queue/type.go:28.102,34.4 1 0
webcrawler/queue/type.go:36.2,39.3 1 0
webcrawler/queue/type.go:42.37,46.2 1 0
webcrawler/site/format.go:19.53,25.16 3 0
webcrawler/site/format.go:25.16,27.3 1 0
webcrawler/site/format.go:29.2,30.28 2 0
webcrawler/site/format.go:30.28,32.3 1 0
webcrawler/site/format.go:35.2,37.16 2 0
webcrawler/site/format.go:37.16,39.3 1 0
webcrawler/site/format.go:41.2,44.27 4 0
webcrawler/site/format.go:44.27,46.3 1 0
webcrawler/site/format.go:46.8,48.3 1 0
webcrawler/site/format.go:50.2,58.22 2 0
webcrawler/site/format.go:61.51,64.29 3 0
webcrawler/site/format.go:64.29,67.34 3 0
webcrawler/site/format.go:67.34,69.4 1 0
webcrawler/site/format.go:71.2,71.31 1 0
webcrawler/site/format.go:71.31,73.3 1 0
webcrawler/site/format.go:74.2,74.24 1 0
webcrawler/site/format.go:77.64,84.2 2 0
webcrawler/site/format.go:87.40,89.41 2 0
webcrawler/site/format.go:89.41,91.3 1 0
webcrawler/site/format.go:92.2,92.42 1 0
webcrawler/site/format.go:92.42,94.3 1 0
webcrawler/site/format.go:95.2,95.42 1 0
webcrawler/site/format.go:95.42,97.3 1 0
webcrawler/site/format.go:98.2,98.43 1 0
webcrawler/site/format.go:98.43,100.3 1 0
webcrawler/site/format.go:101.2,101.44 1 0
webcrawler/site/format.go:101.44,103.3 1 0
webcrawler/site/format.go:105.2,115.30 10 0
webcrawler/site/format.go:115.30,117.3 1 0
webcrawler/site/format.go:118.2,118.28 1 0
webcrawler/site/format.go:121.30,125.2 2 0
webcrawler/site/format.go:127.37,131.2 2 0
webcrawler/site/format.go:133.36,136.2 2 0
webcrawler/site/format.go:138.29,141.2 2 0
webcrawler/site/format.go:143.65,145.35 2 0
webcrawler/site/format.go:145.35,147.3 1 0
webcrawler/site/format.go:148.2,148.14 1 0
webcrawler/site/robots.go:13.48,15.2 1 0
webcrawler/site/robots.go:17.50,19.16 2 0
webcrawler/site/robots.go:19.16,21.3 1 0
webcrawler/site/robots.go:23.2,28.16 3 0
webcrawler/site/robots.go:28.16,30.3 1 0
webcrawler/site/robots.go:31.2,31.44 1 0
webcrawler/site/robots.go:31.44,33.3 1 0
webcrawler/site/robots.go:35.2,38.16 3 0
webcrawler/site/robots.go:38.16,40.3 1 0
webcrawler/site/robots.go:41.2,43.40 2 0
webcrawler/site/validate.go:5.49,7.25 2 0
webcrawler/site/validate.go:7.25,9.3 1 0
webcrawler/site/validate.go:10.2,10.13 1 0
webcrawler/sqlRelational/add.go:8.56,13.2 3 0
webcrawler/sqlRelational/add.go:15.47,20.2 3 0
webcrawler/sqlRelational/conn.go:15.37,25.16 6 0
webcrawler/sqlRelational/conn.go:25.16,26.13 1 0
webcrawler/sqlRelational/conn.go:28.2,28.15 1 0
webcrawler/sqlRelational/conn.go:31.32,36.2 1 0
webcrawler/sqlRelational/fetch.go:11.65,16.16 5 0
webcrawler/sqlRelational/fetch.go:16.16,17.36 1 0
webcrawler/sqlRelational/fetch.go:17.36,20.4 2 0
webcrawler/sqlRelational/fetch.go:21.3,21.30 1 0
webcrawler/sqlRelational/fetch.go:23.2,23.22 1 0
webcrawler/sqlRelational/fetch.go:26.59,31.16 5 0
webcrawler/sqlRelational/fetch.go:31.16,32.36 1 0
webcrawler/sqlRelational/fetch.go:32.36,35.4 2 0
webcrawler/sqlRelational/fetch.go:36.3,36.27 1 0
webcrawler/sqlRelational/fetch.go:38.2,38.19 1 0
webcrawler/sqlRelational/update.go:9.75,12.16 2 0
webcrawler/sqlRelational/update.go:12.16,14.3 1 0
webcrawler/sqlRelational/update.go:15.2,15.65 1 0
webcrawler/sqlRelational/update.go:15.65,18.17 3 0
webcrawler/sqlRelational/update.go:18.17,20.4 1 0
webcrawler/sqlRelational/update.go:21.3,21.13 1 0
webcrawler/sqlRelational/update.go:23.2,27.12 4 0
webcrawler/sqlRelational/update.go:30.50,33.2 1 0
webcrawler/main.go:16.13,20.16 3 0
webcrawler/main.go:20.16,22.3 1 0
webcrawler/main.go:24.2,24.16 1 0
webcrawler/main.go:24.16,26.3 1 0
webcrawler/main.go:28.2,29.16 2 0
webcrawler/main.go:29.16,31.3 1 0
webcrawler/main.go:32.2,42.16 4 0
webcrawler/main.go:42.16,44.3 1 0
webcrawler/main.go:45.2,90.18 6 0
webcrawler/awsx/config.go:10.57,18.2 2 0
webcrawler/config/fetch.go:19.26,21.16 2 0
webcrawler/config/fetch.go:21.16,23.3 1 0
webcrawler/config/fetch.go:24.2,26.16 3 0
webcrawler/config/fetch.go:26.16,28.3 1 0
webcrawler/config/fetch.go:30.2,35.39 2 0
webcrawler/config/fetch.go:35.39,38.17 2 0
webcrawler/config/fetch.go:38.17,40.12 2 0
webcrawler/config/fetch.go:42.3,42.38 1 0
webcrawler/config/fetch.go:44.2,44.13 1 0
webcrawler/config/fetch.go:47.49,50.16 2 0
webcrawler/config/fetch.go:50.16,53.3 2 0
webcrawler/config/fetch.go:55.2,56.18 2 0
webcrawler/dynamoDBx/add.go:11.66,13.16 2 0
webcrawler/dynamoDBx/add.go:13.16,15.3 1 0
webcrawler/dynamoDBx/add.go:16.2,21.12 3 0
webcrawler/dynamoDBx/add.go:24.75,26.16 2 0
webcrawler/dynamoDBx/add.go:26.16,28.3 1 0
webcrawler/dynamoDBx/add.go:29.2,34.12 3 0
webcrawler/dynamoDBx/fetch.go:11.88,18.16 2 0
webcrawler/dynamoDBx/fetch.go:18.16,20.3 1 0
webcrawler/dynamoDBx/fetch.go:21.2,21.22 1 0
webcrawler/dynamoDBx/fetch.go:21.22,23.3 1 0
webcrawler/dynamoDBx/fetch.go:24.2,25.16 2 0
webcrawler/dynamoDBx/fetch.go:25.16,27.3 1 0
webcrawler/dynamoDBx/fetch.go:28.2,28.28 1 0
webcrawler/dynamoDBx/fetch.go:31.82,38.16 2 0
webcrawler/dynamoDBx/fetch.go:38.16,40.3 1 0
webcrawler/dynamoDBx/fetch.go:41.2,41.17 1 0
webcrawler/dynamoDBx/fetch.go:41.17,43.3 1 0
webcrawler/dynamoDBx/fetch.go:44.2,45.16 2 0
webcrawler/dynamoDBx/fetch.go:45.16,47.3 1 0
webcrawler/dynamoDBx/fetch.go:48.2,48.19 1 0
webcrawler/dynamoDBx/fetch.go:51.88,54.16 3 0
webcrawler/dynamoDBx/fetch.go:54.16,56.3 1 0
webcrawler/dynamoDBx/fetch.go:57.2,57.18 1 0
webcrawler/dynamoDBx/fetch.go:60.73,63.16 3 0
webcrawler/dynamoDBx/fetch.go:63.16,65.3 1 0
webcrawler/dynamoDBx/fetch.go:66.2,66.21 1 0
webcrawler/dynamoDBx/remove.go:10.72,18.2 2 0
webcrawler/dynamoDBx/remove.go:20.78,28.2 2 0
webcrawler/dynamoDBx/type.go:22.67,26.41 3 0
webcrawler/dynamoDBx/type.go:26.41,27.102 1 0
webcrawler/dynamoDBx/type.go:27.102,33.4 1 0
webcrawler/dynamoDBx/type.go:34.3,34.46 1 0
webcrawler/dynamoDBx/type.go:37.2,41.3 1 0
webcrawler/dynamoDBx/type.go:45.57,48.16 3 0
webcrawler/dynamoDBx/type.go:48.16,50.3 1 0
webcrawler/dynamoDBx/type.go:52.2,53.16 2 0
webcrawler/dynamoDBx/type.go:53.16,55.3 1 0
webcrawler/dynamoDBx/type.go:57.2,66.16 3 0
webcrawler/dynamoDBx/type.go:66.16,68.3 1 0
webcrawler/dynamoDBx/type.go:71.2,73.26 1 0
webcrawler/dynamoDBx/type.go:73.26,79.3 1 0
webcrawler/dynamoDBx/type.go:81.2,87.8 2 0
webcrawler/dynamoDBx/type.go:90.54,113.16 3 0
webcrawler/dynamoDBx/type.go:113.16,115.3 1 0
webcrawler/dynamoDBx/type.go:117.2,139.16 3 0
webcrawler/dynamoDBx/type.go:139.16,141.3 1 0
webcrawler/dynamoDBx/type.go:143.2,143.12 1 0
webcrawler/dynamoDBx/update.go:11.94,13.16 2 0
webcrawler/dynamoDBx/update.go:13.16,15.3 1 0
webcrawler/dynamoDBx/update.go:16.2,16.65 1 0
webcrawler/dynamoDBx/update.go:16.65,19.3 2 0
webcrawler/dynamoDBx/update.go:19.8,21.3 1 0
webcrawler/dynamoDBx/update.go:23.2,28.16 5 0
webcrawler/dynamoDBx/update.go:28.16,30.3 1 0
webcrawler/dynamoDBx/update.go:31.2,35.12 2 0
webcrawler/formating/text.go:15.66,18.40 3 0
webcrawler/formating/text.go:18.40,21.3 2 0
webcrawler/formating/text.go:23.2,29.19 6 0
webcrawler/formating/text.go:32.64,34.2 1 0
webcrawler/formating/text.go:36.65,38.29 2 0
webcrawler/formating/text.go:38.29,41.3 2 0
webcrawler/formating/text.go:42.2,42.17 1 0
webcrawler/formating/text.go:45.48,46.38 1 0
webcrawler/formating/text.go:46.38,48.3 1 0
webcrawler/formating/text.go:49.2,50.16 2 0
webcrawler/formating/text.go:50.16,52.3 1 0
webcrawler/formating/text.go:53.2,54.19 2 0
webcrawler/formating/text.go:57.48,61.23 3 0
webcrawler/formating/text.go:61.23,62.29 1 0
webcrawler/formating/text.go:62.29,65.4 2 0
webcrawler/formating/text.go:67.2,67.15 1 0
webcrawler/formating/text.go:70.48,72.29 2 0
webcrawler/formating/text.go:72.29,73.36 1 0
webcrawler/formating/text.go:73.36,75.4 1 0
webcrawler/formating/text.go:78.2,78.15 1 0
webcrawler/formating/text.go:81.52,84.2 2 0
webcrawler/formating/text.go:86.45,88.29 2 0
webcrawler/formating/text.go:88.29,90.17 2 0
webcrawler/formating/text.go:90.17,92.4 1 0
webcrawler/formating/text.go:93.3,94.38 2 0
webcrawler/formating/text.go:96.2,96.15 1 0
webcrawler/formating/text.go:99.44,101.29 2 0
webcrawler/formating/text.go:101.29,103.17 2 0
webcrawler/formating/text.go:103.17,105.4 1 0
webcrawler/formating/text.go:106.3,106.27 1 0
webcrawler/formating/text.go:106.27,107.12 1 0
webcrawler/formating/text.go:109.3,109.38 1 0
webcrawler/formating/text.go:111.2,111.15 1 0
webcrawler/formating/text.go:114.51,123.29 3 0
webcrawler/formating/text.go:123.29,125.49 2 0
webcrawler/formating/text.go:125.49,126.12 1 0
webcrawler/formating/text.go:128.3,129.25 2 0
webcrawler/formating/text.go:129.25,130.9 1 0
webcrawler/formating/text.go:133.2,133.15 1 0
webcrawler/graphx/add.go:9.73,11.81 2 1
webcrawler/graphx/add.go:11.81,23.3 2 1
webcrawler/graphx/add.go:24.2,24.12 1 1
webcrawler/graphx/add.go:27.68,30.34 3 1
webcrawler/graphx/add.go:30.34,31.81 1 2
webcrawler/graphx/add.go:31.81,46.4 2 2
webcrawler/graphx/add.go:48.3,48.17 1 2
webcrawler/graphx/add.go:48.17,50.4 1 0
webcrawler/graphx/add.go:52.2,52.12 1 1
webcrawler/graphx/add.go:55.86,57.81 2 1
webcrawler/graphx/add.go:57.81,70.3 2 1
webcrawler/graphx/add.go:71.2,71.12 1 1
webcrawler/graphx/conn.go:10.107,19.16 5 0
webcrawler/graphx/conn.go:19.16,21.3 1 0
webcrawler/graphx/conn.go:22.2,23.16 2 0
webcrawler/graphx/conn.go:23.16,24.13 1 0
webcrawler/graphx/conn.go:26.2,26.20 1 0
webcrawler/graphx/conn.go:29.48,34.2 1 0
webcrawler/graphx/conn.go:35.60,42.16 2 1
webcrawler/graphx/conn.go:42.16,44.3 1 0
webcrawler/graphx/conn.go:46.2,47.16 2 1
webcrawler/graphx/conn.go:47.16,49.3 1 0
webcrawler/graphx/conn.go:51.2,55.16 2 1
webcrawler/graphx/conn.go:55.16,57.3 1 0
webcrawler/graphx/conn.go:59.2,60.16 2 1
webcrawler/graphx/conn.go:60.16,62.3 1 0
webcrawler/graphx/conn.go:64.2,66.8 1 1
webcrawler/graphx/get.go:10.91,14.85 3 1
webcrawler/graphx/get.go:14.85,21.17 2 1
webcrawler/graphx/get.go:21.17,23.4 1 0
webcrawler/graphx/get.go:25.3,25.21 1 1
webcrawler/graphx/get.go:25.21,33.4 4 1
webcrawler/graphx/get.go:34.3,34.46 1 0
webcrawler/graphx/get.go:36.2,36.16 1 1
webcrawler/graphx/get.go:36.16,38.3 1 0
webcrawler/graphx/get.go:40.2,40.35 1 1
webcrawler/graphx/get.go:43.81,47.85 3 1
webcrawler/graphx/get.go:47.85,52.17 2 1
webcrawler/graphx/get.go:52.17,54.4 1 0
webcrawler/graphx/get.go:56.3,56.21 1 1
webcrawler/graphx/get.go:56.21,63.22 5 1
webcrawler/graphx/get.go:63.22,65.5 1 0
webcrawler/graphx/get.go:67.4,69.25 3 1
webcrawler/graphx/get.go:69.25,71.5 1 0
webcrawler/graphx/get.go:73.4,74.23 2 1
webcrawler/graphx/get.go:74.23,76.5 1 1
webcrawler/graphx/get.go:78.4,82.10 1 1
webcrawler/graphx/get.go:84.3,84.43 1 0
webcrawler/graphx/get.go:86.2,86.16 1 1
webcrawler/graphx/get.go:86.16,88.3 1 0
webcrawler/graphx/get.go:90.2,90.32 1 1
webcrawler/handler/flow.go:11.44,13.26 1 0
webcrawler/handler/flow.go:13.26,19.17 3 0
webcrawler/handler/flow.go:19.17,21.4 1 0
webcrawler/handler/flow.go:23.3,24.30 2 0
webcrawler/handler/flow.go:24.30,27.14 2 0
webcrawler/handler/flow.go:27.14,31.19 3 0
webcrawler/handler/flow.go:31.19,33.6 1 0
webcrawler/handler/flow.go:34.5,34.15 1 0
webcrawler/handler/flow.go:34.15,38.6 3 0
webcrawler/handler/flow.go:40.5,41.19 2 0
webcrawler/handler/flow.go:41.19,45.6 3 0
webcrawler/handler/flow.go:47.5,48.19 2 0
webcrawler/handler/flow.go:48.19,51.6 2 0
webcrawler/handler/flow.go:52.5,58.19 5 0
webcrawler/handler/flow.go:58.19,62.6 3 0
webcrawler/handler/flow.go:64.5,64.62 1 0
webcrawler/handler/flow.go:64.62,67.6 2 0
webcrawler/handler/flow.go:69.5,70.19 2 0
webcrawler/handler/flow.go:70.19,73.6 2 0
webcrawler/handler/flow.go:75.5,76.19 2 0
webcrawler/handler/flow.go:76.19,79.6 2 0
webcrawler/handler/flow.go:81.5,82.19 2 0
webcrawler/handler/flow.go:82.19,85.6 2 0
webcrawler/handler/flow.go:89.4,89.13 1 0
webcrawler/handler/type.go:30.105,38.2 1 0
webcrawler/queue/add.go:12.66,14.16 2 0
webcrawler/queue/add.go:14.16,16.3 1 0
webcrawler/queue/add.go:17.2,21.12 2 0
webcrawler/queue/add.go:23.74,25.27 2 0
webcrawler/queue/add.go:25.27,27.3 1 0
webcrawler/queue/add.go:28.2,28.33 1 0
webcrawler/queue/add.go:31.74,33.48 2 0
webcrawler/queue/add.go:33.48,35.26 2 0
webcrawler/queue/add.go:35.26,37.4 1 0
webcrawler/queue/add.go:38.3,41.29 3 0
webcrawler/queue/add.go:41.29,43.18 2 0
webcrawler/queue/add.go:43.18,45.5 1 0
webcrawler/queue/add.go:47.4,52.36 2 0
webcrawler/queue/add.go:55.3,60.17 2 0
webcrawler/queue/add.go:60.17,62.4 1 0
webcrawler/queue/add.go:64.2,64.12 1 0
webcrawler/queue/fetch.go:10.64,15.16 2 0
webcrawler/queue/fetch.go:15.16,17.3 1 0
webcrawler/queue/fetch.go:18.2,19.16 2 0
webcrawler/queue/fetch.go:19.16,21.3 1 0
webcrawler/queue/fetch.go:23.2,23.20 1 0
webcrawler/queue/fetch.go:26.75,28.40 2 0
webcrawler/queue/fetch.go:28.40,32.17 3 0
webcrawler/queue/fetch.go:32.17,34.4 1 0
webcrawler/queue/fetch.go:35.3,38.5 1 0
webcrawler/queue/fetch.go:40.2,40.20 1 0
webcrawler/queue/remove.go:9.75,15.2 2 0
webcrawler/queue/type.go:26.47,27.41 1 0
webcrawler/queue/type.go:27.41,28.102 1 0
webcrawler/queue/type.go:28.102,34.4 1 0
webcrawler/queue/type.go:36.2,39.3 1 0
webcrawler/queue/type.go:42.37,46.2 1 0
webcrawler/site/format.go:19.53,25.16 3 0
webcrawler/site/format.go:25.16,27.3 1 0
webcrawler/site/format.go:29.2,30.28 2 0
webcrawler/site/format.go:30.28,32.3 1 0
webcrawler/site/format.go:35.2,37.16 2 0
webcrawler/site/format.go:37.16,39.3 1 0
webcrawler/site/format.go:41.2,44.27 4 0
webcrawler/site/format.go:44.27,46.3 1 0
webcrawler/site/format.go:46.8,48.3 1 0
webcrawler/site/format.go:50.2,58.22 2 0
webcrawler/site/format.go:61.51,64.29 3 0
webcrawler/site/format.go:64.29,67.34 3 0
webcrawler/site/format.go:67.34,69.4 1 0
webcrawler/site/format.go:71.2,71.31 1 0
webcrawler/site/format.go:71.31,73.3 1 0
webcrawler/site/format.go:74.2,74.24 1 0
webcrawler/site/format.go:77.64,84.2 2 0
webcrawler/site/format.go:87.40,89.41 2 0
webcrawler/site/format.go:89.41,91.3 1 0
webcrawler/site/format.go:92.2,92.42 1 0
webcrawler/site/format.go:92.42,94.3 1 0
webcrawler/site/format.go:95.2,95.42 1 0
webcrawler/site/format.go:95.42,97.3 1 0
webcrawler/site/format.go:98.2,98.43 1 0
webcrawler/site/format.go:98.43,100.3 1 0
webcrawler/site/format.go:101.2,101.44 1 0
webcrawler/site/format.go:101.44,103.3 1 0
webcrawler/site/format.go:105.2,115.30 10 0
webcrawler/site/format.go:115.30,117.3 1 0
webcrawler/site/format.go:118.2,118.28 1 0
webcrawler/site/format.go:121.30,125.2 2 0
webcrawler/site/format.go:127.37,131.2 2 0
webcrawler/site/format.go:133.36,136.2 2 0
webcrawler/site/format.go:138.29,141.2 2 0
webcrawler/site/format.go:143.65,145.35 2 0
webcrawler/site/format.go:145.35,147.3 1 0
webcrawler/site/format.go:148.2,148.14 1 0
webcrawler/site/robots.go:13.48,15.2 1 0
webcrawler/site/robots.go:17.50,19.16 2 0
webcrawler/site/robots.go:19.16,21.3 1 0
webcrawler/site/robots.go:23.2,28.16 3 0
webcrawler/site/robots.go:28.16,30.3 1 0
webcrawler/site/robots.go:31.2,31.44 1 0
webcrawler/site/robots.go:31.44,33.3 1 0
webcrawler/site/robots.go:35.2,38.16 3 0
webcrawler/site/robots.go:38.16,40.3 1 0
webcrawler/site/robots.go:41.2,43.40 2 0
webcrawler/site/validate.go:5.49,7.25 2 0
webcrawler/site/validate.go:7.25,9.3 1 0
webcrawler/site/validate.go:10.2,10.13 1 0
webcrawler/sqlRelational/add.go:8.56,13.2 3 0
webcrawler/sqlRelational/add.go:15.47,20.2 3 0
webcrawler/sqlRelational/conn.go:15.37,25.16 6 0
webcrawler/sqlRelational/conn.go:25.16,26.13 1 0
webcrawler/sqlRelational/conn.go:28.2,28.15 1 0
webcrawler/sqlRelational/conn.go:31.32,36.2 1 0
webcrawler/sqlRelational/fetch.go:11.65,16.16 5 0
webcrawler/sqlRelational/fetch.go:16.16,17.36 1 0
webcrawler/sqlRelational/fetch.go:17.36,20.4 2 0
webcrawler/sqlRelational/fetch.go:21.3,21.30 1 0
webcrawler/sqlRelational/fetch.go:23.2,23.22 1 0
webcrawler/sqlRelational/fetch.go:26.59,31.16 5 0
webcrawler/sqlRelational/fetch.go:31.16,32.36 1 0
webcrawler/sqlRelational/fetch.go:32.36,35.4 2 0
webcrawler/sqlRelational/fetch.go:36.3,36.27 1 0
webcrawler/sqlRelational/fetch.go:38.2,38.19 1 0
webcrawler/sqlRelational/update.go:9.75,12.16 2 0
webcrawler/sqlRelational/update.go:12.16,14.3 1 0
webcrawler/sqlRelational/update.go:15.2,15.65 1 0
webcrawler/sqlRelational/update.go:15.65,18.17 3 0
webcrawler/sqlRelational/update.go:18.17,20.4 1 0
webcrawler/sqlRelational/update.go:21.3,21.13 1 0
webcrawler/sqlRelational/update.go:23.2,27.12 4 0
webcrawler/sqlRelational/update.go:30.50,33.2 1 0
