mode: set
webcrawler/cmd/cartographer/handler/flow.go:12.36,17.36 4 1
webcrawler/cmd/cartographer/handler/flow.go:17.36,21.19 4 1
webcrawler/cmd/cartographer/handler/flow.go:21.19,23.4 1 1
webcrawler/cmd/cartographer/handler/flow.go:26.3,27.17 2 1
webcrawler/cmd/cartographer/handler/flow.go:27.17,29.4 1 0
webcrawler/cmd/cartographer/handler/flow.go:30.3,30.34 1 1
webcrawler/cmd/cartographer/handler/flow.go:33.2,34.16 2 1
webcrawler/cmd/cartographer/handler/flow.go:34.16,36.3 1 1
webcrawler/cmd/cartographer/handler/flow.go:38.2,39.16 2 1
webcrawler/cmd/cartographer/handler/flow.go:39.16,41.3 1 1
webcrawler/cmd/cartographer/handler/flow.go:43.2,43.12 1 1
webcrawler/cmd/cartographer/handler/type.go:13.61,19.2 1 1
webcrawler/cmd/cartographer/pkg/fetch/fetch.go:22.48,23.15 1 1
webcrawler/cmd/cartographer/pkg/fetch/fetch.go:23.15,26.3 2 1
webcrawler/cmd/cartographer/pkg/fetch/fetch.go:28.2,29.16 2 1
webcrawler/cmd/cartographer/pkg/fetch/fetch.go:29.16,32.3 2 1
webcrawler/cmd/cartographer/pkg/fetch/fetch.go:33.2,36.18 3 1
webcrawler/cmd/cartographer/pkg/fetch/fetch.go:36.18,47.17 4 1
webcrawler/cmd/cartographer/pkg/fetch/fetch.go:47.17,49.12 2 1
webcrawler/cmd/cartographer/pkg/fetch/fetch.go:53.3,54.24 2 1
webcrawler/cmd/cartographer/pkg/fetch/fetch.go:54.24,56.4 1 1
webcrawler/cmd/cartographer/pkg/fetch/fetch.go:57.3,57.30 1 1
webcrawler/cmd/cartographer/pkg/fetch/fetch.go:60.2,60.34 1 1
webcrawler/cmd/cartographer/pkg/fetch/fetch.go:60.34,63.3 2 0
webcrawler/cmd/cartographer/pkg/fetch/fetch.go:65.2,66.14 2 1
webcrawler/cmd/cartographer/pkg/push/push-results.go:52.83,54.51 1 1
webcrawler/cmd/cartographer/pkg/push/push-results.go:54.51,56.3 1 1
webcrawler/cmd/cartographer/pkg/push/push-results.go:58.2,58.54 1 1
webcrawler/cmd/cartographer/pkg/push/push-results.go:58.54,60.3 1 0
webcrawler/cmd/cartographer/pkg/push/push-results.go:62.2,62.53 1 1
webcrawler/cmd/cartographer/pkg/push/push-results.go:62.53,64.3 1 0
webcrawler/cmd/cartographer/pkg/push/push-results.go:67.2,68.19 2 1
webcrawler/cmd/cartographer/pkg/push/push-results.go:68.19,70.3 1 1
webcrawler/cmd/cartographer/pkg/push/push-results.go:73.2,74.16 2 1
webcrawler/cmd/cartographer/pkg/push/push-results.go:74.16,76.3 1 1
webcrawler/cmd/cartographer/pkg/push/push-results.go:77.2,80.51 2 1
webcrawler/cmd/cartographer/pkg/push/push-results.go:80.51,82.3 1 1
webcrawler/cmd/cartographer/pkg/push/push-results.go:85.2,86.27 2 1
webcrawler/cmd/cartographer/pkg/push/push-results.go:86.27,103.17 5 1
webcrawler/cmd/cartographer/pkg/push/push-results.go:103.17,105.4 1 1
webcrawler/cmd/cartographer/pkg/push/push-results.go:106.3,106.18 1 1
webcrawler/cmd/cartographer/pkg/push/push-results.go:110.2,110.36 1 1
webcrawler/cmd/cartographer/pkg/push/push-results.go:110.36,112.3 1 1
webcrawler/cmd/cartographer/pkg/push/push-results.go:114.2,115.12 2 1
webcrawler/cmd/cartographer/pkg/push/push-results.go:119.62,121.25 2 1
webcrawler/cmd/cartographer/pkg/push/push-results.go:121.25,122.35 1 1
webcrawler/cmd/cartographer/pkg/push/push-results.go:122.35,123.25 1 1
webcrawler/cmd/cartographer/pkg/push/push-results.go:123.25,125.10 2 1
webcrawler/cmd/cartographer/pkg/push/push-results.go:129.2,129.14 1 1
webcrawler/cmd/cartographer/pkg/graph/merge.go:3.43,4.39 1 1
webcrawler/cmd/cartographer/pkg/graph/merge.go:4.39,6.3 1 1
webcrawler/cmd/cartographer/pkg/graph/merge.go:7.2,9.31 2 1
webcrawler/cmd/cartographer/pkg/graph/merge.go:9.31,10.36 1 1
webcrawler/cmd/cartographer/pkg/graph/merge.go:10.36,12.11 2 1
webcrawler/cmd/cartographer/pkg/graph/merge.go:12.11,14.13 2 1
webcrawler/cmd/cartographer/pkg/graph/merge.go:16.4,16.47 1 1
webcrawler/cmd/cartographer/pkg/graph/merge.go:20.2,20.22 1 1
webcrawler/cmd/cartographer/pkg/graph/traverse.go:20.64,24.25 3 1
webcrawler/cmd/cartographer/pkg/graph/traverse.go:24.25,26.10 2 1
webcrawler/cmd/cartographer/pkg/graph/traverse.go:26.10,27.12 1 0
webcrawler/cmd/cartographer/pkg/graph/traverse.go:29.3,30.30 2 1
webcrawler/cmd/cartographer/pkg/graph/traverse.go:30.30,32.11 2 1
webcrawler/cmd/cartographer/pkg/graph/traverse.go:32.11,33.13 1 1
webcrawler/cmd/cartographer/pkg/graph/traverse.go:35.4,35.35 1 1
webcrawler/cmd/cartographer/pkg/graph/traverse.go:39.2,39.19 1 1
webcrawler/cmd/cartographer/pkg/graph/traverse.go:44.64,49.12 4 1
webcrawler/cmd/cartographer/pkg/graph/traverse.go:49.12,51.3 1 1
webcrawler/cmd/cartographer/pkg/graph/traverse.go:54.2,57.25 3 1
webcrawler/cmd/cartographer/pkg/graph/traverse.go:57.25,59.3 1 1
webcrawler/cmd/cartographer/pkg/graph/traverse.go:62.2,65.58 2 1
webcrawler/cmd/cartographer/pkg/graph/traverse.go:65.58,66.10 1 1
webcrawler/cmd/cartographer/pkg/graph/traverse.go:67.21,68.27 1 1
webcrawler/cmd/cartographer/pkg/graph/traverse.go:69.11,69.11 0 1
webcrawler/cmd/cartographer/pkg/graph/traverse.go:72.3,75.26 2 1
webcrawler/cmd/cartographer/pkg/graph/traverse.go:75.26,80.53 2 1
webcrawler/cmd/cartographer/pkg/graph/traverse.go:80.53,81.41 1 1
webcrawler/cmd/cartographer/pkg/graph/traverse.go:81.41,82.52 1 1
webcrawler/cmd/cartographer/pkg/graph/traverse.go:82.52,84.28 2 1
webcrawler/cmd/cartographer/pkg/graph/traverse.go:84.28,87.8 2 1
webcrawler/cmd/cartographer/pkg/graph/traverse.go:92.4,92.24 1 1
webcrawler/cmd/cartographer/pkg/graph/traverse.go:96.3,98.38 3 1
webcrawler/cmd/cartographer/pkg/graph/traverse.go:98.38,100.24 2 1
webcrawler/cmd/cartographer/pkg/graph/traverse.go:100.24,102.5 1 1
webcrawler/cmd/cartographer/pkg/graph/traverse.go:103.4,103.25 1 1
webcrawler/cmd/cartographer/pkg/graph/traverse.go:103.25,105.5 1 1
webcrawler/cmd/cartographer/pkg/graph/traverse.go:109.3,112.16 2 1
webcrawler/cmd/cartographer/pkg/graph/traverse.go:112.16,113.9 1 1
webcrawler/cmd/cartographer/pkg/graph/traverse.go:118.2,118.38 1 1
webcrawler/cmd/cartographer/pkg/graph/traverse.go:118.38,119.33 1 1
webcrawler/cmd/cartographer/pkg/graph/traverse.go:119.33,121.4 1 1
webcrawler/cmd/cartographer/pkg/graph/traverse.go:124.2,124.19 1 1
webcrawler/cmd/cartographer/pkg/graph/traverse.go:129.61,132.37 2 1
webcrawler/cmd/cartographer/pkg/graph/traverse.go:132.37,136.41 2 1
webcrawler/cmd/cartographer/pkg/graph/traverse.go:136.41,138.45 1 1
webcrawler/cmd/cartographer/pkg/graph/traverse.go:138.45,140.5 1 1
webcrawler/cmd/cartographer/pkg/graph/traverse.go:144.2,144.22 1 1
webcrawler/cmd/cartographer/pkg/graph/traverse.go:149.64,153.35 3 1
webcrawler/cmd/cartographer/pkg/graph/traverse.go:153.35,154.39 1 1
webcrawler/cmd/cartographer/pkg/graph/traverse.go:154.39,156.4 1 1
webcrawler/cmd/cartographer/pkg/graph/traverse.go:159.2,159.14 1 1
webcrawler/cmd/cartographer/pkg/graph/traverse.go:163.55,164.29 1 1
webcrawler/cmd/cartographer/pkg/graph/traverse.go:164.29,165.21 1 1
webcrawler/cmd/cartographer/pkg/graph/traverse.go:165.21,167.4 1 1
webcrawler/cmd/cartographer/pkg/graph/traverse.go:169.2,169.14 1 1
webcrawler/cmd/cartographer/pkg/graph/type.go:14.36,16.26 2 1
webcrawler/cmd/cartographer/pkg/graph/type.go:16.26,18.3 1 1
webcrawler/cmd/cartographer/pkg/graph/type.go:19.2,19.10 1 1
webcrawler/cmd/searcher/tokeniser/tokeniser.go:3.37,6.28 3 1
webcrawler/cmd/searcher/tokeniser/tokeniser.go:6.28,7.110 1 1
webcrawler/cmd/searcher/tokeniser/tokeniser.go:7.110,8.25 1 1
webcrawler/cmd/searcher/tokeniser/tokeniser.go:8.25,10.5 1 1
webcrawler/cmd/searcher/tokeniser/tokeniser.go:11.4,11.20 1 1
webcrawler/cmd/searcher/tokeniser/tokeniser.go:12.9,14.4 1 1
webcrawler/cmd/searcher/tokeniser/tokeniser.go:16.2,16.23 1 1
webcrawler/cmd/searcher/tokeniser/tokeniser.go:16.23,18.3 1 1
webcrawler/cmd/searcher/tokeniser/tokeniser.go:19.2,19.14 1 1
webcrawler/cmd/searcher/handler/server.go:19.40,23.2 1 1
webcrawler/cmd/searcher/handler/server.go:24.119,28.22 2 1
webcrawler/cmd/searcher/handler/server.go:28.22,30.3 1 1
webcrawler/cmd/searcher/handler/server.go:33.2,34.16 2 1
webcrawler/cmd/searcher/handler/server.go:34.16,36.3 1 1
webcrawler/cmd/searcher/handler/server.go:39.2,43.31 4 1
webcrawler/cmd/searcher/handler/server.go:43.31,47.3 3 1
webcrawler/cmd/searcher/handler/server.go:50.2,63.16 4 1
webcrawler/cmd/searcher/handler/server.go:63.16,65.3 1 1
webcrawler/cmd/searcher/handler/server.go:66.2,70.18 3 1
webcrawler/cmd/searcher/handler/server.go:70.18,77.81 6 1
webcrawler/cmd/searcher/handler/server.go:77.81,79.4 1 0
webcrawler/cmd/searcher/handler/server.go:81.3,82.23 2 1
webcrawler/cmd/searcher/handler/server.go:82.23,84.4 1 1
webcrawler/cmd/searcher/handler/server.go:86.3,91.5 1 1
webcrawler/cmd/searcher/handler/server.go:94.2,94.35 1 1
webcrawler/cmd/searcher/handler/server.go:94.35,96.3 1 0
webcrawler/cmd/searcher/handler/server.go:98.2,100.8 1 1
webcrawler/cmd/searcher/main.go:29.13,32.40 2 0
webcrawler/cmd/searcher/main.go:32.40,35.3 2 0
webcrawler/cmd/searcher/main.go:38.2,39.16 2 0
webcrawler/cmd/searcher/main.go:39.16,42.3 2 0
webcrawler/cmd/searcher/main.go:43.2,47.16 3 0
webcrawler/cmd/searcher/main.go:47.16,50.3 2 0
webcrawler/cmd/searcher/main.go:53.2,54.16 2 0
webcrawler/cmd/searcher/main.go:54.16,57.3 2 0
webcrawler/cmd/searcher/main.go:60.2,62.16 3 0
webcrawler/cmd/searcher/main.go:62.16,63.13 1 0
webcrawler/cmd/searcher/main.go:65.2,73.12 6 0
webcrawler/cmd/searcher/main.go:73.12,79.3 5 0
webcrawler/cmd/searcher/main.go:82.2,82.46 1 0
webcrawler/cmd/searcher/main.go:82.46,85.3 2 0
webcrawler/cmd/cartographer/main.go:32.37,33.26 1 0
webcrawler/cmd/cartographer/main.go:33.26,35.3 1 0
webcrawler/cmd/cartographer/main.go:36.2,36.26 1 0
webcrawler/cmd/cartographer/main.go:36.26,38.3 1 0
webcrawler/cmd/cartographer/main.go:39.2,39.22 1 0
webcrawler/cmd/cartographer/main.go:39.22,41.3 1 0
webcrawler/cmd/cartographer/main.go:42.2,42.22 1 0
webcrawler/cmd/cartographer/main.go:42.22,44.3 1 0
webcrawler/cmd/cartographer/main.go:45.2,45.12 1 0
webcrawler/cmd/cartographer/main.go:48.13,51.40 2 0
webcrawler/cmd/cartographer/main.go:51.40,53.3 1 0
webcrawler/cmd/cartographer/main.go:54.2,54.44 1 0
webcrawler/cmd/cartographer/main.go:54.44,56.3 1 0
webcrawler/cmd/cartographer/main.go:59.2,59.26 1 0
webcrawler/cmd/cartographer/main.go:59.26,61.3 1 0
webcrawler/cmd/cartographer/main.go:62.2,62.26 1 0
webcrawler/cmd/cartographer/main.go:62.26,64.3 1 0
webcrawler/cmd/cartographer/main.go:65.2,65.22 1 0
webcrawler/cmd/cartographer/main.go:65.22,67.3 1 0
webcrawler/cmd/cartographer/main.go:68.2,68.22 1 0
webcrawler/cmd/cartographer/main.go:68.22,70.23 2 0
webcrawler/cmd/cartographer/main.go:70.23,72.4 1 0
webcrawler/cmd/cartographer/main.go:76.2,77.16 2 0
webcrawler/cmd/cartographer/main.go:77.16,79.3 1 0
webcrawler/cmd/cartographer/main.go:80.2,84.16 3 0
webcrawler/cmd/cartographer/main.go:84.16,87.3 2 0
webcrawler/cmd/cartographer/main.go:90.2,93.12 3 0
webcrawler/cmd/cartographer/main.go:93.12,98.3 4 0
webcrawler/cmd/cartographer/main.go:100.2,104.16 4 0
webcrawler/cmd/cartographer/main.go:104.16,106.3 1 0
webcrawler/cmd/cartographer/main.go:108.2,108.58 1 0
webcrawler/cmd/conductor/main.go:45.13,48.40 2 0
webcrawler/cmd/conductor/main.go:48.40,51.3 2 0
webcrawler/cmd/conductor/main.go:53.2,64.16 4 0
webcrawler/cmd/conductor/main.go:64.16,67.3 2 0
webcrawler/cmd/conductor/main.go:70.2,71.16 2 0
webcrawler/cmd/conductor/main.go:71.16,74.3 2 0
webcrawler/cmd/conductor/main.go:75.2,86.16 8 0
webcrawler/cmd/conductor/main.go:86.16,89.3 2 0
webcrawler/cmd/conductor/main.go:90.2,99.50 6 0
webcrawler/cmd/conductor/main.go:99.50,102.3 2 0
webcrawler/cmd/conductor/main.go:103.2,106.48 2 0
webcrawler/cmd/conductor/main.go:106.48,109.3 2 0
webcrawler/cmd/conductor/main.go:110.2,119.12 6 0
webcrawler/cmd/conductor/main.go:119.12,122.3 2 0
webcrawler/cmd/conductor/main.go:125.2,136.12 7 0
webcrawler/cmd/conductor/main.go:136.12,139.3 2 0
webcrawler/cmd/conductor/main.go:141.2,141.9 1 0
webcrawler/cmd/conductor/main.go:142.14,143.43 1 0
webcrawler/cmd/conductor/main.go:144.17,145.40 1 0
webcrawler/cmd/conductor/main.go:149.2,151.40 3 0
webcrawler/cmd/spider/pkg/robots/cache.go:24.41,35.2 3 0
webcrawler/cmd/spider/pkg/robots/cache.go:38.25,40.2 1 0
webcrawler/cmd/spider/pkg/robots/cache.go:43.56,48.13 4 0
webcrawler/cmd/spider/pkg/robots/cache.go:48.13,50.3 1 0
webcrawler/cmd/spider/pkg/robots/cache.go:53.2,53.41 1 0
webcrawler/cmd/spider/pkg/robots/cache.go:53.41,55.3 1 0
webcrawler/cmd/spider/pkg/robots/cache.go:57.2,57.20 1 0
webcrawler/cmd/spider/pkg/robots/cache.go:61.61,70.2 3 0
webcrawler/cmd/spider/pkg/robots/cache.go:73.34,77.6 3 0
webcrawler/cmd/spider/pkg/robots/cache.go:77.6,78.10 1 0
webcrawler/cmd/spider/pkg/robots/cache.go:79.19,80.15 1 0
webcrawler/cmd/spider/pkg/robots/cache.go:81.24,82.10 1 0
webcrawler/cmd/spider/pkg/robots/cache.go:88.27,94.39 4 0
webcrawler/cmd/spider/pkg/robots/cache.go:94.39,95.37 1 0
webcrawler/cmd/spider/pkg/robots/cache.go:95.37,97.4 1 0
webcrawler/cmd/spider/pkg/robots/cache.go:102.48,110.2 3 0
webcrawler/cmd/spider/pkg/robots/cache.go:113.25,118.2 3 0
webcrawler/cmd/spider/pkg/ratelimit/limiter.go:27.76,41.2 3 0
webcrawler/cmd/spider/pkg/ratelimit/limiter.go:44.33,46.2 1 0
webcrawler/cmd/spider/pkg/ratelimit/limiter.go:49.72,52.2 2 0
webcrawler/cmd/spider/pkg/ratelimit/limiter.go:55.51,58.2 2 0
webcrawler/cmd/spider/pkg/ratelimit/limiter.go:61.65,66.12 4 0
webcrawler/cmd/spider/pkg/ratelimit/limiter.go:66.12,71.3 4 0
webcrawler/cmd/spider/pkg/ratelimit/limiter.go:74.2,78.51 3 0
webcrawler/cmd/spider/pkg/ratelimit/limiter.go:78.51,81.3 2 0
webcrawler/cmd/spider/pkg/ratelimit/limiter.go:83.2,87.16 4 0
webcrawler/cmd/spider/pkg/ratelimit/limiter.go:91.42,95.6 3 0
webcrawler/cmd/spider/pkg/ratelimit/limiter.go:95.6,96.10 1 0
webcrawler/cmd/spider/pkg/ratelimit/limiter.go:97.19,98.15 1 0
webcrawler/cmd/spider/pkg/ratelimit/limiter.go:99.24,100.10 1 0
webcrawler/cmd/spider/pkg/ratelimit/limiter.go:106.35,112.47 4 0
webcrawler/cmd/spider/pkg/ratelimit/limiter.go:112.47,113.32 1 0
webcrawler/cmd/spider/pkg/ratelimit/limiter.go:113.32,116.4 2 0
webcrawler/cmd/spider/pkg/ratelimit/limiter.go:121.56,130.2 3 0
webcrawler/cmd/spider/pkg/security/url_validator.go:17.38,27.2 1 0
webcrawler/cmd/spider/pkg/security/url_validator.go:30.54,31.18 1 0
webcrawler/cmd/spider/pkg/security/url_validator.go:31.18,33.3 1 0
webcrawler/cmd/spider/pkg/security/url_validator.go:35.2,36.16 2 0
webcrawler/cmd/spider/pkg/security/url_validator.go:36.16,38.3 1 0
webcrawler/cmd/spider/pkg/security/url_validator.go:41.2,41.39 1 0
webcrawler/cmd/spider/pkg/security/url_validator.go:41.39,43.3 1 0
webcrawler/cmd/spider/pkg/security/url_validator.go:46.2,47.47 2 0
webcrawler/cmd/spider/pkg/security/url_validator.go:47.47,49.3 1 0
webcrawler/cmd/spider/pkg/security/url_validator.go:52.2,52.44 1 0
webcrawler/cmd/spider/pkg/security/url_validator.go:52.44,53.42 1 0
webcrawler/cmd/spider/pkg/security/url_validator.go:53.42,55.4 1 0
webcrawler/cmd/spider/pkg/security/url_validator.go:56.8,58.54 1 0
webcrawler/cmd/spider/pkg/security/url_validator.go:58.54,60.4 1 0
webcrawler/cmd/spider/pkg/security/url_validator.go:63.2,63.12 1 0
webcrawler/cmd/spider/pkg/security/url_validator.go:67.60,69.43 2 0
webcrawler/cmd/spider/pkg/security/url_validator.go:69.43,70.24 1 0
webcrawler/cmd/spider/pkg/security/url_validator.go:70.24,72.4 1 0
webcrawler/cmd/spider/pkg/security/url_validator.go:74.2,74.14 1 0
webcrawler/cmd/spider/pkg/security/url_validator.go:78.52,80.21 1 0
webcrawler/cmd/spider/pkg/security/url_validator.go:80.21,82.3 1 0
webcrawler/cmd/spider/pkg/security/url_validator.go:85.2,85.20 1 0
webcrawler/cmd/spider/pkg/security/url_validator.go:85.20,87.3 1 0
webcrawler/cmd/spider/pkg/security/url_validator.go:90.2,90.58 1 0
webcrawler/cmd/spider/pkg/security/url_validator.go:90.58,92.3 1 0
webcrawler/cmd/spider/pkg/security/url_validator.go:95.2,95.22 1 0
webcrawler/cmd/spider/pkg/security/url_validator.go:95.22,97.3 1 0
webcrawler/cmd/spider/pkg/security/url_validator.go:100.2,100.24 1 0
webcrawler/cmd/spider/pkg/security/url_validator.go:100.24,102.3 1 0
webcrawler/cmd/spider/pkg/security/url_validator.go:104.2,104.12 1 0
webcrawler/cmd/spider/pkg/security/url_validator.go:108.64,110.46 1 0
webcrawler/cmd/spider/pkg/security/url_validator.go:110.46,112.3 1 0
webcrawler/cmd/spider/pkg/security/url_validator.go:115.2,116.16 2 0
webcrawler/cmd/spider/pkg/security/url_validator.go:116.16,120.3 1 0
webcrawler/cmd/spider/pkg/security/url_validator.go:123.2,123.25 1 0
webcrawler/cmd/spider/pkg/security/url_validator.go:123.25,124.42 1 0
webcrawler/cmd/spider/pkg/security/url_validator.go:124.42,126.4 1 0
webcrawler/cmd/spider/pkg/security/url_validator.go:129.2,129.12 1 0
webcrawler/cmd/spider/pkg/cycle/detector.go:26.49,38.2 3 0
webcrawler/cmd/spider/pkg/cycle/detector.go:41.28,43.2 1 0
webcrawler/cmd/spider/pkg/cycle/detector.go:46.45,52.2 4 0
webcrawler/cmd/spider/pkg/cycle/detector.go:55.41,60.2 3 0
webcrawler/cmd/spider/pkg/cycle/detector.go:64.55,75.2 7 0
webcrawler/cmd/spider/pkg/cycle/detector.go:79.40,84.2 2 0
webcrawler/cmd/spider/pkg/cycle/detector.go:87.37,91.6 3 0
webcrawler/cmd/spider/pkg/cycle/detector.go:91.6,92.10 1 0
webcrawler/cmd/spider/pkg/cycle/detector.go:93.19,94.15 1 0
webcrawler/cmd/spider/pkg/cycle/detector.go:95.24,96.10 1 0
webcrawler/cmd/spider/pkg/cycle/detector.go:102.30,108.38 4 0
webcrawler/cmd/spider/pkg/cycle/detector.go:108.38,109.28 1 0
webcrawler/cmd/spider/pkg/cycle/detector.go:109.28,111.4 1 0
webcrawler/cmd/spider/pkg/cycle/detector.go:115.2,115.29 1 0
webcrawler/cmd/spider/pkg/cycle/detector.go:115.29,117.3 1 0
webcrawler/cmd/spider/pkg/cycle/detector.go:121.51,130.2 3 0
webcrawler/cmd/spider/pkg/cycle/detector.go:133.28,139.2 4 0
webcrawler/cmd/spider/main.go:29.13,47.16 5 0
webcrawler/cmd/spider/main.go:47.16,48.13 1 0
webcrawler/cmd/spider/main.go:50.2,95.16 6 0
webcrawler/cmd/spider/main.go:95.16,97.60 1 0
webcrawler/cmd/spider/main.go:97.60,98.14 1 0
webcrawler/cmd/spider/main.go:100.3,100.81 1 0
webcrawler/cmd/spider/main.go:103.2,104.16 2 0
webcrawler/cmd/spider/main.go:104.16,107.3 2 0
webcrawler/cmd/spider/main.go:110.2,111.16 2 0
webcrawler/cmd/spider/main.go:111.16,114.3 2 0
webcrawler/cmd/spider/main.go:117.2,119.16 3 0
webcrawler/cmd/spider/main.go:119.16,120.13 1 0
webcrawler/cmd/spider/main.go:122.2,131.12 6 0
webcrawler/cmd/spider/main.go:131.12,135.3 3 0
webcrawler/cmd/spider/main.go:138.2,141.12 3 0
webcrawler/cmd/spider/main.go:141.12,155.3 7 0
webcrawler/cmd/spider/main.go:157.2,162.46 2 0
webcrawler/cmd/spider/main.go:162.46,166.3 3 0
webcrawler/pkg/awsx/config.go:11.57,19.2 2 0
webcrawler/cmd/conductor/handler/flow.go:20.47,23.6 2 1
webcrawler/cmd/conductor/handler/flow.go:23.6,24.10 1 1
webcrawler/cmd/conductor/handler/flow.go:25.21,27.10 2 0
webcrawler/cmd/conductor/handler/flow.go:28.11,29.46 1 1
webcrawler/cmd/conductor/handler/flow.go:29.46,30.46 1 1
webcrawler/cmd/conductor/handler/flow.go:30.46,33.14 3 0
webcrawler/cmd/conductor/handler/flow.go:35.5,36.32 2 1
webcrawler/cmd/conductor/handler/flow.go:43.59,46.16 2 1
webcrawler/cmd/conductor/handler/flow.go:46.16,48.3 1 1
webcrawler/cmd/conductor/handler/flow.go:51.2,54.41 2 1
webcrawler/cmd/conductor/handler/flow.go:54.41,56.3 1 1
webcrawler/cmd/conductor/handler/flow.go:59.2,59.6 1 1
webcrawler/cmd/conductor/handler/flow.go:59.6,60.10 1 1
webcrawler/cmd/conductor/handler/flow.go:61.21,62.20 1 1
webcrawler/cmd/conductor/handler/flow.go:63.11,65.21 2 1
webcrawler/cmd/conductor/handler/flow.go:65.21,68.5 2 1
webcrawler/cmd/conductor/handler/flow.go:69.4,69.18 1 1
webcrawler/cmd/conductor/handler/flow.go:69.18,71.5 1 1
webcrawler/cmd/conductor/handler/flow.go:74.4,74.40 1 1
webcrawler/cmd/conductor/handler/flow.go:74.40,75.52 1 1
webcrawler/cmd/conductor/handler/flow.go:75.52,80.14 3 0
webcrawler/cmd/conductor/handler/flow.go:85.4,85.36 1 1
webcrawler/cmd/conductor/handler/flow.go:85.36,89.5 1 1
webcrawler/cmd/conductor/handler/flow.go:95.82,97.15 2 1
webcrawler/cmd/conductor/handler/flow.go:97.15,99.3 1 1
webcrawler/cmd/conductor/handler/flow.go:101.2,119.16 6 1
webcrawler/cmd/conductor/handler/flow.go:119.16,120.28 1 1
webcrawler/cmd/conductor/handler/flow.go:120.28,124.4 3 1
webcrawler/cmd/conductor/handler/flow.go:125.3,126.13 2 1
webcrawler/cmd/conductor/handler/flow.go:129.2,133.25 3 1
webcrawler/cmd/conductor/handler/flow.go:133.25,135.60 2 1
webcrawler/cmd/conductor/handler/flow.go:135.60,141.4 3 1
webcrawler/cmd/conductor/handler/flow.go:142.3,142.96 1 1
webcrawler/cmd/conductor/handler/flow.go:145.2,145.12 1 1
webcrawler/cmd/conductor/handler/flow.go:149.78,152.29 2 1
webcrawler/cmd/conductor/handler/flow.go:152.29,156.3 1 1
webcrawler/cmd/conductor/handler/flow.go:159.2,159.56 1 1
webcrawler/cmd/conductor/handler/flow.go:159.56,161.3 1 1
webcrawler/cmd/conductor/handler/flow.go:164.2,166.12 2 1
webcrawler/cmd/conductor/handler/flow.go:170.39,171.16 1 1
webcrawler/cmd/conductor/handler/flow.go:171.16,173.3 1 1
webcrawler/cmd/conductor/handler/flow.go:175.2,176.66 1 1
webcrawler/cmd/conductor/handler/handler.go:20.86,26.2 1 1
webcrawler/cmd/spider/pkg/formating/text.go:15.66,18.40 3 1
webcrawler/cmd/spider/pkg/formating/text.go:18.40,21.3 2 1
webcrawler/cmd/spider/pkg/formating/text.go:23.2,29.19 6 1
webcrawler/cmd/spider/pkg/formating/text.go:32.64,34.2 1 0
webcrawler/cmd/spider/pkg/formating/text.go:36.65,38.29 2 0
webcrawler/cmd/spider/pkg/formating/text.go:38.29,41.3 2 0
webcrawler/cmd/spider/pkg/formating/text.go:42.2,42.17 1 0
webcrawler/cmd/spider/pkg/formating/text.go:45.48,46.38 1 1
webcrawler/cmd/spider/pkg/formating/text.go:46.38,48.3 1 1
webcrawler/cmd/spider/pkg/formating/text.go:49.2,50.16 2 1
webcrawler/cmd/spider/pkg/formating/text.go:50.16,52.3 1 0
webcrawler/cmd/spider/pkg/formating/text.go:53.2,54.19 2 1
webcrawler/cmd/spider/pkg/formating/text.go:57.48,61.23 3 1
webcrawler/cmd/spider/pkg/formating/text.go:61.23,62.29 1 1
webcrawler/cmd/spider/pkg/formating/text.go:62.29,65.4 2 1
webcrawler/cmd/spider/pkg/formating/text.go:67.2,67.15 1 1
webcrawler/cmd/spider/pkg/formating/text.go:70.48,72.29 2 1
webcrawler/cmd/spider/pkg/formating/text.go:72.29,73.36 1 1
webcrawler/cmd/spider/pkg/formating/text.go:73.36,75.4 1 1
webcrawler/cmd/spider/pkg/formating/text.go:78.2,78.15 1 1
webcrawler/cmd/spider/pkg/formating/text.go:81.52,84.2 2 1
webcrawler/cmd/spider/pkg/formating/text.go:86.45,88.29 2 1
webcrawler/cmd/spider/pkg/formating/text.go:88.29,90.17 2 1
webcrawler/cmd/spider/pkg/formating/text.go:90.17,92.4 1 0
webcrawler/cmd/spider/pkg/formating/text.go:93.3,94.38 2 1
webcrawler/cmd/spider/pkg/formating/text.go:96.2,96.15 1 1
webcrawler/cmd/spider/pkg/formating/text.go:99.44,101.29 2 1
webcrawler/cmd/spider/pkg/formating/text.go:101.29,103.17 2 1
webcrawler/cmd/spider/pkg/formating/text.go:103.17,105.4 1 0
webcrawler/cmd/spider/pkg/formating/text.go:106.3,106.27 1 1
webcrawler/cmd/spider/pkg/formating/text.go:106.27,107.12 1 0
webcrawler/cmd/spider/pkg/formating/text.go:109.3,109.38 1 1
webcrawler/cmd/spider/pkg/formating/text.go:111.2,111.15 1 1
webcrawler/cmd/spider/pkg/formating/text.go:114.51,123.29 3 1
webcrawler/cmd/spider/pkg/formating/text.go:123.29,125.49 2 1
webcrawler/cmd/spider/pkg/formating/text.go:125.49,126.12 1 0
webcrawler/cmd/spider/pkg/formating/text.go:128.3,129.25 2 1
webcrawler/cmd/spider/pkg/formating/text.go:129.25,130.9 1 0
webcrawler/cmd/spider/pkg/formating/text.go:133.2,133.15 1 1
webcrawler/cmd/spider/pkg/site/adder.go:20.34,24.2 1 1
webcrawler/cmd/spider/pkg/site/adder.go:27.59,30.16 2 1
webcrawler/cmd/spider/pkg/site/adder.go:30.16,32.3 1 1
webcrawler/cmd/spider/pkg/site/adder.go:35.2,36.16 2 1
webcrawler/cmd/spider/pkg/site/adder.go:36.16,38.3 1 0
webcrawler/cmd/spider/pkg/site/adder.go:41.2,64.16 4 1
webcrawler/cmd/spider/pkg/site/adder.go:64.16,66.27 1 1
webcrawler/cmd/spider/pkg/site/adder.go:66.27,68.4 1 1
webcrawler/cmd/spider/pkg/site/adder.go:70.3,70.64 1 1
webcrawler/cmd/spider/pkg/site/adder.go:70.64,72.4 1 1
webcrawler/cmd/spider/pkg/site/adder.go:73.3,73.54 1 1
webcrawler/cmd/spider/pkg/site/adder.go:77.2,77.39 1 1
webcrawler/cmd/spider/pkg/site/adder.go:77.39,78.64 1 1
webcrawler/cmd/spider/pkg/site/adder.go:78.64,82.4 1 0
webcrawler/cmd/spider/pkg/site/adder.go:86.2,86.25 1 1
webcrawler/cmd/spider/pkg/site/adder.go:86.25,87.60 1 1
webcrawler/cmd/spider/pkg/site/adder.go:87.60,91.4 1 0
webcrawler/cmd/spider/pkg/site/adder.go:94.2,94.12 1 1
webcrawler/cmd/spider/pkg/site/adder.go:98.90,99.21 1 1
webcrawler/cmd/spider/pkg/site/adder.go:99.21,101.3 1 1
webcrawler/cmd/spider/pkg/site/adder.go:104.2,108.29 4 1
webcrawler/cmd/spider/pkg/site/adder.go:108.29,112.3 3 1
webcrawler/cmd/spider/pkg/site/adder.go:114.2,121.16 3 1
webcrawler/cmd/spider/pkg/site/adder.go:121.16,123.3 1 1
webcrawler/cmd/spider/pkg/site/adder.go:125.2,125.12 1 1
webcrawler/cmd/spider/pkg/site/adder.go:129.76,130.21 1 1
webcrawler/cmd/spider/pkg/site/adder.go:130.21,132.3 1 1
webcrawler/cmd/spider/pkg/site/adder.go:135.2,139.29 4 1
webcrawler/cmd/spider/pkg/site/adder.go:139.29,141.17 2 1
webcrawler/cmd/spider/pkg/site/adder.go:141.17,142.12 1 1
webcrawler/cmd/spider/pkg/site/adder.go:145.3,147.19 3 1
webcrawler/cmd/spider/pkg/site/adder.go:150.2,150.28 1 1
webcrawler/cmd/spider/pkg/site/adder.go:150.28,152.3 1 1
webcrawler/cmd/spider/pkg/site/adder.go:154.2,161.16 3 1
webcrawler/cmd/spider/pkg/site/adder.go:161.16,163.3 1 0
webcrawler/cmd/spider/pkg/site/adder.go:165.2,165.12 1 1
webcrawler/cmd/spider/pkg/site/adder.go:169.51,171.16 2 1
webcrawler/cmd/spider/pkg/site/adder.go:171.16,173.3 1 1
webcrawler/cmd/spider/pkg/site/adder.go:174.2,174.28 1 1
webcrawler/cmd/spider/pkg/site/adder.go:178.56,179.41 1 1
webcrawler/cmd/spider/pkg/site/adder.go:179.41,181.3 1 1
webcrawler/cmd/spider/pkg/site/adder.go:182.2,182.44 1 1
webcrawler/cmd/spider/pkg/site/adder.go:182.44,184.3 1 1
webcrawler/cmd/spider/pkg/site/adder.go:185.2,185.11 1 1
webcrawler/cmd/spider/pkg/site/format.go:20.53,23.69 1 0
webcrawler/cmd/spider/pkg/site/format.go:23.69,25.21 1 0
webcrawler/cmd/spider/pkg/site/format.go:25.21,27.5 1 0
webcrawler/cmd/spider/pkg/site/format.go:28.4,28.14 1 0
webcrawler/cmd/spider/pkg/site/format.go:33.2,34.16 2 0
webcrawler/cmd/spider/pkg/site/format.go:34.16,36.3 1 0
webcrawler/cmd/spider/pkg/site/format.go:39.2,44.16 5 0
webcrawler/cmd/spider/pkg/site/format.go:44.16,46.3 1 0
webcrawler/cmd/spider/pkg/site/format.go:48.2,52.87 3 0
webcrawler/cmd/spider/pkg/site/format.go:52.87,54.3 1 0
webcrawler/cmd/spider/pkg/site/format.go:56.2,56.28 1 0
webcrawler/cmd/spider/pkg/site/format.go:56.28,58.3 1 0
webcrawler/cmd/spider/pkg/site/format.go:61.2,64.16 3 0
webcrawler/cmd/spider/pkg/site/format.go:64.16,66.3 1 0
webcrawler/cmd/spider/pkg/site/format.go:69.2,69.35 1 0
webcrawler/cmd/spider/pkg/site/format.go:69.35,71.3 1 0
webcrawler/cmd/spider/pkg/site/format.go:73.2,76.27 4 0
webcrawler/cmd/spider/pkg/site/format.go:76.27,78.3 1 0
webcrawler/cmd/spider/pkg/site/format.go:78.8,80.3 1 0
webcrawler/cmd/spider/pkg/site/format.go:82.2,90.22 2 0
webcrawler/cmd/spider/pkg/site/format.go:93.51,96.29 3 1
webcrawler/cmd/spider/pkg/site/format.go:96.29,99.34 3 1
webcrawler/cmd/spider/pkg/site/format.go:99.34,101.4 1 1
webcrawler/cmd/spider/pkg/site/format.go:103.2,103.31 1 1
webcrawler/cmd/spider/pkg/site/format.go:103.31,105.3 1 1
webcrawler/cmd/spider/pkg/site/format.go:106.2,106.24 1 1
webcrawler/cmd/spider/pkg/site/format.go:109.57,116.2 2 0
webcrawler/cmd/spider/pkg/site/format.go:119.40,121.41 2 1
webcrawler/cmd/spider/pkg/site/format.go:121.41,123.3 1 1
webcrawler/cmd/spider/pkg/site/format.go:124.2,124.42 1 1
webcrawler/cmd/spider/pkg/site/format.go:124.42,126.3 1 1
webcrawler/cmd/spider/pkg/site/format.go:127.2,127.42 1 1
webcrawler/cmd/spider/pkg/site/format.go:127.42,129.3 1 0
webcrawler/cmd/spider/pkg/site/format.go:130.2,130.43 1 1
webcrawler/cmd/spider/pkg/site/format.go:130.43,132.3 1 1
webcrawler/cmd/spider/pkg/site/format.go:133.2,133.44 1 1
webcrawler/cmd/spider/pkg/site/format.go:133.44,135.3 1 0
webcrawler/cmd/spider/pkg/site/format.go:137.2,147.30 10 1
webcrawler/cmd/spider/pkg/site/format.go:147.30,149.3 1 1
webcrawler/cmd/spider/pkg/site/format.go:150.2,150.28 1 0
webcrawler/cmd/spider/pkg/site/format.go:153.30,157.2 2 0
webcrawler/cmd/spider/pkg/site/format.go:159.37,163.2 2 0
webcrawler/cmd/spider/pkg/site/format.go:165.36,168.2 2 1
webcrawler/cmd/spider/pkg/site/format.go:170.29,173.2 2 1
webcrawler/cmd/spider/pkg/site/format.go:175.65,177.35 2 0
webcrawler/cmd/spider/pkg/site/format.go:177.35,179.3 1 0
webcrawler/cmd/spider/pkg/site/format.go:180.2,180.14 1 0
webcrawler/cmd/spider/pkg/site/robots.go:12.48,14.2 1 0
webcrawler/cmd/spider/pkg/site/robots.go:16.50,18.16 2 1
webcrawler/cmd/spider/pkg/site/robots.go:18.16,20.3 1 1
webcrawler/cmd/spider/pkg/site/robots.go:22.2,27.16 3 1
webcrawler/cmd/spider/pkg/site/robots.go:27.16,29.3 1 1
webcrawler/cmd/spider/pkg/site/robots.go:30.2,30.44 1 1
webcrawler/cmd/spider/pkg/site/robots.go:30.44,32.3 1 1
webcrawler/cmd/spider/pkg/site/robots.go:34.2,37.16 3 1
webcrawler/cmd/spider/pkg/site/robots.go:37.16,39.3 1 0
webcrawler/cmd/spider/pkg/site/robots.go:40.2,42.40 2 1
webcrawler/cmd/spider/pkg/site/validate.go:5.49,7.25 2 1
webcrawler/cmd/spider/pkg/site/validate.go:7.25,9.3 1 1
webcrawler/cmd/spider/pkg/site/validate.go:10.2,10.13 1 1
webcrawler/pkg/generated/types/site/site.pb.go:37.24,42.2 4 0
webcrawler/pkg/generated/types/site/site.pb.go:44.32,46.2 1 0
webcrawler/pkg/generated/types/site/site.pb.go:48.30,48.31 0 0
webcrawler/pkg/generated/types/site/site.pb.go:50.52,52.14 2 0
webcrawler/pkg/generated/types/site/site.pb.go:52.14,54.34 2 0
webcrawler/pkg/generated/types/site/site.pb.go:54.34,56.4 1 0
webcrawler/pkg/generated/types/site/site.pb.go:57.3,57.12 1 0
webcrawler/pkg/generated/types/site/site.pb.go:59.2,59.24 1 0
webcrawler/pkg/generated/types/site/site.pb.go:63.43,65.2 1 0
webcrawler/pkg/generated/types/site/site.pb.go:67.32,68.14 1 0
webcrawler/pkg/generated/types/site/site.pb.go:68.14,70.3 1 0
webcrawler/pkg/generated/types/site/site.pb.go:71.2,71.11 1 0
webcrawler/pkg/generated/types/site/site.pb.go:74.34,75.14 1 0
webcrawler/pkg/generated/types/site/site.pb.go:75.14,77.3 1 0
webcrawler/pkg/generated/types/site/site.pb.go:78.2,78.11 1 0
webcrawler/pkg/generated/types/site/site.pb.go:81.36,82.14 1 0
webcrawler/pkg/generated/types/site/site.pb.go:82.14,84.3 1 0
webcrawler/pkg/generated/types/site/site.pb.go:85.2,85.10 1 0
webcrawler/pkg/generated/types/site/site.pb.go:88.33,89.14 1 0
webcrawler/pkg/generated/types/site/site.pb.go:89.14,91.3 1 0
webcrawler/pkg/generated/types/site/site.pb.go:92.2,92.11 1 0
webcrawler/pkg/generated/types/site/site.pb.go:95.36,96.14 1 0
webcrawler/pkg/generated/types/site/site.pb.go:96.14,98.3 1 0
webcrawler/pkg/generated/types/site/site.pb.go:99.2,99.11 1 0
webcrawler/pkg/generated/types/site/site.pb.go:102.44,103.14 1 0
webcrawler/pkg/generated/types/site/site.pb.go:103.14,105.3 1 0
webcrawler/pkg/generated/types/site/site.pb.go:106.2,106.12 1 0
webcrawler/pkg/generated/types/site/site.pb.go:109.36,110.14 1 0
webcrawler/pkg/generated/types/site/site.pb.go:110.14,112.3 1 0
webcrawler/pkg/generated/types/site/site.pb.go:113.2,113.12 1 0
webcrawler/pkg/generated/types/site/site.pb.go:125.25,130.2 4 0
webcrawler/pkg/generated/types/site/site.pb.go:132.33,134.2 1 0
webcrawler/pkg/generated/types/site/site.pb.go:136.31,136.32 0 0
webcrawler/pkg/generated/types/site/site.pb.go:138.53,140.14 2 0
webcrawler/pkg/generated/types/site/site.pb.go:140.14,142.34 2 0
webcrawler/pkg/generated/types/site/site.pb.go:142.34,144.4 1 0
webcrawler/pkg/generated/types/site/site.pb.go:145.3,145.12 1 0
webcrawler/pkg/generated/types/site/site.pb.go:147.2,147.24 1 0
webcrawler/pkg/generated/types/site/site.pb.go:151.44,153.2 1 0
webcrawler/pkg/generated/types/site/site.pb.go:155.33,156.14 1 0
webcrawler/pkg/generated/types/site/site.pb.go:156.14,158.3 1 0
webcrawler/pkg/generated/types/site/site.pb.go:159.2,159.10 1 0
webcrawler/pkg/generated/types/site/site.pb.go:162.37,163.14 1 0
webcrawler/pkg/generated/types/site/site.pb.go:163.14,165.3 1 0
webcrawler/pkg/generated/types/site/site.pb.go:166.2,166.11 1 0
webcrawler/pkg/generated/types/site/site.pb.go:169.33,170.14 1 0
webcrawler/pkg/generated/types/site/site.pb.go:170.14,172.3 1 0
webcrawler/pkg/generated/types/site/site.pb.go:173.2,173.11 1 0
webcrawler/pkg/generated/types/site/site.pb.go:211.49,212.46 1 0
webcrawler/pkg/generated/types/site/site.pb.go:212.46,214.3 1 0
webcrawler/pkg/generated/types/site/site.pb.go:215.2,215.42 1 0
webcrawler/pkg/generated/types/site/site.pb.go:233.13,233.45 1 0
webcrawler/pkg/generated/types/site/site.pb.go:234.35,235.34 1 0
webcrawler/pkg/generated/types/site/site.pb.go:235.34,237.3 1 0
webcrawler/pkg/generated/types/site/site.pb.go:238.2,254.37 5 0
webcrawler/pkg/db/marina.go:9.91,12.16 3 0
webcrawler/pkg/db/marina.go:12.16,14.3 1 0
webcrawler/pkg/db/marina.go:15.2,16.18 2 0
webcrawler/pkg/db/postgres.go:12.115,15.16 3 0
webcrawler/pkg/db/postgres.go:15.16,17.3 1 0
webcrawler/pkg/db/postgres.go:20.2,24.24 4 0
webcrawler/pkg/db/sqlite.go:8.35,10.16 2 0
webcrawler/pkg/db/sqlite.go:10.16,12.3 1 0
webcrawler/pkg/db/sqlite.go:13.2,13.18 1 0
webcrawler/pkg/health/health.go:10.65,14.2 3 0
webcrawler/pkg/health/health.go:17.50,18.54 1 0
webcrawler/pkg/health/health.go:18.54,22.53 2 0
webcrawler/pkg/health/health.go:22.53,30.4 3 0
webcrawler/pkg/health/health.go:32.3,33.66 2 0
webcrawler/pkg/health/health.go:38.54,43.2 4 0
webcrawler/pkg/generated/service/searcher/searcher.pb.go:33.33,38.2 4 0
webcrawler/pkg/generated/service/searcher/searcher.pb.go:40.41,42.2 1 0
webcrawler/pkg/generated/service/searcher/searcher.pb.go:44.39,44.40 0 0
webcrawler/pkg/generated/service/searcher/searcher.pb.go:46.61,48.14 2 0
webcrawler/pkg/generated/service/searcher/searcher.pb.go:48.14,50.34 2 0
webcrawler/pkg/generated/service/searcher/searcher.pb.go:50.34,52.4 1 0
webcrawler/pkg/generated/service/searcher/searcher.pb.go:53.3,53.12 1 0
webcrawler/pkg/generated/service/searcher/searcher.pb.go:55.2,55.24 1 0
webcrawler/pkg/generated/service/searcher/searcher.pb.go:59.52,61.2 1 0
webcrawler/pkg/generated/service/searcher/searcher.pb.go:63.43,64.14 1 0
webcrawler/pkg/generated/service/searcher/searcher.pb.go:64.14,66.3 1 0
webcrawler/pkg/generated/service/searcher/searcher.pb.go:67.2,67.11 1 0
webcrawler/pkg/generated/service/searcher/searcher.pb.go:70.42,71.14 1 0
webcrawler/pkg/generated/service/searcher/searcher.pb.go:71.14,73.3 1 0
webcrawler/pkg/generated/service/searcher/searcher.pb.go:74.2,74.10 1 0
webcrawler/pkg/generated/service/searcher/searcher.pb.go:85.34,90.2 4 0
webcrawler/pkg/generated/service/searcher/searcher.pb.go:92.42,94.2 1 0
webcrawler/pkg/generated/service/searcher/searcher.pb.go:96.40,96.41 0 0
webcrawler/pkg/generated/service/searcher/searcher.pb.go:98.62,100.14 2 0
webcrawler/pkg/generated/service/searcher/searcher.pb.go:100.14,102.34 2 0
webcrawler/pkg/generated/service/searcher/searcher.pb.go:102.34,104.4 1 0
webcrawler/pkg/generated/service/searcher/searcher.pb.go:105.3,105.12 1 0
webcrawler/pkg/generated/service/searcher/searcher.pb.go:107.2,107.24 1 0
webcrawler/pkg/generated/service/searcher/searcher.pb.go:111.53,113.2 1 0
webcrawler/pkg/generated/service/searcher/searcher.pb.go:115.50,116.14 1 0
webcrawler/pkg/generated/service/searcher/searcher.pb.go:116.14,118.3 1 0
webcrawler/pkg/generated/service/searcher/searcher.pb.go:119.2,119.12 1 0
webcrawler/pkg/generated/service/searcher/searcher.pb.go:122.52,123.14 1 0
webcrawler/pkg/generated/service/searcher/searcher.pb.go:123.14,125.3 1 0
webcrawler/pkg/generated/service/searcher/searcher.pb.go:126.2,126.12 1 0
webcrawler/pkg/generated/service/searcher/searcher.pb.go:160.55,161.52 1 0
webcrawler/pkg/generated/service/searcher/searcher.pb.go:161.52,163.3 1 0
webcrawler/pkg/generated/service/searcher/searcher.pb.go:164.2,164.48 1 0
webcrawler/pkg/generated/service/searcher/searcher.pb.go:186.13,186.51 1 0
webcrawler/pkg/generated/service/searcher/searcher.pb.go:187.41,188.40 1 0
webcrawler/pkg/generated/service/searcher/searcher.pb.go:188.40,190.3 1 0
webcrawler/pkg/generated/service/searcher/searcher.pb.go:191.2,207.43 5 0
webcrawler/pkg/generated/service/searcher/searcher_grpc.pb.go:36.68,38.2 1 0
webcrawler/pkg/generated/service/searcher/searcher_grpc.pb.go:40.128,44.16 4 0
webcrawler/pkg/generated/service/searcher/searcher_grpc.pb.go:44.16,46.3 1 0
webcrawler/pkg/generated/service/searcher/searcher_grpc.pb.go:47.2,47.17 1 0
webcrawler/pkg/generated/service/searcher/searcher_grpc.pb.go:65.106,67.2 1 0
webcrawler/pkg/generated/service/searcher/searcher_grpc.pb.go:68.76,68.77 0 0
webcrawler/pkg/generated/service/searcher/searcher_grpc.pb.go:69.76,69.77 0 0
webcrawler/pkg/generated/service/searcher/searcher_grpc.pb.go:78.74,83.59 1 0
webcrawler/pkg/generated/service/searcher/searcher_grpc.pb.go:83.59,85.3 1 0
webcrawler/pkg/generated/service/searcher/searcher_grpc.pb.go:86.2,86.47 1 0
webcrawler/pkg/generated/service/searcher/searcher_grpc.pb.go:89.165,91.32 2 0
webcrawler/pkg/generated/service/searcher/searcher_grpc.pb.go:91.32,93.3 1 0
webcrawler/pkg/generated/service/searcher/searcher_grpc.pb.go:94.2,94.24 1 0
webcrawler/pkg/generated/service/searcher/searcher_grpc.pb.go:94.24,96.3 1 0
webcrawler/pkg/generated/service/searcher/searcher_grpc.pb.go:97.2,101.77 2 0
webcrawler/pkg/generated/service/searcher/searcher_grpc.pb.go:101.77,103.3 1 0
webcrawler/pkg/generated/service/searcher/searcher_grpc.pb.go:104.2,104.44 1 0
webcrawler/pkg/generated/service/spider/spider.pb.go:33.35,38.2 4 0
webcrawler/pkg/generated/service/spider/spider.pb.go:40.43,42.2 1 0
webcrawler/pkg/generated/service/spider/spider.pb.go:44.41,44.42 0 0
webcrawler/pkg/generated/service/spider/spider.pb.go:46.63,48.14 2 0
webcrawler/pkg/generated/service/spider/spider.pb.go:48.14,50.34 2 0
webcrawler/pkg/generated/service/spider/spider.pb.go:50.34,52.4 1 0
webcrawler/pkg/generated/service/spider/spider.pb.go:53.3,53.12 1 0
webcrawler/pkg/generated/service/spider/spider.pb.go:55.2,55.24 1 0
webcrawler/pkg/generated/service/spider/spider.pb.go:59.54,61.2 1 0
webcrawler/pkg/generated/service/spider/spider.pb.go:63.44,64.14 1 0
webcrawler/pkg/generated/service/spider/spider.pb.go:64.14,66.3 1 0
webcrawler/pkg/generated/service/spider/spider.pb.go:67.2,67.10 1 0
webcrawler/pkg/generated/service/spider/spider.pb.go:70.53,71.14 1 0
webcrawler/pkg/generated/service/spider/spider.pb.go:71.14,73.3 1 0
webcrawler/pkg/generated/service/spider/spider.pb.go:74.2,74.12 1 0
webcrawler/pkg/generated/service/spider/spider.pb.go:85.36,90.2 4 0
webcrawler/pkg/generated/service/spider/spider.pb.go:92.44,94.2 1 0
webcrawler/pkg/generated/service/spider/spider.pb.go:96.42,96.43 0 0
webcrawler/pkg/generated/service/spider/spider.pb.go:98.64,100.14 2 0
webcrawler/pkg/generated/service/spider/spider.pb.go:100.14,102.34 2 0
webcrawler/pkg/generated/service/spider/spider.pb.go:102.34,104.4 1 0
webcrawler/pkg/generated/service/spider/spider.pb.go:105.3,105.12 1 0
webcrawler/pkg/generated/service/spider/spider.pb.go:107.2,107.24 1 0
webcrawler/pkg/generated/service/spider/spider.pb.go:111.55,113.2 1 0
webcrawler/pkg/generated/service/spider/spider.pb.go:115.56,116.14 1 0
webcrawler/pkg/generated/service/spider/spider.pb.go:116.14,118.3 1 0
webcrawler/pkg/generated/service/spider/spider.pb.go:119.2,119.12 1 0
webcrawler/pkg/generated/service/spider/spider.pb.go:122.54,123.14 1 0
webcrawler/pkg/generated/service/spider/spider.pb.go:123.14,125.3 1 0
webcrawler/pkg/generated/service/spider/spider.pb.go:126.2,126.12 1 0
webcrawler/pkg/generated/service/spider/spider.pb.go:135.33,140.2 4 0
webcrawler/pkg/generated/service/spider/spider.pb.go:142.41,144.2 1 0
webcrawler/pkg/generated/service/spider/spider.pb.go:146.39,146.40 0 0
webcrawler/pkg/generated/service/spider/spider.pb.go:148.61,150.14 2 0
webcrawler/pkg/generated/service/spider/spider.pb.go:150.14,152.34 2 0
webcrawler/pkg/generated/service/spider/spider.pb.go:152.34,154.4 1 0
webcrawler/pkg/generated/service/spider/spider.pb.go:155.3,155.12 1 0
webcrawler/pkg/generated/service/spider/spider.pb.go:157.2,157.24 1 0
webcrawler/pkg/generated/service/spider/spider.pb.go:161.52,163.2 1 0
webcrawler/pkg/generated/service/spider/spider.pb.go:172.34,177.2 4 0
webcrawler/pkg/generated/service/spider/spider.pb.go:179.42,181.2 1 0
webcrawler/pkg/generated/service/spider/spider.pb.go:183.40,183.41 0 0
webcrawler/pkg/generated/service/spider/spider.pb.go:185.62,187.14 2 0
webcrawler/pkg/generated/service/spider/spider.pb.go:187.14,189.34 2 0
webcrawler/pkg/generated/service/spider/spider.pb.go:189.34,191.4 1 0
webcrawler/pkg/generated/service/spider/spider.pb.go:192.3,192.12 1 0
webcrawler/pkg/generated/service/spider/spider.pb.go:194.2,194.24 1 0
webcrawler/pkg/generated/service/spider/spider.pb.go:198.53,200.2 1 0
webcrawler/pkg/generated/service/spider/spider.pb.go:202.46,203.14 1 0
webcrawler/pkg/generated/service/spider/spider.pb.go:203.14,205.3 1 0
webcrawler/pkg/generated/service/spider/spider.pb.go:206.2,206.12 1 0
webcrawler/pkg/generated/service/spider/spider.pb.go:219.26,224.2 4 0
webcrawler/pkg/generated/service/spider/spider.pb.go:226.34,228.2 1 0
webcrawler/pkg/generated/service/spider/spider.pb.go:230.32,230.33 0 0
webcrawler/pkg/generated/service/spider/spider.pb.go:232.54,234.14 2 0
webcrawler/pkg/generated/service/spider/spider.pb.go:234.14,236.34 2 0
webcrawler/pkg/generated/service/spider/spider.pb.go:236.34,238.4 1 0
webcrawler/pkg/generated/service/spider/spider.pb.go:239.3,239.12 1 0
webcrawler/pkg/generated/service/spider/spider.pb.go:241.2,241.24 1 0
webcrawler/pkg/generated/service/spider/spider.pb.go:245.45,247.2 1 0
webcrawler/pkg/generated/service/spider/spider.pb.go:249.36,250.14 1 0
webcrawler/pkg/generated/service/spider/spider.pb.go:250.14,252.3 1 0
webcrawler/pkg/generated/service/spider/spider.pb.go:253.2,253.14 1 0
webcrawler/pkg/generated/service/spider/spider.pb.go:256.33,257.14 1 0
webcrawler/pkg/generated/service/spider/spider.pb.go:257.14,259.3 1 0
webcrawler/pkg/generated/service/spider/spider.pb.go:260.2,260.10 1 0
webcrawler/pkg/generated/service/spider/spider.pb.go:263.39,264.14 1 0
webcrawler/pkg/generated/service/spider/spider.pb.go:264.14,266.3 1 0
webcrawler/pkg/generated/service/spider/spider.pb.go:267.2,267.10 1 0
webcrawler/pkg/generated/service/spider/spider.pb.go:270.41,271.14 1 0
webcrawler/pkg/generated/service/spider/spider.pb.go:271.14,273.3 1 0
webcrawler/pkg/generated/service/spider/spider.pb.go:274.2,274.10 1 0
webcrawler/pkg/generated/service/spider/spider.pb.go:326.53,327.50 1 0
webcrawler/pkg/generated/service/spider/spider.pb.go:327.50,329.3 1 0
webcrawler/pkg/generated/service/spider/spider.pb.go:330.2,330.46 1 0
webcrawler/pkg/generated/service/spider/spider.pb.go:359.13,359.49 1 0
webcrawler/pkg/generated/service/spider/spider.pb.go:360.39,361.38 1 0
webcrawler/pkg/generated/service/spider/spider.pb.go:361.38,363.3 1 0
webcrawler/pkg/generated/service/spider/spider.pb.go:364.2,380.41 5 0
webcrawler/pkg/generated/service/spider/spider_grpc.pb.go:38.64,40.2 1 0
webcrawler/pkg/generated/service/spider/spider_grpc.pb.go:42.151,45.16 3 0
webcrawler/pkg/generated/service/spider/spider_grpc.pb.go:45.16,47.3 1 0
webcrawler/pkg/generated/service/spider/spider_grpc.pb.go:48.2,49.15 2 0
webcrawler/pkg/generated/service/spider/spider_grpc.pb.go:55.124,59.16 4 0
webcrawler/pkg/generated/service/spider/spider_grpc.pb.go:59.16,61.3 1 0
webcrawler/pkg/generated/service/spider/spider_grpc.pb.go:62.2,62.17 1 0
webcrawler/pkg/generated/service/spider/spider_grpc.pb.go:81.113,83.2 1 0
webcrawler/pkg/generated/service/spider/spider_grpc.pb.go:84.102,86.2 1 0
webcrawler/pkg/generated/service/spider/spider_grpc.pb.go:87.72,87.73 0 0
webcrawler/pkg/generated/service/spider/spider_grpc.pb.go:88.72,88.73 0 0
webcrawler/pkg/generated/service/spider/spider_grpc.pb.go:97.70,102.59 1 0
webcrawler/pkg/generated/service/spider/spider_grpc.pb.go:102.59,104.3 1 0
webcrawler/pkg/generated/service/spider/spider_grpc.pb.go:105.2,105.45 1 0
webcrawler/pkg/generated/service/spider/spider_grpc.pb.go:108.83,110.2 1 0
webcrawler/pkg/generated/service/spider/spider_grpc.pb.go:115.161,117.32 2 0
webcrawler/pkg/generated/service/spider/spider_grpc.pb.go:117.32,119.3 1 0
webcrawler/pkg/generated/service/spider/spider_grpc.pb.go:120.2,120.24 1 0
webcrawler/pkg/generated/service/spider/spider_grpc.pb.go:120.24,122.3 1 0
webcrawler/pkg/generated/service/spider/spider_grpc.pb.go:123.2,127.77 2 0
webcrawler/pkg/generated/service/spider/spider_grpc.pb.go:127.77,129.3 1 0
webcrawler/pkg/generated/service/spider/spider_grpc.pb.go:130.2,130.44 1 0
webcrawler/pkg/mocks/service/searcher/SearcherClient.go:24.69,26.2 1 0
webcrawler/pkg/mocks/service/searcher/SearcherClient.go:29.151,31.23 2 0
webcrawler/pkg/mocks/service/searcher/SearcherClient.go:31.23,33.3 1 0
webcrawler/pkg/mocks/service/searcher/SearcherClient.go:34.2,39.19 5 0
webcrawler/pkg/mocks/service/searcher/SearcherClient.go:39.19,40.53 1 0
webcrawler/pkg/mocks/service/searcher/SearcherClient.go:43.2,45.133 3 0
webcrawler/pkg/mocks/service/searcher/SearcherClient.go:45.133,47.3 1 0
webcrawler/pkg/mocks/service/searcher/SearcherClient.go:48.2,48.124 1 0
webcrawler/pkg/mocks/service/searcher/SearcherClient.go:48.124,50.3 1 0
webcrawler/pkg/mocks/service/searcher/SearcherClient.go:50.8,51.24 1 0
webcrawler/pkg/mocks/service/searcher/SearcherClient.go:51.24,53.4 1 0
webcrawler/pkg/mocks/service/searcher/SearcherClient.go:56.2,56.105 1 0
webcrawler/pkg/mocks/service/searcher/SearcherClient.go:56.105,58.3 1 0
webcrawler/pkg/mocks/service/searcher/SearcherClient.go:58.8,60.3 1 0
webcrawler/pkg/mocks/service/searcher/SearcherClient.go:62.2,62.15 1 0
webcrawler/pkg/mocks/service/searcher/SearcherClient.go:74.143,77.2 1 0
webcrawler/pkg/mocks/service/searcher/SearcherClient.go:79.173,80.40 1 0
webcrawler/pkg/mocks/service/searcher/SearcherClient.go:80.40,82.30 2 0
webcrawler/pkg/mocks/service/searcher/SearcherClient.go:82.30,83.16 1 0
webcrawler/pkg/mocks/service/searcher/SearcherClient.go:83.16,85.5 1 0
webcrawler/pkg/mocks/service/searcher/SearcherClient.go:87.3,87.85 1 0
webcrawler/pkg/mocks/service/searcher/SearcherClient.go:89.2,89.11 1 0
webcrawler/pkg/mocks/service/searcher/SearcherClient.go:92.133,95.2 2 0
webcrawler/pkg/mocks/service/searcher/SearcherClient.go:97.204,100.2 2 0
webcrawler/pkg/mocks/service/searcher/SearcherClient.go:107.24,111.19 3 0
webcrawler/pkg/mocks/service/searcher/SearcherClient.go:111.19,111.49 1 0
webcrawler/pkg/mocks/service/searcher/SearcherClient.go:113.2,113.13 1 0
webcrawler/pkg/mocks/service/searcher/SearcherServer.go:21.69,23.2 1 0
webcrawler/pkg/mocks/service/searcher/SearcherServer.go:26.127,29.19 2 0
webcrawler/pkg/mocks/service/searcher/SearcherServer.go:29.19,30.53 1 0
webcrawler/pkg/mocks/service/searcher/SearcherServer.go:33.2,35.113 3 0
webcrawler/pkg/mocks/service/searcher/SearcherServer.go:35.113,37.3 1 0
webcrawler/pkg/mocks/service/searcher/SearcherServer.go:38.2,38.104 1 0
webcrawler/pkg/mocks/service/searcher/SearcherServer.go:38.104,40.3 1 0
webcrawler/pkg/mocks/service/searcher/SearcherServer.go:40.8,41.24 1 0
webcrawler/pkg/mocks/service/searcher/SearcherServer.go:41.24,43.4 1 0
webcrawler/pkg/mocks/service/searcher/SearcherServer.go:46.2,46.85 1 0
webcrawler/pkg/mocks/service/searcher/SearcherServer.go:46.85,48.3 1 0
webcrawler/pkg/mocks/service/searcher/SearcherServer.go:48.8,50.3 1 0
webcrawler/pkg/mocks/service/searcher/SearcherServer.go:52.2,52.15 1 0
webcrawler/pkg/mocks/service/searcher/SearcherServer.go:63.123,65.2 1 0
webcrawler/pkg/mocks/service/searcher/SearcherServer.go:67.149,68.40 1 0
webcrawler/pkg/mocks/service/searcher/SearcherServer.go:68.40,70.3 1 0
webcrawler/pkg/mocks/service/searcher/SearcherServer.go:71.2,71.11 1 0
webcrawler/pkg/mocks/service/searcher/SearcherServer.go:74.133,77.2 2 0
webcrawler/pkg/mocks/service/searcher/SearcherServer.go:79.184,82.2 2 0
webcrawler/pkg/mocks/service/searcher/SearcherServer.go:85.70,87.2 1 0
webcrawler/pkg/mocks/service/searcher/SearcherServer.go:95.141,97.2 1 0
webcrawler/pkg/mocks/service/searcher/SearcherServer.go:99.151,100.40 1 0
webcrawler/pkg/mocks/service/searcher/SearcherServer.go:100.40,102.3 1 0
webcrawler/pkg/mocks/service/searcher/SearcherServer.go:103.2,103.11 1 0
webcrawler/pkg/mocks/service/searcher/SearcherServer.go:106.144,109.2 2 0
webcrawler/pkg/mocks/service/searcher/SearcherServer.go:111.160,114.2 2 0
webcrawler/pkg/mocks/service/searcher/SearcherServer.go:121.24,125.19 3 0
webcrawler/pkg/mocks/service/searcher/SearcherServer.go:125.19,125.49 1 0
webcrawler/pkg/mocks/service/searcher/SearcherServer.go:127.2,127.13 1 0
webcrawler/pkg/bootstrap/health.go:12.26,18.12 3 1
webcrawler/pkg/bootstrap/health.go:18.12,20.3 1 1
webcrawler/pkg/bootstrap/health.go:21.2,21.12 1 1
webcrawler/pkg/bootstrap/prometheus.go:9.28,11.16 2 0
webcrawler/pkg/bootstrap/prometheus.go:11.16,13.3 1 0
webcrawler/pkg/bootstrap/prometheus.go:14.2,16.12 3 0
webcrawler/pkg/queue/type.go:21.42,26.2 1 0
webcrawler/pkg/queue/type.go:28.63,30.16 2 0
webcrawler/pkg/queue/type.go:30.16,32.3 1 0
webcrawler/pkg/queue/type.go:33.2,36.18 3 0
webcrawler/pkg/queue/type.go:36.18,38.41 2 0
webcrawler/pkg/queue/type.go:38.41,40.4 1 0
webcrawler/pkg/queue/type.go:41.3,41.27 1 0
webcrawler/pkg/queue/type.go:43.2,43.34 1 0
webcrawler/pkg/queue/type.go:43.34,45.3 1 0
webcrawler/pkg/queue/type.go:47.2,47.18 1 0
webcrawler/pkg/queue/type.go:50.60,52.16 2 0
webcrawler/pkg/queue/type.go:52.16,54.3 1 0
webcrawler/pkg/queue/type.go:55.2,55.12 1 0
webcrawler/pkg/queue/type.go:58.63,59.24 1 0
webcrawler/pkg/queue/type.go:59.24,61.17 2 0
webcrawler/pkg/queue/type.go:61.17,63.4 1 0
webcrawler/pkg/queue/type.go:65.2,65.12 1 0
webcrawler/pkg/queue/type.go:68.63,70.16 2 0
webcrawler/pkg/queue/type.go:70.16,72.3 1 0
webcrawler/pkg/queue/type.go:73.2,73.12 1 0
webcrawler/pkg/mocks/service/spider/SpiderClient.go:24.65,26.2 1 0
webcrawler/pkg/mocks/service/spider/SpiderClient.go:29.143,31.23 2 0
webcrawler/pkg/mocks/service/spider/SpiderClient.go:31.23,33.3 1 0
webcrawler/pkg/mocks/service/spider/SpiderClient.go:34.2,39.19 5 0
webcrawler/pkg/mocks/service/spider/SpiderClient.go:39.19,40.51 1 0
webcrawler/pkg/mocks/service/spider/SpiderClient.go:43.2,45.129 3 0
webcrawler/pkg/mocks/service/spider/SpiderClient.go:45.129,47.3 1 0
webcrawler/pkg/mocks/service/spider/SpiderClient.go:48.2,48.120 1 0
webcrawler/pkg/mocks/service/spider/SpiderClient.go:48.120,50.3 1 0
webcrawler/pkg/mocks/service/spider/SpiderClient.go:50.8,51.24 1 0
webcrawler/pkg/mocks/service/spider/SpiderClient.go:51.24,53.4 1 0
webcrawler/pkg/mocks/service/spider/SpiderClient.go:56.2,56.103 1 0
webcrawler/pkg/mocks/service/spider/SpiderClient.go:56.103,58.3 1 0
webcrawler/pkg/mocks/service/spider/SpiderClient.go:58.8,60.3 1 0
webcrawler/pkg/mocks/service/spider/SpiderClient.go:62.2,62.15 1 0
webcrawler/pkg/mocks/service/spider/SpiderClient.go:74.135,77.2 1 0
webcrawler/pkg/mocks/service/spider/SpiderClient.go:79.163,80.40 1 0
webcrawler/pkg/mocks/service/spider/SpiderClient.go:80.40,82.30 2 0
webcrawler/pkg/mocks/service/spider/SpiderClient.go:82.30,83.16 1 0
webcrawler/pkg/mocks/service/spider/SpiderClient.go:83.16,85.5 1 0
webcrawler/pkg/mocks/service/spider/SpiderClient.go:87.3,87.83 1 0
webcrawler/pkg/mocks/service/spider/SpiderClient.go:89.2,89.11 1 0
webcrawler/pkg/mocks/service/spider/SpiderClient.go:92.123,95.2 2 0
webcrawler/pkg/mocks/service/spider/SpiderClient.go:97.192,100.2 2 0
webcrawler/pkg/mocks/service/spider/SpiderClient.go:103.170,105.23 2 0
webcrawler/pkg/mocks/service/spider/SpiderClient.go:105.23,107.3 1 0
webcrawler/pkg/mocks/service/spider/SpiderClient.go:108.2,113.19 5 0
webcrawler/pkg/mocks/service/spider/SpiderClient.go:113.19,114.53 1 0
webcrawler/pkg/mocks/service/spider/SpiderClient.go:117.2,119.157 3 0
webcrawler/pkg/mocks/service/spider/SpiderClient.go:119.157,121.3 1 0
webcrawler/pkg/mocks/service/spider/SpiderClient.go:122.2,122.148 1 0
webcrawler/pkg/mocks/service/spider/SpiderClient.go:122.148,124.3 1 0
webcrawler/pkg/mocks/service/spider/SpiderClient.go:124.8,125.24 1 0
webcrawler/pkg/mocks/service/spider/SpiderClient.go:125.24,127.4 1 0
webcrawler/pkg/mocks/service/spider/SpiderClient.go:130.2,130.80 1 0
webcrawler/pkg/mocks/service/spider/SpiderClient.go:130.80,132.3 1 0
webcrawler/pkg/mocks/service/spider/SpiderClient.go:132.8,134.3 1 0
webcrawler/pkg/mocks/service/spider/SpiderClient.go:136.2,136.15 1 0
webcrawler/pkg/mocks/service/spider/SpiderClient.go:147.123,150.2 1 0
webcrawler/pkg/mocks/service/spider/SpiderClient.go:152.141,153.40 1 0
webcrawler/pkg/mocks/service/spider/SpiderClient.go:153.40,155.30 2 0
webcrawler/pkg/mocks/service/spider/SpiderClient.go:155.30,156.16 1 0
webcrawler/pkg/mocks/service/spider/SpiderClient.go:156.16,158.5 1 0
webcrawler/pkg/mocks/service/spider/SpiderClient.go:160.3,160.50 1 0
webcrawler/pkg/mocks/service/spider/SpiderClient.go:162.2,162.11 1 0
webcrawler/pkg/mocks/service/spider/SpiderClient.go:165.178,168.2 2 0
webcrawler/pkg/mocks/service/spider/SpiderClient.go:170.224,173.2 2 0
webcrawler/pkg/mocks/service/spider/SpiderClient.go:180.22,184.19 3 0
webcrawler/pkg/mocks/service/spider/SpiderClient.go:184.19,184.49 1 0
webcrawler/pkg/mocks/service/spider/SpiderClient.go:186.2,186.13 1 0
webcrawler/pkg/mocks/service/spider/SpiderServer.go:24.65,26.2 1 0
webcrawler/pkg/mocks/service/spider/SpiderServer.go:29.119,32.19 2 0
webcrawler/pkg/mocks/service/spider/SpiderServer.go:32.19,33.51 1 0
webcrawler/pkg/mocks/service/spider/SpiderServer.go:36.2,38.109 3 0
webcrawler/pkg/mocks/service/spider/SpiderServer.go:38.109,40.3 1 0
webcrawler/pkg/mocks/service/spider/SpiderServer.go:41.2,41.100 1 0
webcrawler/pkg/mocks/service/spider/SpiderServer.go:41.100,43.3 1 0
webcrawler/pkg/mocks/service/spider/SpiderServer.go:43.8,44.24 1 0
webcrawler/pkg/mocks/service/spider/SpiderServer.go:44.24,46.4 1 0
webcrawler/pkg/mocks/service/spider/SpiderServer.go:49.2,49.83 1 0
webcrawler/pkg/mocks/service/spider/SpiderServer.go:49.83,51.3 1 0
webcrawler/pkg/mocks/service/spider/SpiderServer.go:51.8,53.3 1 0
webcrawler/pkg/mocks/service/spider/SpiderServer.go:55.2,55.15 1 0
webcrawler/pkg/mocks/service/spider/SpiderServer.go:66.115,68.2 1 0
webcrawler/pkg/mocks/service/spider/SpiderServer.go:70.139,71.40 1 0
webcrawler/pkg/mocks/service/spider/SpiderServer.go:71.40,73.3 1 0
webcrawler/pkg/mocks/service/spider/SpiderServer.go:74.2,74.11 1 0
webcrawler/pkg/mocks/service/spider/SpiderServer.go:77.123,80.2 2 0
webcrawler/pkg/mocks/service/spider/SpiderServer.go:82.172,85.2 2 0
webcrawler/pkg/mocks/service/spider/SpiderServer.go:88.126,91.19 2 0
webcrawler/pkg/mocks/service/spider/SpiderServer.go:91.19,92.53 1 0
webcrawler/pkg/mocks/service/spider/SpiderServer.go:95.2,96.118 2 0
webcrawler/pkg/mocks/service/spider/SpiderServer.go:96.118,98.3 1 0
webcrawler/pkg/mocks/service/spider/SpiderServer.go:98.8,100.3 1 0
webcrawler/pkg/mocks/service/spider/SpiderServer.go:102.2,102.11 1 0
webcrawler/pkg/mocks/service/spider/SpiderServer.go:112.102,114.2 1 0
webcrawler/pkg/mocks/service/spider/SpiderServer.go:116.174,117.40 1 0
webcrawler/pkg/mocks/service/spider/SpiderServer.go:117.40,119.3 1 0
webcrawler/pkg/mocks/service/spider/SpiderServer.go:120.2,120.11 1 0
webcrawler/pkg/mocks/service/spider/SpiderServer.go:123.99,126.2 2 0
webcrawler/pkg/mocks/service/spider/SpiderServer.go:128.185,131.2 2 0
webcrawler/pkg/mocks/service/spider/SpiderServer.go:134.66,136.2 1 0
webcrawler/pkg/mocks/service/spider/SpiderServer.go:144.133,146.2 1 0
webcrawler/pkg/mocks/service/spider/SpiderServer.go:148.143,149.40 1 0
webcrawler/pkg/mocks/service/spider/SpiderServer.go:149.40,151.3 1 0
webcrawler/pkg/mocks/service/spider/SpiderServer.go:152.2,152.11 1 0
webcrawler/pkg/mocks/service/spider/SpiderServer.go:155.136,158.2 2 0
webcrawler/pkg/mocks/service/spider/SpiderServer.go:160.152,163.2 2 0
webcrawler/pkg/mocks/service/spider/SpiderServer.go:170.22,174.19 3 0
webcrawler/pkg/mocks/service/spider/SpiderServer.go:174.19,174.49 1 0
webcrawler/pkg/mocks/service/spider/SpiderServer.go:176.2,176.13 1 0
webcrawler/pkg/page/type.go:31.42,36.2 1 0
webcrawler/pkg/page/type.go:38.65,40.27 2 0
webcrawler/pkg/page/type.go:40.27,42.3 1 0
webcrawler/pkg/page/type.go:43.2,44.12 2 0
webcrawler/pkg/page/type.go:47.67,49.27 2 0
webcrawler/pkg/page/type.go:49.27,51.3 1 0
webcrawler/pkg/page/type.go:52.2,53.12 2 0
webcrawler/pkg/page/type.go:56.74,58.27 2 0
webcrawler/pkg/page/type.go:58.27,60.3 1 0
webcrawler/pkg/page/type.go:61.2,66.16 5 0
webcrawler/pkg/page/type.go:66.16,67.36 1 0
webcrawler/pkg/page/type.go:67.36,69.4 1 0
webcrawler/pkg/page/type.go:70.3,70.18 1 0
webcrawler/pkg/page/type.go:72.2,73.19 2 0
webcrawler/pkg/page/type.go:76.63,78.27 2 0
webcrawler/pkg/page/type.go:78.27,80.3 1 0
webcrawler/pkg/page/type.go:81.2,82.12 2 0
webcrawler/pkg/page/type.go:84.61,90.16 5 0
webcrawler/pkg/page/type.go:90.16,92.3 1 0
webcrawler/pkg/page/type.go:94.2,94.19 1 0
webcrawler/pkg/page/type.go:96.67,98.16 2 0
webcrawler/pkg/page/type.go:98.16,100.3 1 0
webcrawler/pkg/page/type.go:101.2,104.18 3 0
webcrawler/pkg/page/type.go:104.18,108.17 4 0
webcrawler/pkg/page/type.go:108.17,110.4 1 0
webcrawler/pkg/page/type.go:111.3,112.30 2 0
webcrawler/pkg/page/type.go:115.2,115.34 1 0
webcrawler/pkg/page/type.go:115.34,117.3 1 0
webcrawler/pkg/page/type.go:119.2,119.19 1 0
webcrawler/pkg/page/type.go:122.52,126.2 3 0
webcrawler/pkg/page/type.go:128.52,132.2 3 0
webcrawler/pkg/page/type.go:134.50,138.2 3 0
webcrawler/pkg/awsx/dynamoDBx/add.go:11.66,13.16 2 0
webcrawler/pkg/awsx/dynamoDBx/add.go:13.16,15.3 1 0
webcrawler/pkg/awsx/dynamoDBx/add.go:16.2,21.12 3 0
webcrawler/pkg/awsx/dynamoDBx/add.go:24.75,26.16 2 0
webcrawler/pkg/awsx/dynamoDBx/add.go:26.16,28.3 1 0
webcrawler/pkg/awsx/dynamoDBx/add.go:29.2,34.12 3 0
webcrawler/pkg/awsx/dynamoDBx/fetch.go:11.88,18.16 2 0
webcrawler/pkg/awsx/dynamoDBx/fetch.go:18.16,20.3 1 0
webcrawler/pkg/awsx/dynamoDBx/fetch.go:21.2,21.22 1 0
webcrawler/pkg/awsx/dynamoDBx/fetch.go:21.22,23.3 1 0
webcrawler/pkg/awsx/dynamoDBx/fetch.go:24.2,25.16 2 0
webcrawler/pkg/awsx/dynamoDBx/fetch.go:25.16,27.3 1 0
webcrawler/pkg/awsx/dynamoDBx/fetch.go:28.2,28.28 1 0
webcrawler/pkg/awsx/dynamoDBx/fetch.go:31.82,38.16 2 0
webcrawler/pkg/awsx/dynamoDBx/fetch.go:38.16,40.3 1 0
webcrawler/pkg/awsx/dynamoDBx/fetch.go:41.2,41.17 1 0
webcrawler/pkg/awsx/dynamoDBx/fetch.go:41.17,43.3 1 0
webcrawler/pkg/awsx/dynamoDBx/fetch.go:44.2,45.16 2 0
webcrawler/pkg/awsx/dynamoDBx/fetch.go:45.16,47.3 1 0
webcrawler/pkg/awsx/dynamoDBx/fetch.go:48.2,48.19 1 0
webcrawler/pkg/awsx/dynamoDBx/fetch.go:51.88,54.16 3 0
webcrawler/pkg/awsx/dynamoDBx/fetch.go:54.16,56.3 1 0
webcrawler/pkg/awsx/dynamoDBx/fetch.go:57.2,57.18 1 0
webcrawler/pkg/awsx/dynamoDBx/fetch.go:60.73,63.16 3 0
webcrawler/pkg/awsx/dynamoDBx/fetch.go:63.16,65.3 1 0
webcrawler/pkg/awsx/dynamoDBx/fetch.go:66.2,66.21 1 0
webcrawler/pkg/awsx/dynamoDBx/remove.go:10.72,18.2 2 0
webcrawler/pkg/awsx/dynamoDBx/remove.go:20.78,28.2 2 0
webcrawler/pkg/awsx/dynamoDBx/type.go:23.67,27.41 3 0
webcrawler/pkg/awsx/dynamoDBx/type.go:27.41,28.102 1 0
webcrawler/pkg/awsx/dynamoDBx/type.go:28.102,34.4 1 0
webcrawler/pkg/awsx/dynamoDBx/type.go:35.3,35.46 1 0
webcrawler/pkg/awsx/dynamoDBx/type.go:38.2,42.3 1 0
webcrawler/pkg/awsx/dynamoDBx/type.go:46.57,49.16 3 1
webcrawler/pkg/awsx/dynamoDBx/type.go:49.16,51.3 1 0
webcrawler/pkg/awsx/dynamoDBx/type.go:53.2,54.16 2 0
webcrawler/pkg/awsx/dynamoDBx/type.go:54.16,56.3 1 0
webcrawler/pkg/awsx/dynamoDBx/type.go:58.2,67.16 3 0
webcrawler/pkg/awsx/dynamoDBx/type.go:67.16,69.3 1 0
webcrawler/pkg/awsx/dynamoDBx/type.go:72.2,73.26 1 0
webcrawler/pkg/awsx/dynamoDBx/type.go:73.26,79.3 1 0
webcrawler/pkg/awsx/dynamoDBx/type.go:81.2,87.8 2 0
webcrawler/pkg/awsx/dynamoDBx/type.go:90.54,113.16 3 0
webcrawler/pkg/awsx/dynamoDBx/type.go:113.16,115.3 1 0
webcrawler/pkg/awsx/dynamoDBx/type.go:117.2,139.16 3 0
webcrawler/pkg/awsx/dynamoDBx/type.go:139.16,141.3 1 0
webcrawler/pkg/awsx/dynamoDBx/type.go:143.2,143.12 1 0
webcrawler/pkg/awsx/dynamoDBx/update.go:11.94,13.16 2 0
webcrawler/pkg/awsx/dynamoDBx/update.go:13.16,15.3 1 0
webcrawler/pkg/awsx/dynamoDBx/update.go:16.2,16.65 1 0
webcrawler/pkg/awsx/dynamoDBx/update.go:16.65,19.3 2 0
webcrawler/pkg/awsx/dynamoDBx/update.go:19.8,21.3 1 0
webcrawler/pkg/awsx/dynamoDBx/update.go:23.2,28.16 5 0
webcrawler/pkg/awsx/dynamoDBx/update.go:28.16,30.3 1 0
webcrawler/pkg/awsx/dynamoDBx/update.go:31.2,35.12 2 0
webcrawler/pkg/config/fetch.go:25.22,27.16 2 0
webcrawler/pkg/config/fetch.go:27.16,29.3 1 0
webcrawler/pkg/config/fetch.go:30.2,32.16 3 0
webcrawler/pkg/config/fetch.go:32.16,34.3 1 0
webcrawler/pkg/config/fetch.go:36.2,43.39 2 0
webcrawler/pkg/config/fetch.go:43.39,45.17 2 0
webcrawler/pkg/config/fetch.go:45.17,47.12 2 0
webcrawler/pkg/config/fetch.go:49.3,49.43 1 0
webcrawler/pkg/config/fetch.go:51.2,51.13 1 0
webcrawler/pkg/config/fetch.go:54.45,57.16 2 1
webcrawler/pkg/config/fetch.go:57.16,60.3 2 0
webcrawler/pkg/config/fetch.go:62.2,63.18 2 1
webcrawler/pkg/awsx/queue/add.go:12.66,14.16 2 0
webcrawler/pkg/awsx/queue/add.go:14.16,16.3 1 0
webcrawler/pkg/awsx/queue/add.go:17.2,21.12 2 0
webcrawler/pkg/awsx/queue/add.go:23.74,25.27 2 0
webcrawler/pkg/awsx/queue/add.go:25.27,27.3 1 0
webcrawler/pkg/awsx/queue/add.go:28.2,28.33 1 0
webcrawler/pkg/awsx/queue/add.go:31.74,33.48 2 0
webcrawler/pkg/awsx/queue/add.go:33.48,35.26 2 0
webcrawler/pkg/awsx/queue/add.go:35.26,37.4 1 0
webcrawler/pkg/awsx/queue/add.go:38.3,41.29 3 0
webcrawler/pkg/awsx/queue/add.go:41.29,43.18 2 0
webcrawler/pkg/awsx/queue/add.go:43.18,45.5 1 0
webcrawler/pkg/awsx/queue/add.go:47.4,52.36 2 0
webcrawler/pkg/awsx/queue/add.go:55.3,60.17 2 0
webcrawler/pkg/awsx/queue/add.go:60.17,62.4 1 0
webcrawler/pkg/awsx/queue/add.go:64.2,64.12 1 0
webcrawler/pkg/awsx/queue/fetch.go:10.64,15.16 2 0
webcrawler/pkg/awsx/queue/fetch.go:15.16,17.3 1 0
webcrawler/pkg/awsx/queue/fetch.go:18.2,19.16 2 0
webcrawler/pkg/awsx/queue/fetch.go:19.16,21.3 1 0
webcrawler/pkg/awsx/queue/fetch.go:23.2,23.20 1 0
webcrawler/pkg/awsx/queue/fetch.go:26.75,28.40 2 0
webcrawler/pkg/awsx/queue/fetch.go:28.40,32.17 3 0
webcrawler/pkg/awsx/queue/fetch.go:32.17,34.4 1 0
webcrawler/pkg/awsx/queue/fetch.go:35.3,38.5 1 0
webcrawler/pkg/awsx/queue/fetch.go:40.2,40.20 1 0
webcrawler/pkg/awsx/queue/remove.go:9.75,15.2 2 0
webcrawler/pkg/awsx/queue/type.go:26.47,27.41 1 0
webcrawler/pkg/awsx/queue/type.go:27.41,28.102 1 0
webcrawler/pkg/awsx/queue/type.go:28.102,34.4 1 0
webcrawler/pkg/awsx/queue/type.go:36.2,39.3 1 0
webcrawler/pkg/awsx/queue/type.go:42.37,46.2 1 1
webcrawler/pkg/slice/array_to_slice.go:9.41,11.2 1 0
webcrawler/pkg/slice/array_to_slice.go:13.41,14.15 1 0
webcrawler/pkg/slice/array_to_slice.go:14.15,16.3 1 0
webcrawler/pkg/slice/array_to_slice.go:17.2,17.38 1 0
webcrawler/pkg/slice/deduplication.go:3.47,7.29 3 1
webcrawler/pkg/slice/deduplication.go:7.29,9.9 2 1
webcrawler/pkg/slice/deduplication.go:9.9,10.12 1 1
webcrawler/pkg/slice/deduplication.go:12.3,13.42 2 1
webcrawler/pkg/slice/deduplication.go:16.2,16.20 1 1
webcrawler/pkg/sqlx/type.go:15.47,22.2 3 0
webcrawler/cmd/spider/handler/flow.go:25.44,28.6 2 1
webcrawler/cmd/spider/handler/flow.go:28.6,29.10 1 1
webcrawler/cmd/spider/handler/flow.go:30.21,32.10 2 1
webcrawler/cmd/spider/handler/flow.go:33.11,34.46 1 1
webcrawler/cmd/spider/handler/flow.go:34.46,35.85 1 1
webcrawler/cmd/spider/handler/flow.go:35.85,38.6 2 1
webcrawler/cmd/spider/handler/flow.go:39.5,40.32 2 1
webcrawler/cmd/spider/handler/flow.go:46.58,48.16 2 1
webcrawler/cmd/spider/handler/flow.go:48.16,50.3 1 1
webcrawler/cmd/spider/handler/flow.go:52.2,55.21 3 1
webcrawler/cmd/spider/handler/flow.go:55.21,59.3 2 1
webcrawler/cmd/spider/handler/flow.go:61.2,64.29 3 1
webcrawler/cmd/spider/handler/flow.go:64.29,66.10 1 1
webcrawler/cmd/spider/handler/flow.go:67.21,69.20 2 0
webcrawler/cmd/spider/handler/flow.go:70.11,70.11 0 1
webcrawler/cmd/spider/handler/flow.go:73.3,76.23 3 1
webcrawler/cmd/spider/handler/flow.go:76.23,78.17 2 1
webcrawler/cmd/spider/handler/flow.go:78.17,78.32 1 1
webcrawler/cmd/spider/handler/flow.go:80.4,83.26 3 1
webcrawler/cmd/spider/handler/flow.go:87.2,88.12 2 1
webcrawler/cmd/spider/handler/flow.go:91.66,95.15 3 1
webcrawler/cmd/spider/handler/flow.go:95.15,98.3 2 1
webcrawler/cmd/spider/handler/flow.go:101.2,101.57 1 1
webcrawler/cmd/spider/handler/flow.go:101.57,106.3 4 1
webcrawler/cmd/spider/handler/flow.go:109.2,109.38 1 0
webcrawler/cmd/spider/handler/flow.go:109.38,114.3 4 0
webcrawler/cmd/spider/handler/flow.go:117.2,117.48 1 0
webcrawler/cmd/spider/handler/flow.go:117.48,122.3 4 0
webcrawler/cmd/spider/handler/flow.go:125.2,128.56 2 0
webcrawler/cmd/spider/handler/flow.go:128.56,131.3 2 0
webcrawler/cmd/spider/handler/flow.go:134.2,135.16 2 0
webcrawler/cmd/spider/handler/flow.go:135.16,139.3 2 0
webcrawler/cmd/spider/handler/flow.go:140.2,140.14 1 0
webcrawler/cmd/spider/handler/flow.go:140.14,145.3 4 0
webcrawler/cmd/spider/handler/flow.go:148.2,148.65 1 0
webcrawler/cmd/spider/handler/flow.go:148.65,149.28 1 0
webcrawler/cmd/spider/handler/flow.go:149.28,154.4 1 0
webcrawler/cmd/spider/handler/flow.go:154.9,160.4 3 0
webcrawler/cmd/spider/handler/flow.go:165.74,167.54 1 0
webcrawler/cmd/spider/handler/flow.go:167.54,169.3 1 0
webcrawler/cmd/spider/handler/flow.go:172.2,177.21 3 0
webcrawler/cmd/spider/handler/flow.go:180.86,186.52 4 0
webcrawler/cmd/spider/handler/flow.go:186.52,187.18 1 0
webcrawler/cmd/spider/handler/flow.go:187.18,194.11 3 0
webcrawler/cmd/spider/handler/flow.go:195.22,196.21 1 0
webcrawler/cmd/spider/handler/flow.go:197.29,197.29 0 0
webcrawler/cmd/spider/handler/flow.go:201.3,202.17 2 0
webcrawler/cmd/spider/handler/flow.go:202.17,203.9 1 0
webcrawler/cmd/spider/handler/flow.go:206.3,206.29 1 0
webcrawler/cmd/spider/handler/flow.go:206.29,208.4 1 0
webcrawler/cmd/spider/handler/flow.go:210.3,213.27 1 0
webcrawler/cmd/spider/handler/flow.go:216.2,216.16 1 0
webcrawler/cmd/spider/handler/flow.go:216.16,218.3 1 0
webcrawler/cmd/spider/handler/flow.go:221.2,222.16 2 0
webcrawler/cmd/spider/handler/flow.go:222.16,225.3 2 0
webcrawler/cmd/spider/handler/flow.go:226.2,228.24 2 0
webcrawler/cmd/spider/handler/flow.go:228.24,232.17 3 0
webcrawler/cmd/spider/handler/flow.go:232.17,235.4 1 0
webcrawler/cmd/spider/handler/flow.go:239.2,239.60 1 0
webcrawler/cmd/spider/handler/flow.go:239.60,241.3 1 0
webcrawler/cmd/spider/handler/flow.go:244.2,245.16 2 0
webcrawler/cmd/spider/handler/flow.go:245.16,248.3 2 0
webcrawler/cmd/spider/handler/flow.go:250.2,255.12 3 0
webcrawler/cmd/spider/handler/flow.go:259.50,261.27 2 0
webcrawler/cmd/spider/handler/flow.go:261.27,263.3 1 0
webcrawler/cmd/spider/handler/flow.go:265.2,267.23 3 0
webcrawler/cmd/spider/handler/flow.go:271.39,272.16 1 0
webcrawler/cmd/spider/handler/flow.go:272.16,274.3 1 0
webcrawler/cmd/spider/handler/flow.go:276.2,279.46 2 0
webcrawler/cmd/spider/handler/flow.go:279.46,281.3 1 0
webcrawler/cmd/spider/handler/flow.go:284.2,284.38 1 0
webcrawler/cmd/spider/handler/flow.go:284.38,286.3 1 0
webcrawler/cmd/spider/handler/flow.go:289.2,300.44 2 0
webcrawler/cmd/spider/handler/flow.go:300.44,302.72 1 0
webcrawler/cmd/spider/handler/flow.go:302.72,304.4 1 0
webcrawler/cmd/spider/handler/flow.go:307.2,307.14 1 0
webcrawler/cmd/spider/handler/flow.go:311.38,312.16 1 0
webcrawler/cmd/spider/handler/flow.go:312.16,314.3 1 0
webcrawler/cmd/spider/handler/flow.go:316.2,318.41 2 0
webcrawler/cmd/spider/handler/flow.go:318.41,320.3 1 0
webcrawler/cmd/spider/handler/flow.go:321.2,321.78 1 0
webcrawler/cmd/spider/handler/flow.go:321.78,323.3 1 0
webcrawler/cmd/spider/handler/flow.go:324.2,324.78 1 0
webcrawler/cmd/spider/handler/flow.go:324.78,326.3 1 0
webcrawler/cmd/spider/handler/flow.go:327.2,327.84 1 0
webcrawler/cmd/spider/handler/flow.go:327.84,329.3 1 0
webcrawler/cmd/spider/handler/flow.go:330.2,330.44 1 0
webcrawler/cmd/spider/handler/flow.go:330.44,332.3 1 0
webcrawler/cmd/spider/handler/flow.go:333.2,333.37 1 0
webcrawler/cmd/spider/handler/flow.go:333.37,335.3 1 0
webcrawler/cmd/spider/handler/flow.go:337.2,337.16 1 0
webcrawler/cmd/spider/handler/flow.go:340.42,342.16 2 1
webcrawler/cmd/spider/handler/flow.go:342.16,344.3 1 0
webcrawler/cmd/spider/handler/flow.go:345.2,345.26 1 1
webcrawler/cmd/spider/handler/rpc.go:20.58,22.23 1 0
webcrawler/cmd/spider/handler/rpc.go:25.42,29.2 1 1
webcrawler/cmd/spider/handler/rpc.go:31.122,34.32 2 1
webcrawler/cmd/spider/handler/rpc.go:34.32,36.3 1 1
webcrawler/cmd/spider/handler/rpc.go:39.2,40.16 2 1
webcrawler/cmd/spider/handler/rpc.go:40.16,42.3 1 1
webcrawler/cmd/spider/handler/rpc.go:45.2,46.34 2 1
webcrawler/cmd/spider/handler/rpc.go:46.34,48.3 1 1
webcrawler/cmd/spider/handler/rpc.go:50.2,51.29 2 1
webcrawler/cmd/spider/handler/rpc.go:51.29,56.3 1 1
webcrawler/cmd/spider/handler/rpc.go:58.2,60.8 1 1
webcrawler/cmd/spider/handler/rpc.go:63.119,64.6 1 1
webcrawler/cmd/spider/handler/rpc.go:64.6,67.20 2 1
webcrawler/cmd/spider/handler/rpc.go:67.20,70.4 1 1
webcrawler/cmd/spider/handler/rpc.go:71.3,71.17 1 1
webcrawler/cmd/spider/handler/rpc.go:71.17,73.4 1 1
webcrawler/cmd/spider/handler/rpc.go:76.3,77.17 2 1
webcrawler/cmd/spider/handler/rpc.go:77.17,79.4 1 1
webcrawler/cmd/spider/handler/rpc.go:81.3,81.45 1 1
webcrawler/cmd/spider/handler/rpc.go:81.45,83.4 1 1
webcrawler/cmd/spider/handler/rpc.go:84.3,84.34 1 1
webcrawler/cmd/spider/handler/type.go:22.52,31.2 1 1
webcrawler/cmd/spider/handler/type.go:34.26,35.26 1 1
webcrawler/cmd/spider/handler/type.go:35.26,37.3 1 1
webcrawler/cmd/spider/handler/type.go:38.2,38.26 1 1
webcrawler/cmd/spider/handler/type.go:38.26,40.3 1 1
webcrawler/cmd/spider/handler/type.go:41.2,41.28 1 1
webcrawler/cmd/spider/handler/type.go:41.28,43.3 1 1
